Построение начато 12.01.2025 19:09:48.
     1>Проект "D:\Git\SoloProjects\server\winproject\masterserver\masterserver.vcxproj" в узле 2 (целевые объекты build).
     1>InitializeBuildStatus:
         Создание "Debug\masterserver.unsuccessfulbuild", так как было задано "AlwaysCreate".
       ClCompile:
         Для всех выходных данных обновления не требуется.
         C:\Program Files (x86)\Microsoft Visual Studio 10.0\VC\bin\CL.exe /c /I../../protocol /I../../common/include /I../../thirdparty/tinyxml2 /I"../../thirdparty/protobuf-2.5.0/include" /I../../share /I../../thirdparty/tsf4g_lib/include /I../../thirdparty /I../../masterserver /I"../../thirdparty/curl-7.40.0/include" /I"../../thirdparty/liboauth-0.9.4/src" /I"../../thirdparty/lua-5.1.4/src" /I../../thirdparty/toluapp/include /ZI /nologo /W3 /WX- /MP /Od /Oy- /D _SCL_SECURE_NO_WARNINGS /D _CRT_SECURE_NO_WARNINGS /D WIN32 /D _DEBUG /D _CONSOLE /D _MBCS /Gm /EHsc /RTC1 /MDd /GS /fp:precise /Zc:wchar_t /Zc:forScope /Yu"pch.h" /Fp"Debug\masterserver.pch" /Fo"Debug\\" /Fd"D:\Git\SoloProjects\server\winproject\masterserver\..\..\exe\vc100.pdb" /Gd /TP /analyze- /errorReport:prompt ..\..\masterserver\custombattle\custombattlerolemgr.cpp /bigobj  /Zm200 
         custombattlerolemgr.cpp
         Для всех выходных данных обновления не требуется.
       Link:
         C:\Program Files (x86)\Microsoft Visual Studio 10.0\VC\bin\link.exe /ERRORREPORT:PROMPT /OUT:"D:\Git\SoloProjects\server\winproject\masterserver\..\..\exe\masterserver.exe" /INCREMENTAL /NOLOGO /LIBPATH:../../lib /LIBPATH:../../thirdparty/mysql/lib/vs10/ /LIBPATH:"../../thirdparty/curl-7.40.0/lib" /LIBPATH:"../../thirdparty/lua-5.1.4/lib" /LIBPATH:../../thirdparty/toluapp/lib common.lib ws2_32.lib libprotobuf.lib libiconv.lib zlib.lib mysqlclient.lib mysql.lib iocp.lib libcurl.lib toluapp.lib lua51.lib kernel32.lib user32.lib gdi32.lib winspool.lib comdlg32.lib advapi32.lib shell32.lib ole32.lib oleaut32.lib uuid.lib odbc32.lib odbccp32.lib /NODEFAULTLIB:LIBCMTD.lib /MANIFEST /ManifestFile:"Debug\masterserver.exe.intermediate.manifest" /MANIFESTUAC:"level='asInvoker' uiAccess='false'" /DEBUG /PDB:"D:\Git\SoloProjects\server\exe\masterserver.pdb" /SUBSYSTEM:CONSOLE /TLBID:1 /DYNAMICBASE /NXCOMPAT /IMPLIB:"D:\Git\SoloProjects\server\winproject\masterserver\..\..\exe\masterserver.lib" /MACHINE:X86 Debug\accountkick.obj
         Debug\accountkicklistener.obj
         Debug\punishmgr.obj
         Debug\arenastarbase.obj
         Debug\arenastardata.obj
         Debug\arenastardb.obj
         Debug\arenastarmgr.obj
         Debug\arenamgr.obj
         Debug\auctionbase.obj
         Debug\auctioncart.obj
         Debug\auctiondbhandler.obj
         Debug\auctionmgr.obj
         Debug\auctionrequest.obj
         Debug\traderecord.obj
         Debug\battlefieldmgr.obj
         Debug\chatmgr.obj
         Debug\fmmgr.obj
         Debug\competedragonconfig.obj
         Debug\config.obj
         Debug\crosszonestatus.obj
         Debug\custombattlecreate.obj
         Debug\custombattlecreatebase.obj
         Debug\custombattlecreateworld.obj
         Debug\custombattledropsystem.obj
         Debug\custombattlegshandle.obj
         Debug\custombattlejoinsystem.obj
         Debug\custombattlejoinworld.obj
         Debug\custombattlematch.obj
         Debug\custombattlejoin.obj
         Debug\custombattlemgr.obj
         Debug\custombattlemodify.obj
         Debug\custombattlemsmatcher.obj
         Debug\custombattlequery.obj
         Debug\custombattlereward.obj
         Debug\custombattlerewardsystem.obj
         Debug\custombattlerewardworld.obj
         Debug\custombattlerole.obj
         Debug\custombattlerolemgr.obj
         Debug\custombattlesearch.obj
         Debug\custombattleunjoin.obj
         Debug\custombattleunjoinsystem.obj
         Debug\custombattleunjoinworld.obj
         Debug\custombattleunmatch.obj
         Debug\custombattleworldhandle.obj
         Debug\mysqlmgr.obj
         Debug\dragonguild.obj
         Debug\dragonguildapps.obj
         Debug\dragonguildbase.obj
         Debug\dragonguildbindinfo.obj
         Debug\dragonguildliveness.obj
         Debug\dragonguildmgr.obj
         Debug\dragonguildshop.obj
         Debug\dragonguildsorter.obj
         Debug\dragonguildtask.obj
         Debug\activitymailmgr.obj
         Debug\eventmgr.obj
         Debug\firstpassconfig.obj
         Debug\firstpassmgr.obj
         Debug\forbidwordmgr.obj
         Debug\friend.obj
         Debug\friendconfig.obj
         Debug\friendmgr.obj
         Debug\friendop.obj
         Debug\friendrecord.obj
         Debug\garden.obj
         Debug\garden_banquet.obj
         Debug\garden_config.obj
         Debug\garden_cooking.obj
         Debug\garden_fish.obj
         Debug\garden_manager.obj
         Debug\garden_plant.obj
         Debug\garden_utility.obj
         Debug\guild_garden_plant.obj
         Debug\GlobalConfigDBBuild.obj
         Debug\gmfbase.obj
         Debug\guildmatchfightmgr.obj
         Debug\goalawardsmgr.obj
         Debug\groupchatmgr.obj
         Debug\guildauctbase.obj
         Debug\guildauctdbhandler.obj
         Debug\guildauctmgr.obj
         Debug\guildauctrequest.obj
         Debug\guildcastlebase.obj
         Debug\guildcastlemgr.obj
         Debug\guildcastlerequest.obj
         Debug\guild.obj
         Debug\guildactivity.obj
         Debug\guildapps.obj
         Debug\guildarena.obj
         Debug\guildbindgrouphelper.obj
         Debug\guildbindinfo.obj
         Debug\guildbonus.obj
         Debug\guildboss.obj
         Debug\guildcamp.obj
         Debug\guildcamprank.obj
         Debug\guildcard.obj
         Debug\guildcardmatch.obj
         Debug\guildcheckin.obj
         Debug\guilddonate.obj
         Debug\guildfatigue.obj
         Debug\guildgoblin.obj
         Debug\guildhistory.obj
         Debug\guildinherit.obj
         Debug\guildladder.obj
         Debug\guildmgr.obj
         Debug\guildsorter.obj
         Debug\guildterritorybattle.obj
         Debug\guildwage.obj
         Debug\guild_garden.obj
         Debug\herobattlemgr.obj
         Debug\createbindtask.obj
         Debug\getgroupdetailtask.obj
         Debug\getgrouprelation.obj
         Debug\getlistsubscribe.obj
         Debug\httptaskmgr.obj
         Debug\joingrouptask.obj
         Debug\multipushtask.obj
         Debug\ordercreate.obj
         Debug\paybuygoods.obj
         Debug\payconsume.obj
         Debug\paynotify.obj
         Debug\paysend.obj
         Debug\pushsubscribe.obj
         Debug\pushtask.obj
         Debug\qqgrouptaskbase.obj
         Debug\repairorder.obj
         Debug\reportdata.obj
         Debug\setsubscribe.obj
         Debug\singlepushtask.obj
         Debug\subscribetask.obj
         Debug\unlinkgrouptask.obj
         Debug\accountbanmgr.obj
         Debug\banofflinerank_handler.obj
         Debug\idipproc.obj
         Debug\ms_aqqueryopenidinfo_handler.obj
         Debug\ms_banplay_handler.obj
         Debug\ms_clearchat_handler.obj
         Debug\ms_clearfightpunish_handler.obj
         Debug\ms_consumetogame_handler.obj
         Debug\ms_controlfunction_handler.obj
         Debug\ms_delitemx_handler.obj
         Debug\ms_delitem_handler.obj
         Debug\ms_dellampnotice_handler.obj
         Debug\ms_doactiveachievement_handler.obj
         Debug\ms_doidipred_handler.obj
         Debug\ms_doxinyuered_handler.obj
         Debug\ms_initialaccount_handler.obj
         Debug\ms_itemchange_handler.obj
         Debug\ms_nameact_handler.obj
         Debug\ms_punish_handler.obj
         Debug\ms_query1v1rank_handler.obj
         Debug\ms_querybadge_handler.obj
         Debug\ms_querybag_handler.obj
         Debug\ms_querybossbattle_handler.obj
         Debug\ms_querybaninfo_handler.obj
         Debug\ms_queryfashioncompose_handler.obj
         Debug\ms_queryfashion_handler.obj
         Debug\ms_queryfightpunish_handler.obj
         Debug\ms_queryguildinfoback_handler.obj
         Debug\ms_queryguildinfox_handler.obj
         Debug\ms_queryguildmember_handler.obj
         Debug\ms_queryguildtask_handler.obj
         Debug\ms_queryhorseinfo_handler.obj
         Debug\ms_queryitemidtoname_handler.obj
         Debug\ms_queryitem_handler.obj
         Debug\ms_querylampnotice_handler.obj
         Debug\ms_querymail_handler.obj
         Debug\ms_querynotice_handler.obj
         Debug\ms_querypunishinfo_handler.obj
         Debug\ms_queryreverserole_handler.obj
         Debug\ms_queryroleinfo_handler.obj
         Debug\ms_queryspriteinfo_handler.obj
         Debug\ms_queryuserinfo_handler.obj
         Debug\ms_queryweekuserinfo_handler.obj
         Debug\ms_relievepunish_handler.obj
         Debug\ms_senditem_handler.obj
         Debug\ms_sendlampnotice_handler.obj
         Debug\ms_sendmail_handler.obj
         Debug\ms_sendmessage_handler.obj
         Debug\ms_sendnotice_handler.obj
         Debug\ms_sendpersonmail_hanlder.obj
         Debug\ms_unmask_handler.obj
         Debug\ms_unpunish_handler.obj
         Debug\ms_updatearenacoin_handler.obj
         Debug\ms_updatediamond_handler.obj
         Debug\ms_updatedragoncoin_handler.obj
         Debug\ms_updateexp_handler.obj
         Debug\ms_updatefatigue_handler.obj
         Debug\ms_updategold_handler.obj
         Debug\ms_updateguildinfo_handler.obj
         Debug\ms_updateguildname_handler.obj
         Debug\ms_updatename_handler.obj
         Debug\ms_updatescore_handler.obj
         Debug\ms_whitelist_handler.obj
         Debug\ms_xinyuerpay_handler.obj
         Debug\ms_zeroprofit_handler.obj
         Debug\platnotice.obj
         Debug\queryguildinfo_handler.obj
         Debug\queryguildnotice_handler.obj
         Debug\setguildnotice.obj
         Debug\invfightcrossmgr.obj
         Debug\invfightcrossrequest.obj
         Debug\invfightmgr.obj
         Debug\invfightrequest.obj
         Debug\leaguebattlematchmgr.obj
         Debug\leaguecrosselimgr.obj
         Debug\leagueseasonmgr.obj
         Debug\leagueeliminationmgr.obj
         Debug\leagueutil.obj
         Debug\crossleagueteammgr.obj
         Debug\leagueteam.obj
         Debug\leagueteambase.obj
         Debug\leagueteambattlerecord.obj
         Debug\leagueteammgr.obj
         Debug\liveconfig.obj
         Debug\livemanager.obj
         Debug\levelsealMgr.obj
         Debug\loghelper.obj
         Debug\reportdatamgr.obj
         Debug\tlogr.obj
         Debug\mailconfig.obj
         Debug\maildata.obj
         Debug\mailfunctor.obj
         Debug\mailmgr.obj
         Debug\main.obj
         Debug\marriage.obj
         Debug\marriagemgr.obj
         Debug\marriagemsg.obj
         Debug\marriagerelationmgr.obj
         Debug\wedding.obj
         Debug\weddingmgr.obj
         Debug\weddingrole.obj
         Debug\matchmgr.obj
         Debug\matchother.obj
         Debug\matchrequest.obj
         Debug\mayhemmgr.obj
         Debug\mentorconfig.obj
         Debug\mentormgr.obj
         Debug\mentormsg.obj
         Debug\mentoroneside.obj
         Debug\mentorrelationlist.obj
         Debug\mentorrelationmgr.obj
         Debug\mentortask.obj
         Debug\military_manager.obj
         Debug\mobabattlemgr.obj
         Debug\mobarecordmgr.obj
         Debug\mobarecord.obj
         Debug\nestweekmgr.obj
         Debug\controllink.obj
         Debug\cslink.obj
         Debug\dblink.obj
         Debug\fmlink.obj
         Debug\gatelink.obj
         Debug\gmlink.obj
         Debug\gmtoollink.obj
         Debug\gslink.obj
         Debug\loginlink.obj
         Debug\rslink.obj
         Debug\teamlink.obj
         Debug\weblink.obj
         Debug\worldlink.obj
         Debug\notice.obj
         Debug\noticemgr.obj
         Debug\npcfeelingmgr.obj
         Debug\matchhandler.obj
         Debug\openserverdatemgr.obj
         Debug\servercrossdatamgr.obj
         Debug\serverinfomgr.obj
         Debug\partner.obj
         Debug\partnerbase.obj
         Debug\partnerliveness.obj
         Debug\partnermgr.obj
         Debug\partnershop.obj
         Debug\ibgiftmgr.obj
         Debug\payconsumemgr.obj
         Debug\paymgr.obj
         Debug\SnsSigCheck.obj
         Debug\pkmgr.obj
         Debug\pkopenmgr.obj
         Debug\platformfriendmgr.obj
         Debug\platforminfofunctor.obj
         Debug\cardmatchmgr.obj
         Debug\process.obj
         Debug\msprofiler.obj
         Debug\rpco2m_gmtoolcommand2ms.obj
         Debug\ptcg2m_reportcustombattleresult.obj
         Debug\rpcc2m_getdragonguildliveness.obj
         Debug\rpcm2g_createdragonguildcost.obj
         Debug\rpcm2g_getrolepower.obj
         Debug\rpcc2m_addfriendnew.obj
         Debug\rpcm2n_gmdowhitelist.obj
         Debug\rpcc2m_leavefromguild.obj
         Debug\ptcg2m_rolelogin.obj
         Debug\ptcg2m_rolelogout.obj
         Debug\rpcc2m_fetchmail.obj
         Debug\rpcc2m_mailop.obj
         Debug\rpcm2g_checkmarriagecouple.obj
         Debug\rpcc2m_changenamenew.obj
         Debug\rpcm2g_changenamegs.obj
         Debug\rpcm2n_createbattlescene.obj
         Debug\sendonly.obj
         Debug\ptcg2m_tarjainfontf.obj
         Debug\ptcregister.obj
         Debug\rpcg2m_registergs2ms.obj
         Debug\rpct2m_registergt2ms.obj
         Debug\pushconfig.obj
         Debug\pushhandler.obj
         Debug\pushmgr.obj
         Debug\pushsubscribemgr.obj
         Debug\xingepushmgr.obj
         Debug\qamgr.obj
         Debug\QARoom.obj
         Debug\pvpmgr.obj
         Debug\arenaranklist.obj
         Debug\biohelllranklist.obj
         Debug\briefranklist.obj
         Debug\competedragonranklist.obj
         Debug\crossleagueranklist.obj
         Debug\deprogressrank.obj
         Debug\firstpassranklist.obj
         Debug\flowerranklist.obj
         Debug\guildbossrank.obj
         Debug\guildcastleranklist.obj
         Debug\herobattleranklist.obj
         Debug\leagueranklist.obj
         Debug\military_ranklist.obj
         Debug\nestweekranklist.obj
         Debug\petranklist.obj
         Debug\pkranklist.obj
         Debug\ranklist.obj
         Debug\ranklistmgr.obj
         Debug\saverankpolicy.obj
         Debug\skycityranklist.obj
         Debug\skycraftranklist.obj
         Debug\spriteranklist.obj
         Debug\surviveranklist.obj
         Debug\towerranklist.obj
         Debug\tshowvoteranklist.obj
         Debug\worldbossguildranklist.obj
         Debug\worldbossranklist.obj
         Debug\rolereport.obj
         Debug\reportmgr.obj
         Debug\rolereporthandler.obj
         Debug\guildbuffmgr.obj
         Debug\reswarmgr.obj
         Debug\activerolerecord.obj
         Debug\bag.obj
         Debug\crossrolesummarymgr.obj
         Debug\role.obj
         Debug\rolefindercondition.obj
         Debug\rolemanager.obj
         Debug\rolesummary.obj
         Debug\rolesummarymgr.obj
         Debug\gsmanager.obj
         Debug\lineselector.obj
         Debug\ownerscenes.obj
         Debug\scene.obj
         Debug\sceneconfig.obj
         Debug\scenecreate.obj
         Debug\scenemanager.obj
         Debug\sceneswitch.obj
         Debug\shmmsmgr.obj
         Debug\skycitymgr.obj
         Debug\skycraftelidata.obj
         Debug\skycraftelimgr.obj
         Debug\skycraftmatchmgr.obj
         Debug\skyteam.obj
         Debug\skyteambase.obj
         Debug\skyteammgr.obj
         Debug\skyteamrecord.obj
         Debug\flower.obj
         Debug\flowerop.obj
         Debug\social.obj
         Debug\socialmgr.obj
         Debug\socialop.obj
         Debug\tshow.obj
         Debug\spactivitymgr.obj
         Debug\survivemgr.obj
         Debug\ArenaNpcTable.obj
         Debug\auctionconfig.obj
         Debug\ConsumeRebateMgr.obj
         Debug\DragonExpRankMgr.obj
         Debug\ExcelReader.obj
         Debug\guildauctconfig.obj
         Debug\guildConfig.obj
         Debug\guildSkillConfig.obj
         Debug\ItemConfigMgr.obj
         Debug\MultActivityMgr.obj
         Debug\OpenSystemMgr.obj
         Debug\PetConfigMgr.obj
         Debug\PlayerLevelManager.obj
         Debug\ProfessionMgr.obj
         Debug\SpriteConfigMgr.obj
         Debug\StringTableMgr.obj
         Debug\roletask.obj
         Debug\roletaskmgr.obj
         Debug\robotsummarymgr.obj
         Debug\tarjateammgr.obj
         Debug\team.obj
         Debug\teamforceop.obj
         Debug\teamhandler.obj
         Debug\teaminvitemgr.obj
         Debug\teammatchmgr.obj
         Debug\teammember.obj
         Debug\teammgr.obj
         Debug\teamrequest.obj
         Debug\teamstartbattle.obj
         Debug\teamsynextradata.obj
         Debug\teamtranshandler.obj
         Debug\rank_test.obj
         Debug\testregister.obj
         Debug\tolua_file.obj
         Debug\tolua_global.obj
         Debug\MsTssHandler.obj
         Debug\reloadmgr.obj
         Debug\worldbossline.obj
         Debug\worldbossmgr.obj
         Debug\enum.pb.obj
         Debug\project.pb.obj
         Debug\rpcm2d_readaccountdata.obj
         Debug\rpcm2d_readroledata.obj
         Debug\rpcp2m_gmhttpcommandnew.obj
         Debug\rpcm2g_gshttpcommandnew.obj
         Debug\appid.obj
         Debug\roleopdelay.obj
         Debug\roleoprecordmgr.obj
         Debug\itemdropconfig.obj
         Debug\custombattle.obj
         Debug\custombattleconfig.obj
         Debug\custombattlegenerator.obj
         Debug\custombattlematcher.obj
         Debug\custombattlematcherpk.obj
         Debug\custombattlematcherpktwo.obj
         Debug\custombattlepk.obj
         Debug\custombattlerandom.obj
         Debug\custombattlesystem.obj
         Debug\DBInfo.obj
         Debug\itemdef.obj
         Debug\guildcardmgr.obj
         Debug\HashUtil.obj
         Debug\idiperrdesc.obj
         Debug\idiphandler.obj
         Debug\rpcm2d_mssaveroledata.obj
         Debug\ptcg2m_updaterolesummary.obj
         Debug\rpcm2d_msgetallrole.obj
         Debug\ptcg2m_scenedestroyed.obj
         Debug\rpcc2m_chat.obj
         Debug\rpcm2g_chatcansend.obj
         Debug\ptcg2m_noticeforwardntf.obj
         Debug\ptcg2m_syncliveinfotoms.obj
         Debug\rpcg2m_getwatchinfobytype.obj
         Debug\rpcg2m_enterwatchbattlems.obj
         Debug\ptcg2m_rolesfinishscenetomaster.obj
         Debug\ptcg2m_sceneendtomaster.obj
         Debug\crossleagueteam.obj
         Debug\leagueeledata.obj
         Debug\leagueelemgrbase.obj
         Debug\leaguematchbase.obj
         Debug\leagueseasonbase.obj
         Debug\expmatchunit.obj
         Debug\matchbase.obj
         Debug\matchlimit.obj
         Debug\matchmachine.obj
         Debug\matchmgrbase.obj
         Debug\matchunit.obj
         Debug\matchunitmgr.obj
         Debug\profiler.obj
         Debug\reportdatabase.obj
         Debug\reswarpvemgr.obj
         Debug\rolesummarybase.obj
         Debug\luastate.obj
         Debug\scriptmgr.obj
         Debug\servercrossdatamgrbase.obj
         Debug\sharememory.obj
         Debug\shmkey.obj
         Debug\shmkv.obj
         Debug\skycityconfig.obj
         Debug\skycraftseasonbase.obj
         Debug\backflowtablemgr.obj
         Debug\designationcfg.obj
         Debug\dragonguildtablemgr.obj
         Debug\leaguematchtablemgr.obj
         Debug\marriagetablemgr.obj
         Debug\partnertablemgr.obj
         Debug\prerogativemgr.obj
         Debug\skycrafttablemgr.obj
         Debug\XEntityInfoLibrary.obj
         Debug\expeditionconfigmgr.obj
         Debug\globalconfig.obj
         Debug\MultActivityMgrBase.obj
         Debug\teambase.obj
         Debug\teamcommon.obj
         Debug\teammemberbase.obj
         Debug\testmgr.obj
         Debug\tlogwriter.obj
         Debug\tss_sdk_import.obj
         Debug\roledatafields.obj
         Debug\sqlbuilder.obj
         Debug\gametime.obj
         Debug\gettimeofday.obj
         Debug\jsonutil.obj
         Debug\timespecificmgr.obj
         Debug\UtilEncode.obj
         Debug\XCommon.obj
         Debug\XRandom.obj
         Debug\ptcc2m_loadofflinechatntf.obj
         Debug\ptcc2m_friendqueryreportnew.obj
         Debug\rpcc2m_doaddfriendnew.obj
         Debug\rpcc2m_removefriendnew.obj
         Debug\rpcc2m_addblacklistnew.obj
         Debug\rpcc2m_removeblacklistnew.obj
         Debug\rpcc2m_friendgiftopnew.obj
         Debug\rpcc2m_randomfriendwaitlistnew.obj
         Debug\rpcg2m_inclevelsealbosscount.obj
         Debug\ptcc2m_blacklistreportnew.obj
         Debug\ptcg2m_reportwatchntf.obj
         Debug\ptcg2m_gmlevelsealinfo.obj
         Debug\ptcg2m_addmailgs.obj
         Debug\rpcm2g_noticeguildbossdoendtogsn.obj
         Debug\ptcc2m_rolestatereportnew.obj
         Debug\ptcg2m_gmsendchat.obj
         Debug\ptcg2m_addguildbossattr.obj
         Debug\ptcg2m_firstenterscenentf.obj
         Debug\rpcm2i_registerms2login.obj
         Debug\ptcg2m_gmsetguildbosstime.obj
         Debug\ptcg2m_synscenerewardg2m.obj
         Debug\ptcg2m_noticeguildbossdie.obj
         Debug\ptcg2m_createguildbosssingle.obj
         Debug\ptcg2m_worldbosssyncms.obj
         Debug\rpcc2m_getworldbossstatenew.obj
         Debug\rpcc2m_getworldbosstimeleft.obj
         Debug\ptcg2m_reloadversionntf.obj
         Debug\rpcg2m_mscommendfirstpass.obj
         Debug\rpcg2m_getrankinfo.obj
         Debug\rpcc2m_showflowerpagenew.obj
         Debug\rpcg2m_msgetflwoerrankreward.obj
         Debug\rpcg2m_mssendflower.obj
         Debug\rpcc2m_msgetflowerrewardlist.obj
         Debug\rpcm2g_getflowerrewardstate.obj
         Debug\rpcc2m_fetchteamlistc2m.obj
         Debug\rpcm2g_teamsynm2c.obj
         Debug\rpcc2m_invhistoryc2mreq.obj
         Debug\ptcc2m_teaminviteackc2m.obj
         Debug\rpcc2m_teamrequestc2m.obj
         Debug\rpcm2g_teamstartbattlem2g.obj
         Debug\rpcm2g_teamrequestm2g.obj
         Debug\ptcc2m_fmbrefusec2m.obj
         Debug\rpcg2m_pvpallg2mreq.obj
         Debug\rpcc2m_clientqueryranklistntf.obj
         Debug\rpcg2m_gmcommandg2m.obj
         Debug\rpcm2g_msusesummaryreq.obj
         Debug\ptcg2m_teameventnotify.obj
         Debug\rpcm2g_teamchangeexpcheck.obj
         Debug\rpcg2m_updatemsranklist.obj
         Debug\rpcg2m_pkrankreq.obj
         Debug\rpcc2m_pkreqc2m.obj
         Debug\rpcm2g_pkreqm2g.obj
         Debug\rpcc2m_clearprivatechatlist.obj
         Debug\rpcc2m_askguildbriefinfo.obj
         Debug\rpcc2m_createorenterguild.obj
         Debug\rpcm2g_createguildcost.obj
         Debug\rpcc2m_auctionallreq.obj
         Debug\rpcm2g_auctionallm2greq.obj
         Debug\rpcm2g_enterguildpower.obj
         Debug\rpcc2m_reqguildlist.obj
         Debug\rpcc2m_derankreq.obj
         Debug\rpcc2m_worldbossend.obj
         Debug\version.obj
         Debug\WebFetchThread.obj
         Debug\rpcc2m_reqguildbossinfo.obj
         Debug\rpcc2m_askguildmembers.obj
         Debug\ptcg2m_deprogresssyn.obj
         Debug\rpcc2m_askguildskillinfonew.obj
         Debug\rpcc2m_studyguildskillnew.obj
         Debug\rpcg2m_opguildreqdata.obj
         Debug\rpcm2g_startarenags.obj
         Debug\ptcg2m_getmaxtitlentf.obj
         Debug\rpcm2g_reqguilddarerewardrec.obj
         Debug\rpcg2m_checkguilddarereward.obj
         Debug\rpcg2m_endareanms.obj
         Debug\ptcg2m_reqguildsimpledata.obj
         Debug\rpcm2g_reqroleguildskill.obj
         Debug\rpcc2m_mtshowtoplist.obj
         Debug\rpcc2m_getguildbosstimeleft.obj
         Debug\rpcc2m_fetchguildapp.obj
         Debug\rpcc2m_guildapprovalnew.obj
         Debug\rpcg2m_mguildbonusoperatereq.obj
         Debug\rpcc2m_changeguildsettingnew.obj
         Debug\ptcg2m_synguildbosshurt.obj
         Debug\rpcm2g_reqguildactivity.obj
         Debug\ptcg2m_synaddguildactivity.obj
         Debug\rpcc2m_getguildcheckinrecordsnew.obj
         Debug\rpcc2m_guildcheckinnew.obj
         Debug\rpcc2m_queryguildcheckinnew.obj
         Debug\rpcm2g_reqguildcheckin.obj
         Debug\rpcm2g_noticeguildcheckin.obj
         Debug\rpcg2m_notifycheckinbox.obj
         Debug\rpcg2m_guildcardsyncms.obj
         Debug\rpcm2g_reqrecvfatigue.obj
         Debug\rpcc2m_guildfatigueopnew.obj
         Debug\rpcc2m_fetchguildhistorynew.obj
         Debug\rpcc2m_changememberpositionnew.obj
         Debug\ptcc2m_gmfjoinbattlec2mres.obj
         Debug\ptcg2m_gmfupdatedatag2m.obj
         Debug\rpcm2g_designationeventreq.obj
         Debug\rpcc2m_getotherguildbriefnew.obj
         Debug\rpcc2m_askguildarenainfonew.obj
         Debug\rpcc2m_askguildarenateaminfonew.obj
         Debug\rpcc2m_adjustguildarenaroleposnew.obj
         Debug\rpcc2m_guildarenasimpledeploynew.obj
         Debug\ptcg2m_synguildcontribute.obj
         Debug\rpcm2d_dbreload.obj
         Debug\rpcm2g_gsreload.obj
         Debug\rpcg2m_reqguildladderreward.obj
         Debug\rpcc2m_reqguildladderinfo.obj
         Debug\rpcc2m_reqguildladderrnakinfo.obj
         Debug\rpcm2g_msconsumeitems.obj
         Debug\rpcc2m_fetchplantinfo.obj
         Debug\rpcc2m_startplant.obj
         Debug\rpcc2m_plantcultivation.obj
         Debug\rpcc2m_plantharvest.obj
         Debug\rpcc2m_tryfish.obj
         Debug\rpcc2m_friendgardenplantlog.obj
         Debug\rpcc2m_gardencookingfood.obj
         Debug\rpcc2m_skycityenter.obj
         Debug\ptcc2m_guildcardrankreq.obj
         Debug\ptcg2m_notifyscenepkwin.obj
         Debug\ptcc2m_guildcardmatchreq.obj
         Debug\ptcg2m_skycityteamresultntf.obj
         Debug\ptcc2m_openprivatechatntf.obj
         Debug\rpcg2m_enterqaroom.obj
         Debug\rpcg2m_createguildqaroom.obj
         Debug\ptcc2m_commitanswerntf.obj
         Debug\ptcc2m_giveupqaquestionntf.obj
         Debug\rpcc2m_getqadatareq.obj
         Debug\ptcg2m_gmcloseqaroom.obj
         Debug\rpcc2m_reqguildrankinfo.obj
         Debug\rpcc2m_getguildbindinfo.obj
         Debug\rpcc2m_guildbindgroup.obj
         Debug\rpcc2m_guildjoinbindgroup.obj
         Debug\rpcc2m_guildunbindgroup.obj
         Debug\rpcc2m_gmfjoinreq.obj
         Debug\ptcg2m_broadcast.obj
         Debug\rpcc2m_gardenbanquet.obj
         Debug\rpcm2g_gardenplayevent.obj
         Debug\rpcc2m_gardenoverview.obj
         Debug\rpcm2g_gardenplantchangestage.obj
         Debug\rpcm2g_getguildladderrewardtime.obj
         Debug\rpcc2m_gardenbanquetaward.obj
         Debug\rpcc2m_activecookbook.obj
         Debug\rpcc2m_gardenfishinfo.obj
         Debug\rpcc2m_paynotify.obj
         Debug\rpcc2m_gardensteal.obj
         Debug\rpcc2m_gardenexpelsprite.obj
         Debug\ptcc2m_syncplatfriend2ms.obj
         Debug\rpcc2m_reqplatfriendranklist.obj
         Debug\rpcm2s_m2sreqplatuserinfo.obj
         Debug\rpcm2s_m2sloginandoutsync.obj
         Debug\rpcm2s_m2ssendgift2platfriend.obj
         Debug\rpcs2m_s2msendgift2platfriend.obj
         Debug\rpcc2m_sendgift2platfriend.obj
         Debug\rpcm2g_queryrolecardmatch.obj
         Debug\rpcc2m_askguildwageinfo.obj
         Debug\rpcc2m_getguildwagereward.obj
         Debug\rpcc2m_opengardenfarmland.obj
         Debug\rpcm2r_registerms2router.obj
         Debug\rpcm2k_registerms2world.obj
         Debug\rpcc2m_reswarexplore.obj
         Debug\rpcc2m_queryreswar.obj
         Debug\rpcm2k_getsceneinfo.obj
         Debug\ptcg2m_scenecreated.obj
         Debug\ptcn2m_newrolecreated.obj
         Debug\ptcg2m_rolechangescenentf.obj
         Debug\rpcm2n_kickaccountfromms.obj
         Debug\rpcm2n_changescenefromms.obj
         Debug\ptcg2m_enterscenereqtoms.obj
         Debug\ptcg2m_reswarteamresultntf.obj
         Debug\rpcm2g_givemailprize.obj
         Debug\rpcc2m_guildauctreqall.obj
         Debug\rpcm2g_guildauctreqm2c.obj
         Debug\rpcc2m_getguildbonussendlist.obj
         Debug\rpcc2m_sendguildbonusinsendlist.obj
         Debug\rpcc2m_useguildbuff.obj
         Debug\rpcc2m_startreswarpve.obj
         Debug\rpcc2m_applyguildarena.obj
         Debug\rpcc2m_getapplyguildlist.obj
         Debug\rpcc2m_getintegralbattleinfo.obj
         Debug\rpcm2g_guildauctfailback.obj
         Debug\rpcg2m_gsdesignationeventreq.obj
         Debug\rpcc2m_getguildintegralinfo.obj
         Debug\rpcc2m_guildcampinfo.obj
         Debug\rpcc2m_queryreswarrolerank.obj
         Debug\rpcn2m_checkrolename.obj
         Debug\rpcn2m_checkrolebaninfo.obj
         Debug\rpcc2m_reqguildarenahistory.obj
         Debug\ptcc2m_queryreswarrequet.obj
         Debug\ptcc2m_gardenfishstop.obj
         Debug\ptck2m_updateworldmatchnum.obj
         Debug\ptcg2m_updateguildcampresult.obj
         Debug\rpcg2m_askguildhelp.obj
         Debug\rpcc2m_getguilddonateinfo.obj
         Debug\rpcc2m_donatememberitem.obj
         Debug\rpcm2g_costdonateitem.obj
         Debug\rpcm2g_querydonateinfo.obj
         Debug\rpcm2n_nsreload.obj
         Debug\rpcc2m_addguildinherit.obj
         Debug\rpcm2g_tryaddguildinherit.obj
         Debug\rpcc2m_aceptguildinherit.obj
         Debug\ptck2m_crosszonestatusntf.obj
         Debug\rpcc2m_reqguildinheritinfo.obj
         Debug\rpcc2m_delguildinherit.obj
         Debug\ptcp2m_updateplatnoticemsntf.obj
         Debug\rpcm2i_getplatnoticeinfo.obj
         Debug\ptcn2m_updatefunctionopen2ms.obj
         Debug\rpcc2m_fetchplatnotice.obj
         Debug\rpcm2g_crashrecoverm2g.obj
         Debug\rpcm2g_fetchroleinfoonms.obj
         Debug\ptcg2m_noticeguildinheritend.obj
         Debug\rpcc2m_joinfmroom.obj
         Debug\rpcm2f_upjoinfmroom.obj
         Debug\ptcg2m_mscrashrecoverg2m.obj
         Debug\ptcc2m_leavelargeroom.obj
         Debug\ptcg2m_syncallliveinfotoms.obj
         Debug\ptcf2m_fmwhiterolentf.obj
         Debug\ptcf2m_largeroomradiontf.obj
         Debug\rpcg2m_tryteamcostreward.obj
         Debug\ptcg2m_enterhallnotice.obj
         Debug\ptcr2m_crossgsclosentf2ms.obj
         Debug\ptcc2m_handlemicphone.obj
         Debug\ptcf2m_fmlargeroomcloseparmntf.obj
         Debug\ptcg2m_sceneemptynotify.obj
         Debug\rpcm2g_reqguildinherittimes.obj
         Debug\ptcg2m_removeaskitemntf.obj
         Debug\rpcc2m_getothermentorstatus.obj
         Debug\rpcc2m_getmymentorinfo.obj
         Debug\rpcc2m_getmyapplystudentinfo.obj
         Debug\rpcc2m_getmyapplymasterinfo.obj
         Debug\rpcc2m_mentormybeappliedmsg.obj
         Debug\rpcc2m_updatementorapplystudentinfo.obj
         Debug\rpcc2m_mentorrelationop.obj
         Debug\rpcm2d_updatepartnerdata.obj
         Debug\rpcm2g_makepartnerm2g.obj
         Debug\rpcc2m_getpartnerinfo.obj
         Debug\ptcg2m_addpartnerlivenessg2m.obj
         Debug\ptcc2m_pokertournamentreq.obj
         Debug\rpcg2m_getpartnerinfog2m.obj
         Debug\rpcm2g_pokertournamentsignupcost.obj
         Debug\rpcm2g_getpartnerrecordm2g.obj
         Debug\rpcc2m_getpartnerdetailinfo.obj
         Debug\rpcc2m_getpartnerliveness.obj
         Debug\rpcc2m_leavepartner.obj
         Debug\rpcc2m_cancelleavepartner.obj
         Debug\rpcc2m_invfightreqall.obj
         Debug\rpcc2m_gcfcommonreq.obj
         Debug\rpcc2m_gcfreadysinforeq.obj
         Debug\rpcg2m_getcharm.obj
         Debug\rpcm2g_invfightm2greq.obj
         Debug\rpcc2m_getpartnershop.obj
         Debug\rpcc2m_buypartnershopitem.obj
         Debug\rpcm2g_buypartneritemm2g.obj
         Debug\rpcc2m_reqguildterrcityinfo.obj
         Debug\rpcc2m_reqguildterrchallinfo.obj
         Debug\rpcc2m_reqguildterrallianceinfo.obj
         Debug\rpcc2m_getpartnershoprecord.obj
         Debug\ptcg2m_gcfsyng2m.obj
         Debug\rpcc2m_allianceguildterr.obj
         Debug\ptcc2m_payparameterinfontf.obj
         Debug\rpcc2m_gcffightinforeqc2m.obj
         Debug\rpcc2m_recalliance.obj
         Debug\rpcc2m_tryalliance.obj
         Debug\rpcc2m_clearguildterralliance.obj
         Debug\rpcm2d_savepayaccessdata.obj
         Debug\rpcm2g_paygetbalance.obj
         Debug\rpcm2g_payconsumeaddgoods.obj
         Debug\ptcg2m_payadddiamondntf.obj
         Debug\ptcg2m_payconsumentf.obj
         Debug\rpcc2m_getunitappearancenew.obj
         Debug\ptcf2m_audiochanneltoms.obj
         Debug\rpcm2g_gcfcommonreqm2g.obj
         Debug\rpcm2d_saveleagueteamdata.obj
         Debug\rpcc2m_getleaguebattleinfo.obj
         Debug\rpcc2m_getleagueteaminfo.obj
         Debug\rpcg2m_getgardeninfo.obj
         Debug\rpcc2m_leaveleagueteam.obj
         Debug\rpcc2m_leaguebattlereq.obj
         Debug\rpcc2m_getlistsubscribe.obj
         Debug\rpcc2m_setsubscribe.obj
         Debug\ptcg2m_leaguebattleupdatedatag2m.obj
         Debug\rpcg2m_leaguerankupdateg2m.obj
         Debug\rpcg2m_changeprofessionms.obj
         Debug\ptci2m_serverinfontf.obj
         Debug\rpcc2m_getleaguebattlerecord.obj
         Debug\ptcg2m_leagueeliminationupdateg2m.obj
         Debug\rpcc2m_getleagueeleinfo.obj
         Debug\rpcc2m_joinleagueelebattle.obj
         Debug\ptcc2m_closeleagueelentf.obj
         Debug\ptcf2m_fmwhitelistreloadntf.obj
         Debug\ptcg2m_synguildbossattr.obj
         Debug\ptcg2m_levelchangentfms.obj
         Debug\rpcm2s_registerms2cs.obj
         Debug\rpcc2m_clicknewnotice.obj
         Debug\rpcg2m_personalcareertotalinfo.obj
         Debug\rpcm2k_leaguereporttop2world.obj
         Debug\rpcm2k_pkmatchtoworldreq.obj
         Debug\ptck2m_pkmatchinworldntf.obj
         Debug\ptck2m_synccrossleagueteam2ms.obj
         Debug\rpck2m_getrolesummaryfromms.obj
         Debug\ptck2m_syncrolesummarytoms.obj
         Debug\ptck2m_leaguematchworldresultntf.obj
         Debug\rpcm2g_checknotice.obj
         Debug\ptck2m_heroworldroomntf.obj
         Debug\rpcm2f_registerms2fm.obj
         Debug\rpcm2k_gmcommandm2w.obj
         Debug\ptck2m_syncservertime2ms.obj
         Debug\ptck2m_leaguecrosselintfms.obj
         Debug\ptck2m_leaguecrossrewardntf.obj
         Debug\rpcc2m_reqguildterrintellinfo.obj
         Debug\ptcg2m_opensystemntfms.obj
         Debug\rpcg2m_getmulactopeninfo.obj
         Debug\ptck2m_broadcastworld2ms.obj
         Debug\rpcg2m_getmilitaryrank.obj
         Debug\rpcg2m_uppayfrienditem.obj
         Debug\rpcg2m_syncactivityend2ms.obj
         Debug\rpcm2d_mssavedbend.obj
         Debug\rpcm2k_queryrouter.obj
         Debug\ptcf2m_fmmasterinfontf.obj
         Debug\rpcc2m_queryranklistlua.obj
         Debug\ptcp2m_kickaccountntf.obj
         Debug\rpcm2s_invfightcross2csreq.obj
         Debug\rpcs2m_invfightcross2msreq.obj
         Debug\rpcm2k_createcrossbattlescene.obj
         Debug\rpck2m_notifyentercrossbattle2ms.obj
         Debug\rpcc2m_worldbossguildaddattr.obj
         Debug\rpcm2g_worldbossguildaddattrgs.obj
         Debug\ptci2m_banaccountlistntf.obj
         Debug\ptci2m_delbanaccountntf.obj
         Debug\rpcc2m_modifymsguildname.obj
         Debug\rpcm2g_modifygsguildname.obj
         Debug\ptcs2m_s2minvfightmsgntf.obj
         Debug\ptck2m_invfightcrossntf.obj
         Debug\ptcg2m_updateglobalvalue.obj
         Debug\rpcm2d_queryrolesummary.obj
         Debug\rpcm2d_querygardeninfo.obj
         Debug\rpcm2g_giftibitemreq.obj
         Debug\ptcc2m_paybuygoodsfailntf.obj
         Debug\rpcm2d_savegiftibitem.obj
         Debug\ptcc2m_ibgifttipsreq.obj
         Debug\rpcm2d_arenastarroledatasave.obj
         Debug\rpcc2m_arenastarrolereq.obj
         Debug\rpcm2d_skyteamdata2db.obj
         Debug\rpcc2m_leaveskyteam.obj
         Debug\rpcc2m_skycraftmatchreq.obj
         Debug\rpcc2m_custombattleop.obj
         Debug\rpcm2k_custombattleworldop.obj
         Debug\rpcc2m_getskycraftinfo.obj
         Debug\rpcc2m_getskycraftrecord.obj
         Debug\rpcc2m_getskycrafteliinfo.obj
         Debug\rpcc2m_getskycraftteaminfo.obj
         Debug\ptcc2m_closeskycraftelintf.obj
         Debug\rpcm2d_savegiftibhist.obj
         Debug\rpcc2m_ibgifthistreq.obj
         Debug\ptck2m_changesceneworldreq.obj
         Debug\rpcg2m_paydegreereq.obj
         Debug\rpcm2g_custombattlegsop.obj
         Debug\rpcc2m_giftibreqgoods.obj
         Debug\rpcm2g_giftibreqgsgoods.obj
         Debug\rpcm2k_custombattlecheckvalid.obj
         Debug\rpcg2m_custombattleresultms.obj
         Debug\rpcm2h_registerms2team.obj
         Debug\rpcm2h_teamtranms2ts.obj
         Debug\rpch2m_teamtrants2ms.obj
         Debug\rpcm2g_teamtranms2gs.obj
         Debug\rpcm2s_teamrequestplatfreindm2s.obj
         Debug\rpcs2m_teamrequestplatfreinds2m.obj
         Debug\ptcs2m_teamrequestplatfreindconfirm.obj
         Debug\rpcc2m_kmatchcommonreq.obj
         Debug\rpcm2k_kmatchreqm2k.obj
         Debug\ptck2m_kmatchedk2mntf.obj
         Debug\ptcg2m_reportbadplayer2ms.obj
         Debug\rpcm2g_kmatchcommonreqm2c.obj
         Debug\rpcm2d_updaterolereportdata.obj
         Debug\ptcg2m_sceneteamresultntf.obj
         Debug\ptcg2m_teamcostleaderresetntf.obj
         Debug\rpcc2m_getfloweractivityreward.obj
         Debug\rpcm2n_registerms2ns.obj
         Debug\rpcm2g_tryteacherinheritnew.obj
         Debug\rpcc2m_getmobabattlegamerecord.obj
         Debug\rpcc2m_getmobabattlebriefrecord.obj
         Debug\ptcg2m_addmobabattlerecord.obj
         Debug\rpcm2d_querymobarolerecord.obj
         Debug\ptcg2m_clientsessionchangeg2m.obj
         Debug\ptcg2m_roleloginreconnectntf.obj
         Debug\rpcc2m_enterbmreadyscene.obj
         Debug\ptck2m_bmcrossntfdatantf.obj
         Debug\ptck2m_enterbmfightscenentf.obj
         Debug\ptck2m_mayhemawardntf.obj
         Debug\ptck2m_mayhembattlefieldreport.obj
         Debug\rpcc2m_querybigmeleerank.obj
         Debug\rpcm2k_querybigmeleerank2k.obj
         Debug\rpcm2g_msgiveitem.obj
         Debug\rpcc2m_getmobabattleinfo.obj
         Debug\rpcc2m_getmobabattleweekreward.obj
         Debug\rpck2m_teamstartbattlew2m.obj
         Debug\rpcm2g_teamstartbattlem2gcross.obj
         Debug\ptcg2m_teamtrangs2ms.obj
         Debug\ptch2m_teamtrants2ms.obj
         Debug\rpcc2m_groupchatfindteaminfolist.obj
         Debug\rpcc2m_groupchatfindroleinfolist.obj
         Debug\rpcc2m_groupchatleaderreviewlist.obj
         Debug\rpcc2m_groupchatplayerissueinfo.obj
         Debug\rpcc2m_groupchatleaderissueinfo.obj
         Debug\rpcc2m_groupchatleaderreview.obj
         Debug\rpcc2m_groupchatplayerapply.obj
         Debug\rpcc2m_groupchatgetgroupinfo.obj
         Debug\rpcc2m_groupchatmanager.obj
         Debug\rpcc2m_groupchatquit.obj
         Debug\rpcc2m_groupchatcreate.obj
         Debug\rpcc2m_groupchatclear.obj
         Debug\rpcc2m_holdwedding.obj
         Debug\rpcc2m_getweddinginviteinfo.obj
         Debug\rpcc2m_enterweddingscene.obj
         Debug\rpcc2m_getallweddinginfo.obj
         Debug\rpcc2m_getmarriagerelation.obj
         Debug\rpcc2m_marriagerelationop.obj
         Debug\rpcc2m_weddinginviteoperator.obj
         Debug\rpcc2m_groupchatleaderaddrole.obj
         Debug\rpcc2m_groupchatchangename.obj
         Debug\ptcg2m_updateweddingstateg2m.obj
         Debug\rpcc2m_getmarriageliveness.obj
         Debug\rpcc2m_takemarriagechest.obj
         Debug\rpcc2m_checkrolebeforepay.obj
         Debug\rpcm2g_givemarriagelvrerewardm2g.obj
         Debug\rpcm2g_holdweddingcheckm2g.obj
         Debug\rpcc2m_startweddingcar.obj
         Debug\rpcm2g_weddingoperm2g.obj
         Debug\ptcg2m_privatechat.obj
         Debug\ptcg2m_invfightagainreqg2m.obj
         Debug\rpcc2m_enterbattlereadyscene.obj
         Debug\ptck2m_enterbffightscenentf.obj
         Debug\rpcc2m_createorjoindragonguild.obj
         Debug\rpcm2g_getdragonguildrecordm2g.obj
         Debug\rpcg2m_getdragonguildinfog2m.obj
         Debug\ptcg2m_reqdragonguildsimpledata.obj
         Debug\rpcc2m_fetchdgapps.obj
         Debug\rpcc2m_changedragonguildsetting.obj
         Debug\rpcc2m_dragonguildapproval.obj
         Debug\rpcc2m_leavefromdragonguild.obj
         Debug\rpcm2g_modifydragonguildnamecost.obj
         Debug\rpcc2m_modifydragonguildname.obj
         Debug\rpcc2m_askdragonguildmembers.obj
         Debug\rpcc2m_fetchdragonguildlist.obj
         Debug\rpcc2m_getdragonguildtaskinfo.obj
         Debug\rpcg2m_getdragonguildtaskchestg2m.obj
         Debug\ptcg2m_costdragonguildreceivecount.obj
         Debug\ptcg2m_checkdragonguildtask.obj
         Debug\rpcm2g_getdragonguildrecieveinfo.obj
         Debug\rpcc2m_buydragonguildshopitem.obj
         Debug\rpcc2m_getdragonguildshop.obj
         Debug\rpcm2g_buydragonguilditemm2g.obj
         Debug\rpcc2m_getdragonguildshoprecord.obj
         Debug\rpcc2m_changedragonguildposition.obj
         Debug\rpcc2m_getdragonguildbindinfo.obj
         Debug\rpcc2m_dragonguildbindgroupreq.obj
         Debug\rpcc2m_dragonguildjoinbindgroup.obj
         Debug\rpcc2m_dragonguildunbindgroup.obj
         Debug\rpcg2m_checkdragonguildredpointg2m.obj
         Debug\ptcc2m_gobackreadyscenentf.obj
         Debug\rpcc2m_goalawardsgetlist.obj
         Debug\rpcc2m_goalawardsgetawards.obj
         Debug\ptcg2m_goalawardsserverevent.obj
         Debug\ptck2m_battlefieldreadyscenentf.obj
         Debug\rpcg2m_taskdonateg2m.obj
         Debug\rpcc2m_npcflreqc2m.obj
         Debug\rpcm2g_npcflreqm2g.obj
         Debug\ptck2m_battlefailinfomsntf.obj
         Debug\ptcg2m_goalawardsserverteam.obj
         Debug\rpcc2m_getdailytaskrefreshinfo.obj
         Debug\rpcc2m_getdailytaskaskhelp.obj
         Debug\rpcc2m_getdailytaskrefreshrecord.obj
         Debug\rpcc2m_dailytaskrefreshoper.obj
         Debug\rpcm2g_dailytaskrefreshm2g.obj
         Debug\rpcg2m_dailytaskrefreshg2m.obj
         Debug\rpcm2d_updateroletaskdata.obj
         Debug\rpcg2m_survivesynpointg2m.obj
         Debug\ptcc2m_mulactivityiconsysreq.obj
         Debug\ptcg2m_kickaccountjkydg2m.obj
         Debug\rpcg2m_getdailytaskg2m.obj
         Debug\rpcg2m_getnewzonebenefitg2m.obj
         Debug\rpcm2i_getzoneroleinfom2i.obj
         Debug\rpci2m_getzoneroleinfoi2m.obj
         Debug\rpcm2d_readaccountdatanew.obj
         Debug\rpcm2d_readmailfromdb.obj
         masterserver.vcxproj -> D:\Git\SoloProjects\server\winproject\masterserver\..\..\exe\masterserver.exe
       Manifest:
         C:\Program Files (x86)\Microsoft SDKs\Windows\v7.0A\bin\mt.exe /nologo /verbose /out:"D:\Git\SoloProjects\server\winproject\masterserver\..\..\exe\masterserver.exe.manifest" /manifest Debug\masterserver.exe.intermediate.manifest
       FinalizeBuildStatus:
         Файл "Debug\masterserver.unsuccessfulbuild" удаляется.
         Обращение к "Debug\masterserver.lastbuildstate".
     1>Построение проекта "D:\Git\SoloProjects\server\winproject\masterserver\masterserver.vcxproj" завершено (целевые объекты build).

Построение успешно завершено.

Затраченное время: 00:00:02.33
