01:54:08 [Info] main(main.cpp:31) [audioserver.exe] is start ....
01:54:08 [Debug] Process_Setup(process.cpp:12) Start Init <AudioConfig>
01:54:08 [Debug] Config::LoadServerNode(baseconfig.cpp:150) Read server name [audio] server id [1]
01:54:08 [Info] ReconnectManager::InitNetwork(reconnetmgr.cpp:172) Listen by link handler [gatelink] on [127.0.0.1:10170] success
01:54:08 [Debug] Process_Setup(process.cpp:13) Start Init <AudioMgr>
01:54:08 [Debug] AudioMgr::LoadVoiceLibrary(audiomgr.cpp:195) LoadLibrary[voip.dll=>create_get_authkey_instance]=(73790FD0)
01:54:08 [Debug] AudioMgr::LoadVoiceLibrary(audiomgr.cpp:195) LoadLibrary[voip.dll=>create_stt_instance]=(73793E20)
01:54:09 [Warn] AudioMgr::Init(audiomgr.cpp:306) Load XML Success, OneAudioSize:200000, MaxAudioCount:50000
01:54:09 [Warn] AudioMgr::ReadAudioIndexFile(audiomgr.cpp:687) Read Audio Index File Success, Audio Count: 0
01:54:09 [Warn] AudioMgr::Init(audiomgr.cpp:311) Init Audio Success
01:54:09 [Info] AudioMgr::ReadGrayConfig(audiomgr.cpp:335) ReadGrayConfig=1
01:54:09 [Debug] Process_Setup(process.cpp:13) End Init <AudioMgr>
01:54:09 [Info] AudioMgr::ReadGrayConfig(audiomgr.cpp:335) ReadGrayConfig=1
01:54:09 [Info] AudioMgr::WriteAudioIndexFile(audiomgr.cpp:631) Write Audio Index File, Audio Count:0
01:54:09 [Info] AudioMgr::WriteAudioIndexFile(audiomgr.cpp:638) Write Audio Index File, Audio Count:0, FileSize:0
01:54:09 [Info] AudioMgr::WriteAudioIndexFile(audiomgr.cpp:658) Finish Write Audio Index File, Audio Count:0, FileSize:0
01:55:10 [Info] AudioMgr::ReadGrayConfig(audiomgr.cpp:335) ReadGrayConfig=1
01:56:11 [Info] AudioMgr::ReadGrayConfig(audiomgr.cpp:335) ReadGrayConfig=1
01:57:12 [Info] AudioMgr::ReadGrayConfig(audiomgr.cpp:335) ReadGrayConfig=1
01:58:13 [Info] AudioMgr::ReadGrayConfig(audiomgr.cpp:335) ReadGrayConfig=1
