17:56:44 [Info] main(main.cpp:31) [audioserver.exe] is start ....
17:56:44 [Debug] Process_Setup(process.cpp:12) Start Init <AudioConfig>
17:56:44 [Debug] Config::LoadServerNode(baseconfig.cpp:150) Read server name [audio] server id [1]
17:56:44 [Info] ReconnectManager::InitNetwork(reconnetmgr.cpp:172) Listen by link handler [gatelink] on [127.0.0.1:10170] success
17:56:44 [Debug] Process_Setup(process.cpp:13) Start Init <AudioMgr>
17:56:44 [Debug] AudioMgr::LoadVoiceLibrary(audiomgr.cpp:195) LoadLibrary[voip.dll=>create_get_authkey_instance]=(67B30FD0)
17:56:44 [Debug] AudioMgr::LoadVoiceLibrary(audiomgr.cpp:195) LoadLibrary[voip.dll=>create_stt_instance]=(67B33E20)
17:56:45 [Warn] AudioMgr::Init(audiomgr.cpp:306) Load XML Success, OneAudioSize:200000, MaxAudioCount:50000
17:56:45 [Error] AudioMgr::ReadAudioIndexFile(audiomgr.cpp:667) Open Audio Index File Failed, FileName:audioconf/audio_file/audioindex.txt
17:56:45 [Warn] AudioMgr::Init(audiomgr.cpp:311) Init Audio Success
17:56:45 [Info] AudioMgr::ReadGrayConfig(audiomgr.cpp:335) ReadGrayConfig=1
17:56:45 [Debug] Process_Setup(process.cpp:13) End Init <AudioMgr>
17:56:45 [Info] AudioMgr::ReadGrayConfig(audiomgr.cpp:335) ReadGrayConfig=1
17:56:45 [Info] AudioMgr::WriteAudioIndexFile(audiomgr.cpp:631) Write Audio Index File, Audio Count:0
17:56:45 [Info] AudioMgr::WriteAudioIndexFile(audiomgr.cpp:638) Write Audio Index File, Audio Count:0, FileSize:0
17:56:45 [Info] AudioMgr::WriteAudioIndexFile(audiomgr.cpp:658) Finish Write Audio Index File, Audio Count:0, FileSize:0
17:57:46 [Info] AudioMgr::ReadGrayConfig(audiomgr.cpp:335) ReadGrayConfig=1
17:58:47 [Info] AudioMgr::ReadGrayConfig(audiomgr.cpp:335) ReadGrayConfig=1
17:59:48 [Info] AudioMgr::ReadGrayConfig(audiomgr.cpp:335) ReadGrayConfig=1
18:00:49 [Info] AudioMgr::ReadGrayConfig(audiomgr.cpp:335) ReadGrayConfig=1
18:01:45 [Info] AudioMgr::WriteAudioIndexFile(audiomgr.cpp:631) Write Audio Index File, Audio Count:0
18:01:45 [Info] AudioMgr::WriteAudioIndexFile(audiomgr.cpp:638) Write Audio Index File, Audio Count:0, FileSize:0
18:01:45 [Info] AudioMgr::WriteAudioIndexFile(audiomgr.cpp:658) Finish Write Audio Index File, Audio Count:0, FileSize:0
18:01:50 [Info] AudioMgr::ReadGrayConfig(audiomgr.cpp:335) ReadGrayConfig=1
18:02:51 [Info] AudioMgr::ReadGrayConfig(audiomgr.cpp:335) ReadGrayConfig=1
18:03:52 [Info] AudioMgr::ReadGrayConfig(audiomgr.cpp:335) ReadGrayConfig=1
18:04:53 [Info] AudioMgr::ReadGrayConfig(audiomgr.cpp:335) ReadGrayConfig=1
18:05:54 [Info] AudioMgr::ReadGrayConfig(audiomgr.cpp:335) ReadGrayConfig=1
18:06:45 [Info] AudioMgr::WriteAudioIndexFile(audiomgr.cpp:631) Write Audio Index File, Audio Count:0
18:06:45 [Info] AudioMgr::WriteAudioIndexFile(audiomgr.cpp:638) Write Audio Index File, Audio Count:0, FileSize:0
18:06:45 [Info] AudioMgr::WriteAudioIndexFile(audiomgr.cpp:658) Finish Write Audio Index File, Audio Count:0, FileSize:0
18:06:55 [Info] AudioMgr::ReadGrayConfig(audiomgr.cpp:335) ReadGrayConfig=1
18:07:56 [Info] AudioMgr::ReadGrayConfig(audiomgr.cpp:335) ReadGrayConfig=1
18:08:57 [Info] AudioMgr::ReadGrayConfig(audiomgr.cpp:335) ReadGrayConfig=1
18:09:58 [Info] AudioMgr::ReadGrayConfig(audiomgr.cpp:335) ReadGrayConfig=1
18:10:59 [Info] AudioMgr::ReadGrayConfig(audiomgr.cpp:335) ReadGrayConfig=1
18:11:45 [Info] AudioMgr::WriteAudioIndexFile(audiomgr.cpp:631) Write Audio Index File, Audio Count:0
18:11:45 [Info] AudioMgr::WriteAudioIndexFile(audiomgr.cpp:638) Write Audio Index File, Audio Count:0, FileSize:0
18:11:45 [Info] AudioMgr::WriteAudioIndexFile(audiomgr.cpp:658) Finish Write Audio Index File, Audio Count:0, FileSize:0
18:12:00 [Info] AudioMgr::ReadGrayConfig(audiomgr.cpp:335) ReadGrayConfig=1
18:13:01 [Info] AudioMgr::ReadGrayConfig(audiomgr.cpp:335) ReadGrayConfig=1
18:14:02 [Info] AudioMgr::ReadGrayConfig(audiomgr.cpp:335) ReadGrayConfig=1
18:15:03 [Info] AudioMgr::ReadGrayConfig(audiomgr.cpp:335) ReadGrayConfig=1
18:16:04 [Info] AudioMgr::ReadGrayConfig(audiomgr.cpp:335) ReadGrayConfig=1
18:16:45 [Info] AudioMgr::WriteAudioIndexFile(audiomgr.cpp:631) Write Audio Index File, Audio Count:0
18:16:45 [Info] AudioMgr::WriteAudioIndexFile(audiomgr.cpp:638) Write Audio Index File, Audio Count:0, FileSize:0
18:16:45 [Info] AudioMgr::WriteAudioIndexFile(audiomgr.cpp:658) Finish Write Audio Index File, Audio Count:0, FileSize:0
18:17:05 [Info] AudioMgr::ReadGrayConfig(audiomgr.cpp:335) ReadGrayConfig=1
18:18:06 [Info] AudioMgr::ReadGrayConfig(audiomgr.cpp:335) ReadGrayConfig=1
18:19:07 [Info] AudioMgr::ReadGrayConfig(audiomgr.cpp:335) ReadGrayConfig=1
18:20:08 [Info] AudioMgr::ReadGrayConfig(audiomgr.cpp:335) ReadGrayConfig=1
18:21:09 [Info] AudioMgr::ReadGrayConfig(audiomgr.cpp:335) ReadGrayConfig=1
18:21:45 [Info] AudioMgr::WriteAudioIndexFile(audiomgr.cpp:631) Write Audio Index File, Audio Count:0
18:21:45 [Info] AudioMgr::WriteAudioIndexFile(audiomgr.cpp:638) Write Audio Index File, Audio Count:0, FileSize:0
18:21:45 [Info] AudioMgr::WriteAudioIndexFile(audiomgr.cpp:658) Finish Write Audio Index File, Audio Count:0, FileSize:0
18:22:10 [Info] AudioMgr::ReadGrayConfig(audiomgr.cpp:335) ReadGrayConfig=1
18:23:11 [Info] AudioMgr::ReadGrayConfig(audiomgr.cpp:335) ReadGrayConfig=1
18:24:12 [Info] AudioMgr::ReadGrayConfig(audiomgr.cpp:335) ReadGrayConfig=1
18:25:13 [Info] AudioMgr::ReadGrayConfig(audiomgr.cpp:335) ReadGrayConfig=1
18:26:14 [Info] AudioMgr::ReadGrayConfig(audiomgr.cpp:335) ReadGrayConfig=1
18:26:45 [Info] AudioMgr::WriteAudioIndexFile(audiomgr.cpp:631) Write Audio Index File, Audio Count:0
18:26:45 [Info] AudioMgr::WriteAudioIndexFile(audiomgr.cpp:638) Write Audio Index File, Audio Count:0, FileSize:0
18:26:45 [Info] AudioMgr::WriteAudioIndexFile(audiomgr.cpp:658) Finish Write Audio Index File, Audio Count:0, FileSize:0
18:27:15 [Info] AudioMgr::ReadGrayConfig(audiomgr.cpp:335) ReadGrayConfig=1
18:28:16 [Info] AudioMgr::ReadGrayConfig(audiomgr.cpp:335) ReadGrayConfig=1
18:29:17 [Info] AudioMgr::ReadGrayConfig(audiomgr.cpp:335) ReadGrayConfig=1
18:30:18 [Info] AudioMgr::ReadGrayConfig(audiomgr.cpp:335) ReadGrayConfig=1
18:31:19 [Info] AudioMgr::ReadGrayConfig(audiomgr.cpp:335) ReadGrayConfig=1
18:31:45 [Info] AudioMgr::WriteAudioIndexFile(audiomgr.cpp:631) Write Audio Index File, Audio Count:0
18:31:45 [Info] AudioMgr::WriteAudioIndexFile(audiomgr.cpp:638) Write Audio Index File, Audio Count:0, FileSize:0
18:31:45 [Info] AudioMgr::WriteAudioIndexFile(audiomgr.cpp:658) Finish Write Audio Index File, Audio Count:0, FileSize:0
18:32:20 [Info] AudioMgr::ReadGrayConfig(audiomgr.cpp:335) ReadGrayConfig=1
18:33:21 [Info] AudioMgr::ReadGrayConfig(audiomgr.cpp:335) ReadGrayConfig=1
18:34:22 [Info] AudioMgr::ReadGrayConfig(audiomgr.cpp:335) ReadGrayConfig=1
18:35:23 [Info] AudioMgr::ReadGrayConfig(audiomgr.cpp:335) ReadGrayConfig=1
18:36:24 [Info] AudioMgr::ReadGrayConfig(audiomgr.cpp:335) ReadGrayConfig=1
18:36:45 [Info] AudioMgr::WriteAudioIndexFile(audiomgr.cpp:631) Write Audio Index File, Audio Count:0
18:36:45 [Info] AudioMgr::WriteAudioIndexFile(audiomgr.cpp:638) Write Audio Index File, Audio Count:0, FileSize:0
18:36:45 [Info] AudioMgr::WriteAudioIndexFile(audiomgr.cpp:658) Finish Write Audio Index File, Audio Count:0, FileSize:0
18:37:25 [Info] AudioMgr::ReadGrayConfig(audiomgr.cpp:335) ReadGrayConfig=1
18:38:26 [Info] AudioMgr::ReadGrayConfig(audiomgr.cpp:335) ReadGrayConfig=1
18:39:27 [Info] AudioMgr::ReadGrayConfig(audiomgr.cpp:335) ReadGrayConfig=1
18:40:28 [Info] AudioMgr::ReadGrayConfig(audiomgr.cpp:335) ReadGrayConfig=1
18:41:29 [Info] AudioMgr::ReadGrayConfig(audiomgr.cpp:335) ReadGrayConfig=1
18:41:45 [Info] AudioMgr::WriteAudioIndexFile(audiomgr.cpp:631) Write Audio Index File, Audio Count:0
18:41:45 [Info] AudioMgr::WriteAudioIndexFile(audiomgr.cpp:638) Write Audio Index File, Audio Count:0, FileSize:0
18:41:45 [Info] AudioMgr::WriteAudioIndexFile(audiomgr.cpp:658) Finish Write Audio Index File, Audio Count:0, FileSize:0
18:42:30 [Info] AudioMgr::ReadGrayConfig(audiomgr.cpp:335) ReadGrayConfig=1
18:43:31 [Info] AudioMgr::ReadGrayConfig(audiomgr.cpp:335) ReadGrayConfig=1
18:44:32 [Info] AudioMgr::ReadGrayConfig(audiomgr.cpp:335) ReadGrayConfig=1
18:45:33 [Info] AudioMgr::ReadGrayConfig(audiomgr.cpp:335) ReadGrayConfig=1
18:46:34 [Info] AudioMgr::ReadGrayConfig(audiomgr.cpp:335) ReadGrayConfig=1
18:46:45 [Info] AudioMgr::WriteAudioIndexFile(audiomgr.cpp:631) Write Audio Index File, Audio Count:0
18:46:45 [Info] AudioMgr::WriteAudioIndexFile(audiomgr.cpp:638) Write Audio Index File, Audio Count:0, FileSize:0
18:46:45 [Info] AudioMgr::WriteAudioIndexFile(audiomgr.cpp:658) Finish Write Audio Index File, Audio Count:0, FileSize:0
18:47:35 [Info] AudioMgr::ReadGrayConfig(audiomgr.cpp:335) ReadGrayConfig=1
18:48:36 [Info] AudioMgr::ReadGrayConfig(audiomgr.cpp:335) ReadGrayConfig=1
18:49:37 [Info] AudioMgr::ReadGrayConfig(audiomgr.cpp:335) ReadGrayConfig=1
18:50:38 [Info] AudioMgr::ReadGrayConfig(audiomgr.cpp:335) ReadGrayConfig=1
18:51:39 [Info] AudioMgr::ReadGrayConfig(audiomgr.cpp:335) ReadGrayConfig=1
18:51:45 [Info] AudioMgr::WriteAudioIndexFile(audiomgr.cpp:631) Write Audio Index File, Audio Count:0
18:51:45 [Info] AudioMgr::WriteAudioIndexFile(audiomgr.cpp:638) Write Audio Index File, Audio Count:0, FileSize:0
18:51:45 [Info] AudioMgr::WriteAudioIndexFile(audiomgr.cpp:658) Finish Write Audio Index File, Audio Count:0, FileSize:0
18:52:40 [Info] AudioMgr::ReadGrayConfig(audiomgr.cpp:335) ReadGrayConfig=1
18:53:41 [Info] AudioMgr::ReadGrayConfig(audiomgr.cpp:335) ReadGrayConfig=1
18:54:42 [Info] AudioMgr::ReadGrayConfig(audiomgr.cpp:335) ReadGrayConfig=1
18:55:43 [Info] AudioMgr::ReadGrayConfig(audiomgr.cpp:335) ReadGrayConfig=1
18:56:44 [Info] AudioMgr::ReadGrayConfig(audiomgr.cpp:335) ReadGrayConfig=1
18:56:45 [Info] AudioMgr::WriteAudioIndexFile(audiomgr.cpp:631) Write Audio Index File, Audio Count:0
18:56:45 [Info] AudioMgr::WriteAudioIndexFile(audiomgr.cpp:638) Write Audio Index File, Audio Count:0, FileSize:0
18:56:45 [Info] AudioMgr::WriteAudioIndexFile(audiomgr.cpp:658) Finish Write Audio Index File, Audio Count:0, FileSize:0
18:57:45 [Info] AudioMgr::ReadGrayConfig(audiomgr.cpp:335) ReadGrayConfig=1
18:58:46 [Info] AudioMgr::ReadGrayConfig(audiomgr.cpp:335) ReadGrayConfig=1
18:59:47 [Info] AudioMgr::ReadGrayConfig(audiomgr.cpp:335) ReadGrayConfig=1
19:00:48 [Info] AudioMgr::ReadGrayConfig(audiomgr.cpp:335) ReadGrayConfig=1
19:01:45 [Info] AudioMgr::WriteAudioIndexFile(audiomgr.cpp:631) Write Audio Index File, Audio Count:0
19:01:45 [Info] AudioMgr::WriteAudioIndexFile(audiomgr.cpp:638) Write Audio Index File, Audio Count:0, FileSize:0
19:01:45 [Info] AudioMgr::WriteAudioIndexFile(audiomgr.cpp:658) Finish Write Audio Index File, Audio Count:0, FileSize:0
19:01:49 [Info] AudioMgr::ReadGrayConfig(audiomgr.cpp:335) ReadGrayConfig=1
19:02:50 [Info] AudioMgr::ReadGrayConfig(audiomgr.cpp:335) ReadGrayConfig=1
19:03:51 [Info] AudioMgr::ReadGrayConfig(audiomgr.cpp:335) ReadGrayConfig=1
19:04:52 [Info] AudioMgr::ReadGrayConfig(audiomgr.cpp:335) ReadGrayConfig=1
19:05:53 [Info] AudioMgr::ReadGrayConfig(audiomgr.cpp:335) ReadGrayConfig=1
19:06:45 [Info] AudioMgr::WriteAudioIndexFile(audiomgr.cpp:631) Write Audio Index File, Audio Count:0
19:06:45 [Info] AudioMgr::WriteAudioIndexFile(audiomgr.cpp:638) Write Audio Index File, Audio Count:0, FileSize:0
19:06:45 [Info] AudioMgr::WriteAudioIndexFile(audiomgr.cpp:658) Finish Write Audio Index File, Audio Count:0, FileSize:0
19:06:54 [Info] AudioMgr::ReadGrayConfig(audiomgr.cpp:335) ReadGrayConfig=1
19:07:55 [Info] AudioMgr::ReadGrayConfig(audiomgr.cpp:335) ReadGrayConfig=1
19:08:56 [Info] AudioMgr::ReadGrayConfig(audiomgr.cpp:335) ReadGrayConfig=1
19:09:57 [Info] AudioMgr::ReadGrayConfig(audiomgr.cpp:335) ReadGrayConfig=1
19:10:58 [Info] AudioMgr::ReadGrayConfig(audiomgr.cpp:335) ReadGrayConfig=1
19:11:45 [Info] AudioMgr::WriteAudioIndexFile(audiomgr.cpp:631) Write Audio Index File, Audio Count:0
19:11:45 [Info] AudioMgr::WriteAudioIndexFile(audiomgr.cpp:638) Write Audio Index File, Audio Count:0, FileSize:0
19:11:45 [Info] AudioMgr::WriteAudioIndexFile(audiomgr.cpp:658) Finish Write Audio Index File, Audio Count:0, FileSize:0
19:11:59 [Info] AudioMgr::ReadGrayConfig(audiomgr.cpp:335) ReadGrayConfig=1
19:13:00 [Info] AudioMgr::ReadGrayConfig(audiomgr.cpp:335) ReadGrayConfig=1
19:16:34 [Info] main(main.cpp:31) [audioserver.exe] is start ....
19:16:34 [Debug] Process_Setup(process.cpp:12) Start Init <AudioConfig>
19:16:34 [Debug] Config::LoadServerNode(baseconfig.cpp:150) Read server name [audio] server id [1]
19:16:34 [Info] ReconnectManager::InitNetwork(reconnetmgr.cpp:172) Listen by link handler [gatelink] on [127.0.0.1:10170] success
19:16:34 [Debug] Process_Setup(process.cpp:13) Start Init <AudioMgr>
19:16:34 [Debug] AudioMgr::LoadVoiceLibrary(audiomgr.cpp:195) LoadLibrary[voip.dll=>create_get_authkey_instance]=(0F4B0FD0)
19:16:34 [Debug] AudioMgr::LoadVoiceLibrary(audiomgr.cpp:195) LoadLibrary[voip.dll=>create_stt_instance]=(0F4B3E20)
19:16:34 [Warn] AudioMgr::Init(audiomgr.cpp:306) Load XML Success, OneAudioSize:200000, MaxAudioCount:50000
19:16:34 [Warn] AudioMgr::ReadAudioIndexFile(audiomgr.cpp:687) Read Audio Index File Success, Audio Count: 0
19:16:34 [Warn] AudioMgr::Init(audiomgr.cpp:311) Init Audio Success
19:16:34 [Info] AudioMgr::ReadGrayConfig(audiomgr.cpp:335) ReadGrayConfig=1
19:16:34 [Debug] Process_Setup(process.cpp:13) End Init <AudioMgr>
19:16:34 [Info] AudioMgr::ReadGrayConfig(audiomgr.cpp:335) ReadGrayConfig=1
19:16:34 [Info] AudioMgr::WriteAudioIndexFile(audiomgr.cpp:631) Write Audio Index File, Audio Count:0
19:16:34 [Info] AudioMgr::WriteAudioIndexFile(audiomgr.cpp:638) Write Audio Index File, Audio Count:0, FileSize:0
19:16:34 [Info] AudioMgr::WriteAudioIndexFile(audiomgr.cpp:658) Finish Write Audio Index File, Audio Count:0, FileSize:0
19:17:35 [Info] AudioMgr::ReadGrayConfig(audiomgr.cpp:335) ReadGrayConfig=1
19:18:36 [Info] AudioMgr::ReadGrayConfig(audiomgr.cpp:335) ReadGrayConfig=1
19:19:37 [Info] AudioMgr::ReadGrayConfig(audiomgr.cpp:335) ReadGrayConfig=1
19:20:38 [Info] AudioMgr::ReadGrayConfig(audiomgr.cpp:335) ReadGrayConfig=1
19:21:34 [Info] AudioMgr::WriteAudioIndexFile(audiomgr.cpp:631) Write Audio Index File, Audio Count:0
19:21:34 [Info] AudioMgr::WriteAudioIndexFile(audiomgr.cpp:638) Write Audio Index File, Audio Count:0, FileSize:0
19:21:34 [Info] AudioMgr::WriteAudioIndexFile(audiomgr.cpp:658) Finish Write Audio Index File, Audio Count:0, FileSize:0
19:21:39 [Info] AudioMgr::ReadGrayConfig(audiomgr.cpp:335) ReadGrayConfig=1
19:22:40 [Info] AudioMgr::ReadGrayConfig(audiomgr.cpp:335) ReadGrayConfig=1
19:23:41 [Info] AudioMgr::ReadGrayConfig(audiomgr.cpp:335) ReadGrayConfig=1
19:24:44 [Info] main(main.cpp:31) [audioserver.exe] is start ....
19:24:44 [Debug] Process_Setup(process.cpp:12) Start Init <AudioConfig>
19:24:44 [Debug] Config::LoadServerNode(baseconfig.cpp:150) Read server name [audio] server id [1]
19:24:44 [Info] ReconnectManager::InitNetwork(reconnetmgr.cpp:172) Listen by link handler [gatelink] on [127.0.0.1:10170] success
19:24:44 [Debug] Process_Setup(process.cpp:13) Start Init <AudioMgr>
19:24:44 [Debug] AudioMgr::LoadVoiceLibrary(audiomgr.cpp:195) LoadLibrary[voip.dll=>create_get_authkey_instance]=(0F500FD0)
19:24:44 [Debug] AudioMgr::LoadVoiceLibrary(audiomgr.cpp:195) LoadLibrary[voip.dll=>create_stt_instance]=(0F503E20)
19:24:44 [Warn] AudioMgr::Init(audiomgr.cpp:306) Load XML Success, OneAudioSize:200000, MaxAudioCount:50000
19:24:44 [Warn] AudioMgr::ReadAudioIndexFile(audiomgr.cpp:687) Read Audio Index File Success, Audio Count: 0
19:24:44 [Warn] AudioMgr::Init(audiomgr.cpp:311) Init Audio Success
19:24:44 [Info] AudioMgr::ReadGrayConfig(audiomgr.cpp:335) ReadGrayConfig=1
19:24:44 [Debug] Process_Setup(process.cpp:13) End Init <AudioMgr>
19:24:44 [Info] AudioMgr::ReadGrayConfig(audiomgr.cpp:335) ReadGrayConfig=1
19:24:44 [Info] AudioMgr::WriteAudioIndexFile(audiomgr.cpp:631) Write Audio Index File, Audio Count:0
19:24:44 [Info] AudioMgr::WriteAudioIndexFile(audiomgr.cpp:638) Write Audio Index File, Audio Count:0, FileSize:0
19:24:44 [Info] AudioMgr::WriteAudioIndexFile(audiomgr.cpp:658) Finish Write Audio Index File, Audio Count:0, FileSize:0
19:25:45 [Info] AudioMgr::ReadGrayConfig(audiomgr.cpp:335) ReadGrayConfig=1
19:26:46 [Info] AudioMgr::ReadGrayConfig(audiomgr.cpp:335) ReadGrayConfig=1
19:27:47 [Info] AudioMgr::ReadGrayConfig(audiomgr.cpp:335) ReadGrayConfig=1
19:28:48 [Info] AudioMgr::ReadGrayConfig(audiomgr.cpp:335) ReadGrayConfig=1
19:29:44 [Info] AudioMgr::WriteAudioIndexFile(audiomgr.cpp:631) Write Audio Index File, Audio Count:0
19:29:44 [Info] AudioMgr::WriteAudioIndexFile(audiomgr.cpp:638) Write Audio Index File, Audio Count:0, FileSize:0
19:29:44 [Info] AudioMgr::WriteAudioIndexFile(audiomgr.cpp:658) Finish Write Audio Index File, Audio Count:0, FileSize:0
19:29:49 [Info] AudioMgr::ReadGrayConfig(audiomgr.cpp:335) ReadGrayConfig=1
19:30:50 [Info] AudioMgr::ReadGrayConfig(audiomgr.cpp:335) ReadGrayConfig=1
19:31:51 [Info] AudioMgr::ReadGrayConfig(audiomgr.cpp:335) ReadGrayConfig=1
19:32:52 [Info] AudioMgr::ReadGrayConfig(audiomgr.cpp:335) ReadGrayConfig=1
19:33:53 [Info] AudioMgr::ReadGrayConfig(audiomgr.cpp:335) ReadGrayConfig=1
19:34:44 [Info] AudioMgr::WriteAudioIndexFile(audiomgr.cpp:631) Write Audio Index File, Audio Count:0
19:34:44 [Info] AudioMgr::WriteAudioIndexFile(audiomgr.cpp:638) Write Audio Index File, Audio Count:0, FileSize:0
19:34:44 [Info] AudioMgr::WriteAudioIndexFile(audiomgr.cpp:658) Finish Write Audio Index File, Audio Count:0, FileSize:0
19:34:54 [Info] AudioMgr::ReadGrayConfig(audiomgr.cpp:335) ReadGrayConfig=1
19:35:55 [Info] AudioMgr::ReadGrayConfig(audiomgr.cpp:335) ReadGrayConfig=1
19:36:56 [Info] AudioMgr::ReadGrayConfig(audiomgr.cpp:335) ReadGrayConfig=1
19:37:57 [Info] AudioMgr::ReadGrayConfig(audiomgr.cpp:335) ReadGrayConfig=1
19:38:58 [Info] AudioMgr::ReadGrayConfig(audiomgr.cpp:335) ReadGrayConfig=1
19:39:44 [Info] AudioMgr::WriteAudioIndexFile(audiomgr.cpp:631) Write Audio Index File, Audio Count:0
19:39:44 [Info] AudioMgr::WriteAudioIndexFile(audiomgr.cpp:638) Write Audio Index File, Audio Count:0, FileSize:0
19:39:44 [Info] AudioMgr::WriteAudioIndexFile(audiomgr.cpp:658) Finish Write Audio Index File, Audio Count:0, FileSize:0
19:39:59 [Info] AudioMgr::ReadGrayConfig(audiomgr.cpp:335) ReadGrayConfig=1
19:41:00 [Info] AudioMgr::ReadGrayConfig(audiomgr.cpp:335) ReadGrayConfig=1
19:42:01 [Info] AudioMgr::ReadGrayConfig(audiomgr.cpp:335) ReadGrayConfig=1
19:43:02 [Info] AudioMgr::ReadGrayConfig(audiomgr.cpp:335) ReadGrayConfig=1
19:44:03 [Info] AudioMgr::ReadGrayConfig(audiomgr.cpp:335) ReadGrayConfig=1
19:44:44 [Info] AudioMgr::WriteAudioIndexFile(audiomgr.cpp:631) Write Audio Index File, Audio Count:0
19:44:44 [Info] AudioMgr::WriteAudioIndexFile(audiomgr.cpp:638) Write Audio Index File, Audio Count:0, FileSize:0
19:44:44 [Info] AudioMgr::WriteAudioIndexFile(audiomgr.cpp:658) Finish Write Audio Index File, Audio Count:0, FileSize:0
19:45:04 [Info] AudioMgr::ReadGrayConfig(audiomgr.cpp:335) ReadGrayConfig=1
19:46:05 [Info] AudioMgr::ReadGrayConfig(audiomgr.cpp:335) ReadGrayConfig=1
19:47:06 [Info] AudioMgr::ReadGrayConfig(audiomgr.cpp:335) ReadGrayConfig=1
19:48:07 [Info] AudioMgr::ReadGrayConfig(audiomgr.cpp:335) ReadGrayConfig=1
19:49:08 [Info] AudioMgr::ReadGrayConfig(audiomgr.cpp:335) ReadGrayConfig=1
19:49:44 [Info] AudioMgr::WriteAudioIndexFile(audiomgr.cpp:631) Write Audio Index File, Audio Count:0
19:49:44 [Info] AudioMgr::WriteAudioIndexFile(audiomgr.cpp:638) Write Audio Index File, Audio Count:0, FileSize:0
19:49:44 [Info] AudioMgr::WriteAudioIndexFile(audiomgr.cpp:658) Finish Write Audio Index File, Audio Count:0, FileSize:0
19:50:09 [Info] AudioMgr::ReadGrayConfig(audiomgr.cpp:335) ReadGrayConfig=1
19:51:10 [Info] AudioMgr::ReadGrayConfig(audiomgr.cpp:335) ReadGrayConfig=1
19:52:11 [Info] AudioMgr::ReadGrayConfig(audiomgr.cpp:335) ReadGrayConfig=1
19:53:12 [Info] AudioMgr::ReadGrayConfig(audiomgr.cpp:335) ReadGrayConfig=1
19:54:13 [Info] AudioMgr::ReadGrayConfig(audiomgr.cpp:335) ReadGrayConfig=1
20:21:43 [Info] main(main.cpp:31) [audioserver.exe] is start ....
20:21:43 [Debug] Process_Setup(process.cpp:12) Start Init <AudioConfig>
20:21:43 [Debug] Config::LoadServerNode(baseconfig.cpp:150) Read server name [audio] server id [1]
20:21:43 [Info] ReconnectManager::InitNetwork(reconnetmgr.cpp:172) Listen by link handler [gatelink] on [127.0.0.1:10170] success
20:21:43 [Debug] Process_Setup(process.cpp:13) Start Init <AudioMgr>
20:21:43 [Debug] AudioMgr::LoadVoiceLibrary(audiomgr.cpp:195) LoadLibrary[voip.dll=>create_get_authkey_instance]=(68400FD0)
20:21:43 [Debug] AudioMgr::LoadVoiceLibrary(audiomgr.cpp:195) LoadLibrary[voip.dll=>create_stt_instance]=(68403E20)
20:21:43 [Warn] AudioMgr::Init(audiomgr.cpp:306) Load XML Success, OneAudioSize:200000, MaxAudioCount:50000
20:21:43 [Warn] AudioMgr::ReadAudioIndexFile(audiomgr.cpp:687) Read Audio Index File Success, Audio Count: 0
20:21:43 [Warn] AudioMgr::Init(audiomgr.cpp:311) Init Audio Success
20:21:43 [Info] AudioMgr::ReadGrayConfig(audiomgr.cpp:335) ReadGrayConfig=1
20:21:43 [Debug] Process_Setup(process.cpp:13) End Init <AudioMgr>
20:21:43 [Info] AudioMgr::ReadGrayConfig(audiomgr.cpp:335) ReadGrayConfig=1
20:21:43 [Info] AudioMgr::WriteAudioIndexFile(audiomgr.cpp:631) Write Audio Index File, Audio Count:0
20:21:43 [Info] AudioMgr::WriteAudioIndexFile(audiomgr.cpp:638) Write Audio Index File, Audio Count:0, FileSize:0
20:21:43 [Info] AudioMgr::WriteAudioIndexFile(audiomgr.cpp:658) Finish Write Audio Index File, Audio Count:0, FileSize:0
20:22:44 [Info] AudioMgr::ReadGrayConfig(audiomgr.cpp:335) ReadGrayConfig=1
20:23:45 [Info] AudioMgr::ReadGrayConfig(audiomgr.cpp:335) ReadGrayConfig=1
20:24:46 [Info] AudioMgr::ReadGrayConfig(audiomgr.cpp:335) ReadGrayConfig=1
20:25:47 [Info] AudioMgr::ReadGrayConfig(audiomgr.cpp:335) ReadGrayConfig=1
20:26:43 [Info] AudioMgr::WriteAudioIndexFile(audiomgr.cpp:631) Write Audio Index File, Audio Count:0
20:26:43 [Info] AudioMgr::WriteAudioIndexFile(audiomgr.cpp:638) Write Audio Index File, Audio Count:0, FileSize:0
20:26:43 [Info] AudioMgr::WriteAudioIndexFile(audiomgr.cpp:658) Finish Write Audio Index File, Audio Count:0, FileSize:0
20:26:48 [Info] AudioMgr::ReadGrayConfig(audiomgr.cpp:335) ReadGrayConfig=1
20:27:49 [Info] AudioMgr::ReadGrayConfig(audiomgr.cpp:335) ReadGrayConfig=1
20:28:50 [Info] AudioMgr::ReadGrayConfig(audiomgr.cpp:335) ReadGrayConfig=1
20:29:51 [Info] AudioMgr::ReadGrayConfig(audiomgr.cpp:335) ReadGrayConfig=1
20:30:52 [Info] AudioMgr::ReadGrayConfig(audiomgr.cpp:335) ReadGrayConfig=1
20:31:43 [Info] AudioMgr::WriteAudioIndexFile(audiomgr.cpp:631) Write Audio Index File, Audio Count:0
20:31:43 [Info] AudioMgr::WriteAudioIndexFile(audiomgr.cpp:638) Write Audio Index File, Audio Count:0, FileSize:0
20:31:43 [Info] AudioMgr::WriteAudioIndexFile(audiomgr.cpp:658) Finish Write Audio Index File, Audio Count:0, FileSize:0
20:31:53 [Info] AudioMgr::ReadGrayConfig(audiomgr.cpp:335) ReadGrayConfig=1
20:32:54 [Info] AudioMgr::ReadGrayConfig(audiomgr.cpp:335) ReadGrayConfig=1
20:33:55 [Info] AudioMgr::ReadGrayConfig(audiomgr.cpp:335) ReadGrayConfig=1
20:34:56 [Info] AudioMgr::ReadGrayConfig(audiomgr.cpp:335) ReadGrayConfig=1
20:35:57 [Info] AudioMgr::ReadGrayConfig(audiomgr.cpp:335) ReadGrayConfig=1
20:36:43 [Info] AudioMgr::WriteAudioIndexFile(audiomgr.cpp:631) Write Audio Index File, Audio Count:0
20:36:43 [Info] AudioMgr::WriteAudioIndexFile(audiomgr.cpp:638) Write Audio Index File, Audio Count:0, FileSize:0
20:36:43 [Info] AudioMgr::WriteAudioIndexFile(audiomgr.cpp:658) Finish Write Audio Index File, Audio Count:0, FileSize:0
20:36:58 [Info] AudioMgr::ReadGrayConfig(audiomgr.cpp:335) ReadGrayConfig=1
20:37:59 [Info] AudioMgr::ReadGrayConfig(audiomgr.cpp:335) ReadGrayConfig=1
20:39:00 [Info] AudioMgr::ReadGrayConfig(audiomgr.cpp:335) ReadGrayConfig=1
20:40:01 [Info] AudioMgr::ReadGrayConfig(audiomgr.cpp:335) ReadGrayConfig=1
20:41:02 [Info] AudioMgr::ReadGrayConfig(audiomgr.cpp:335) ReadGrayConfig=1
20:41:43 [Info] AudioMgr::WriteAudioIndexFile(audiomgr.cpp:631) Write Audio Index File, Audio Count:0
20:41:43 [Info] AudioMgr::WriteAudioIndexFile(audiomgr.cpp:638) Write Audio Index File, Audio Count:0, FileSize:0
20:41:43 [Info] AudioMgr::WriteAudioIndexFile(audiomgr.cpp:658) Finish Write Audio Index File, Audio Count:0, FileSize:0
20:42:03 [Info] AudioMgr::ReadGrayConfig(audiomgr.cpp:335) ReadGrayConfig=1
20:43:04 [Info] AudioMgr::ReadGrayConfig(audiomgr.cpp:335) ReadGrayConfig=1
20:44:05 [Info] AudioMgr::ReadGrayConfig(audiomgr.cpp:335) ReadGrayConfig=1
20:45:06 [Info] AudioMgr::ReadGrayConfig(audiomgr.cpp:335) ReadGrayConfig=1
20:46:07 [Info] AudioMgr::ReadGrayConfig(audiomgr.cpp:335) ReadGrayConfig=1
20:46:43 [Info] AudioMgr::WriteAudioIndexFile(audiomgr.cpp:631) Write Audio Index File, Audio Count:0
20:46:43 [Info] AudioMgr::WriteAudioIndexFile(audiomgr.cpp:638) Write Audio Index File, Audio Count:0, FileSize:0
20:46:43 [Info] AudioMgr::WriteAudioIndexFile(audiomgr.cpp:658) Finish Write Audio Index File, Audio Count:0, FileSize:0
20:47:08 [Info] AudioMgr::ReadGrayConfig(audiomgr.cpp:335) ReadGrayConfig=1
20:48:09 [Info] AudioMgr::ReadGrayConfig(audiomgr.cpp:335) ReadGrayConfig=1
20:49:10 [Info] AudioMgr::ReadGrayConfig(audiomgr.cpp:335) ReadGrayConfig=1
20:50:11 [Info] AudioMgr::ReadGrayConfig(audiomgr.cpp:335) ReadGrayConfig=1
20:51:12 [Info] AudioMgr::ReadGrayConfig(audiomgr.cpp:335) ReadGrayConfig=1
20:51:43 [Info] AudioMgr::WriteAudioIndexFile(audiomgr.cpp:631) Write Audio Index File, Audio Count:0
20:51:43 [Info] AudioMgr::WriteAudioIndexFile(audiomgr.cpp:638) Write Audio Index File, Audio Count:0, FileSize:0
20:51:43 [Info] AudioMgr::WriteAudioIndexFile(audiomgr.cpp:658) Finish Write Audio Index File, Audio Count:0, FileSize:0
20:52:13 [Info] AudioMgr::ReadGrayConfig(audiomgr.cpp:335) ReadGrayConfig=1
20:53:14 [Info] AudioMgr::ReadGrayConfig(audiomgr.cpp:335) ReadGrayConfig=1
20:54:15 [Info] AudioMgr::ReadGrayConfig(audiomgr.cpp:335) ReadGrayConfig=1
20:55:16 [Info] AudioMgr::ReadGrayConfig(audiomgr.cpp:335) ReadGrayConfig=1
20:56:17 [Info] AudioMgr::ReadGrayConfig(audiomgr.cpp:335) ReadGrayConfig=1
20:56:43 [Info] AudioMgr::WriteAudioIndexFile(audiomgr.cpp:631) Write Audio Index File, Audio Count:0
20:56:43 [Info] AudioMgr::WriteAudioIndexFile(audiomgr.cpp:638) Write Audio Index File, Audio Count:0, FileSize:0
20:56:43 [Info] AudioMgr::WriteAudioIndexFile(audiomgr.cpp:658) Finish Write Audio Index File, Audio Count:0, FileSize:0
20:57:18 [Info] AudioMgr::ReadGrayConfig(audiomgr.cpp:335) ReadGrayConfig=1
20:58:19 [Info] AudioMgr::ReadGrayConfig(audiomgr.cpp:335) ReadGrayConfig=1
20:59:20 [Info] AudioMgr::ReadGrayConfig(audiomgr.cpp:335) ReadGrayConfig=1
21:00:21 [Info] AudioMgr::ReadGrayConfig(audiomgr.cpp:335) ReadGrayConfig=1
21:01:22 [Info] AudioMgr::ReadGrayConfig(audiomgr.cpp:335) ReadGrayConfig=1
21:01:43 [Info] AudioMgr::WriteAudioIndexFile(audiomgr.cpp:631) Write Audio Index File, Audio Count:0
21:01:43 [Info] AudioMgr::WriteAudioIndexFile(audiomgr.cpp:638) Write Audio Index File, Audio Count:0, FileSize:0
21:01:43 [Info] AudioMgr::WriteAudioIndexFile(audiomgr.cpp:658) Finish Write Audio Index File, Audio Count:0, FileSize:0
21:02:23 [Info] AudioMgr::ReadGrayConfig(audiomgr.cpp:335) ReadGrayConfig=1
21:03:24 [Info] AudioMgr::ReadGrayConfig(audiomgr.cpp:335) ReadGrayConfig=1
21:04:25 [Info] AudioMgr::ReadGrayConfig(audiomgr.cpp:335) ReadGrayConfig=1
21:05:26 [Info] AudioMgr::ReadGrayConfig(audiomgr.cpp:335) ReadGrayConfig=1
21:06:33 [Info] main(main.cpp:31) [audioserver.exe] is start ....
21:06:33 [Debug] Process_Setup(process.cpp:12) Start Init <AudioConfig>
21:06:33 [Debug] Config::LoadServerNode(baseconfig.cpp:150) Read server name [audio] server id [1]
21:06:33 [Info] ReconnectManager::InitNetwork(reconnetmgr.cpp:172) Listen by link handler [gatelink] on [127.0.0.1:10170] success
21:06:33 [Debug] Process_Setup(process.cpp:13) Start Init <AudioMgr>
21:06:33 [Debug] AudioMgr::LoadVoiceLibrary(audiomgr.cpp:195) LoadLibrary[voip.dll=>create_get_authkey_instance]=(68400FD0)
21:06:33 [Debug] AudioMgr::LoadVoiceLibrary(audiomgr.cpp:195) LoadLibrary[voip.dll=>create_stt_instance]=(68403E20)
21:06:33 [Warn] AudioMgr::Init(audiomgr.cpp:306) Load XML Success, OneAudioSize:200000, MaxAudioCount:50000
21:06:33 [Warn] AudioMgr::ReadAudioIndexFile(audiomgr.cpp:687) Read Audio Index File Success, Audio Count: 0
21:06:33 [Warn] AudioMgr::Init(audiomgr.cpp:311) Init Audio Success
21:06:33 [Info] AudioMgr::ReadGrayConfig(audiomgr.cpp:335) ReadGrayConfig=1
21:06:33 [Debug] Process_Setup(process.cpp:13) End Init <AudioMgr>
21:06:33 [Info] AudioMgr::ReadGrayConfig(audiomgr.cpp:335) ReadGrayConfig=1
21:06:33 [Info] AudioMgr::WriteAudioIndexFile(audiomgr.cpp:631) Write Audio Index File, Audio Count:0
21:06:33 [Info] AudioMgr::WriteAudioIndexFile(audiomgr.cpp:638) Write Audio Index File, Audio Count:0, FileSize:0
21:06:33 [Info] AudioMgr::WriteAudioIndexFile(audiomgr.cpp:658) Finish Write Audio Index File, Audio Count:0, FileSize:0
21:07:34 [Info] AudioMgr::ReadGrayConfig(audiomgr.cpp:335) ReadGrayConfig=1
21:08:35 [Info] AudioMgr::ReadGrayConfig(audiomgr.cpp:335) ReadGrayConfig=1
21:11:24 [Info] main(main.cpp:31) [audioserver.exe] is start ....
21:11:24 [Debug] Process_Setup(process.cpp:12) Start Init <AudioConfig>
21:11:24 [Debug] Config::LoadServerNode(baseconfig.cpp:150) Read server name [audio] server id [1]
21:11:24 [Info] ReconnectManager::InitNetwork(reconnetmgr.cpp:172) Listen by link handler [gatelink] on [127.0.0.1:10170] success
21:11:24 [Debug] Process_Setup(process.cpp:13) Start Init <AudioMgr>
21:11:24 [Debug] AudioMgr::LoadVoiceLibrary(audiomgr.cpp:195) LoadLibrary[voip.dll=>create_get_authkey_instance]=(68400FD0)
21:11:24 [Debug] AudioMgr::LoadVoiceLibrary(audiomgr.cpp:195) LoadLibrary[voip.dll=>create_stt_instance]=(68403E20)
21:11:24 [Warn] AudioMgr::Init(audiomgr.cpp:306) Load XML Success, OneAudioSize:200000, MaxAudioCount:50000
21:11:24 [Warn] AudioMgr::ReadAudioIndexFile(audiomgr.cpp:687) Read Audio Index File Success, Audio Count: 0
21:11:24 [Warn] AudioMgr::Init(audiomgr.cpp:311) Init Audio Success
21:11:24 [Info] AudioMgr::ReadGrayConfig(audiomgr.cpp:335) ReadGrayConfig=1
21:11:24 [Debug] Process_Setup(process.cpp:13) End Init <AudioMgr>
21:11:24 [Info] AudioMgr::ReadGrayConfig(audiomgr.cpp:335) ReadGrayConfig=1
21:11:24 [Info] AudioMgr::WriteAudioIndexFile(audiomgr.cpp:631) Write Audio Index File, Audio Count:0
21:11:24 [Info] AudioMgr::WriteAudioIndexFile(audiomgr.cpp:638) Write Audio Index File, Audio Count:0, FileSize:0
21:11:24 [Info] AudioMgr::WriteAudioIndexFile(audiomgr.cpp:658) Finish Write Audio Index File, Audio Count:0, FileSize:0
21:12:25 [Info] AudioMgr::ReadGrayConfig(audiomgr.cpp:335) ReadGrayConfig=1
21:13:26 [Info] AudioMgr::ReadGrayConfig(audiomgr.cpp:335) ReadGrayConfig=1
21:14:27 [Info] AudioMgr::ReadGrayConfig(audiomgr.cpp:335) ReadGrayConfig=1
21:15:28 [Info] AudioMgr::ReadGrayConfig(audiomgr.cpp:335) ReadGrayConfig=1
21:16:24 [Info] AudioMgr::WriteAudioIndexFile(audiomgr.cpp:631) Write Audio Index File, Audio Count:0
21:16:24 [Info] AudioMgr::WriteAudioIndexFile(audiomgr.cpp:638) Write Audio Index File, Audio Count:0, FileSize:0
21:16:24 [Info] AudioMgr::WriteAudioIndexFile(audiomgr.cpp:658) Finish Write Audio Index File, Audio Count:0, FileSize:0
21:16:29 [Info] AudioMgr::ReadGrayConfig(audiomgr.cpp:335) ReadGrayConfig=1
21:17:30 [Info] AudioMgr::ReadGrayConfig(audiomgr.cpp:335) ReadGrayConfig=1
21:18:31 [Info] AudioMgr::ReadGrayConfig(audiomgr.cpp:335) ReadGrayConfig=1
21:19:32 [Info] AudioMgr::ReadGrayConfig(audiomgr.cpp:335) ReadGrayConfig=1
21:20:33 [Info] AudioMgr::ReadGrayConfig(audiomgr.cpp:335) ReadGrayConfig=1
21:21:24 [Info] AudioMgr::WriteAudioIndexFile(audiomgr.cpp:631) Write Audio Index File, Audio Count:0
21:21:24 [Info] AudioMgr::WriteAudioIndexFile(audiomgr.cpp:638) Write Audio Index File, Audio Count:0, FileSize:0
21:21:24 [Info] AudioMgr::WriteAudioIndexFile(audiomgr.cpp:658) Finish Write Audio Index File, Audio Count:0, FileSize:0
21:21:34 [Info] AudioMgr::ReadGrayConfig(audiomgr.cpp:335) ReadGrayConfig=1
21:22:35 [Info] AudioMgr::ReadGrayConfig(audiomgr.cpp:335) ReadGrayConfig=1
21:23:36 [Info] AudioMgr::ReadGrayConfig(audiomgr.cpp:335) ReadGrayConfig=1
21:24:37 [Info] AudioMgr::ReadGrayConfig(audiomgr.cpp:335) ReadGrayConfig=1
21:25:38 [Info] AudioMgr::ReadGrayConfig(audiomgr.cpp:335) ReadGrayConfig=1
21:26:24 [Info] AudioMgr::WriteAudioIndexFile(audiomgr.cpp:631) Write Audio Index File, Audio Count:0
21:26:24 [Info] AudioMgr::WriteAudioIndexFile(audiomgr.cpp:638) Write Audio Index File, Audio Count:0, FileSize:0
21:26:24 [Info] AudioMgr::WriteAudioIndexFile(audiomgr.cpp:658) Finish Write Audio Index File, Audio Count:0, FileSize:0
21:26:39 [Info] AudioMgr::ReadGrayConfig(audiomgr.cpp:335) ReadGrayConfig=1
21:27:40 [Info] AudioMgr::ReadGrayConfig(audiomgr.cpp:335) ReadGrayConfig=1
21:28:41 [Info] AudioMgr::ReadGrayConfig(audiomgr.cpp:335) ReadGrayConfig=1
21:29:42 [Info] AudioMgr::ReadGrayConfig(audiomgr.cpp:335) ReadGrayConfig=1
21:30:43 [Info] AudioMgr::ReadGrayConfig(audiomgr.cpp:335) ReadGrayConfig=1
21:31:24 [Info] AudioMgr::WriteAudioIndexFile(audiomgr.cpp:631) Write Audio Index File, Audio Count:0
21:31:24 [Info] AudioMgr::WriteAudioIndexFile(audiomgr.cpp:638) Write Audio Index File, Audio Count:0, FileSize:0
21:31:24 [Info] AudioMgr::WriteAudioIndexFile(audiomgr.cpp:658) Finish Write Audio Index File, Audio Count:0, FileSize:0
21:31:44 [Info] AudioMgr::ReadGrayConfig(audiomgr.cpp:335) ReadGrayConfig=1
21:32:45 [Info] AudioMgr::ReadGrayConfig(audiomgr.cpp:335) ReadGrayConfig=1
21:34:01 [Info] main(main.cpp:31) [audioserver.exe] is start ....
21:34:01 [Debug] Process_Setup(process.cpp:12) Start Init <AudioConfig>
21:34:01 [Debug] Config::LoadServerNode(baseconfig.cpp:150) Read server name [audio] server id [1]
21:34:01 [Info] ReconnectManager::InitNetwork(reconnetmgr.cpp:172) Listen by link handler [gatelink] on [127.0.0.1:10170] success
21:34:01 [Debug] Process_Setup(process.cpp:13) Start Init <AudioMgr>
21:34:01 [Debug] AudioMgr::LoadVoiceLibrary(audiomgr.cpp:195) LoadLibrary[voip.dll=>create_get_authkey_instance]=(707A0FD0)
21:34:01 [Debug] AudioMgr::LoadVoiceLibrary(audiomgr.cpp:195) LoadLibrary[voip.dll=>create_stt_instance]=(707A3E20)
21:34:01 [Warn] AudioMgr::Init(audiomgr.cpp:306) Load XML Success, OneAudioSize:200000, MaxAudioCount:50000
21:34:01 [Warn] AudioMgr::ReadAudioIndexFile(audiomgr.cpp:687) Read Audio Index File Success, Audio Count: 0
21:34:01 [Warn] AudioMgr::Init(audiomgr.cpp:311) Init Audio Success
21:34:01 [Info] AudioMgr::ReadGrayConfig(audiomgr.cpp:335) ReadGrayConfig=1
21:34:01 [Debug] Process_Setup(process.cpp:13) End Init <AudioMgr>
21:34:01 [Info] AudioMgr::ReadGrayConfig(audiomgr.cpp:335) ReadGrayConfig=1
21:34:01 [Info] AudioMgr::WriteAudioIndexFile(audiomgr.cpp:631) Write Audio Index File, Audio Count:0
21:34:01 [Info] AudioMgr::WriteAudioIndexFile(audiomgr.cpp:638) Write Audio Index File, Audio Count:0, FileSize:0
21:34:01 [Info] AudioMgr::WriteAudioIndexFile(audiomgr.cpp:658) Finish Write Audio Index File, Audio Count:0, FileSize:0
21:35:02 [Info] AudioMgr::ReadGrayConfig(audiomgr.cpp:335) ReadGrayConfig=1
21:36:03 [Info] AudioMgr::ReadGrayConfig(audiomgr.cpp:335) ReadGrayConfig=1
21:37:04 [Info] AudioMgr::ReadGrayConfig(audiomgr.cpp:335) ReadGrayConfig=1
21:38:05 [Info] AudioMgr::ReadGrayConfig(audiomgr.cpp:335) ReadGrayConfig=1
23:24:02 [Info] main(main.cpp:31) [audioserver.exe] is start ....
23:24:02 [Debug] Process_Setup(process.cpp:12) Start Init <AudioConfig>
23:24:02 [Debug] Config::LoadServerNode(baseconfig.cpp:150) Read server name [audio] server id [1]
23:24:02 [Info] ReconnectManager::InitNetwork(reconnetmgr.cpp:172) Listen by link handler [gatelink] on [127.0.0.1:10170] success
23:24:02 [Debug] Process_Setup(process.cpp:13) Start Init <AudioMgr>
23:24:02 [Debug] AudioMgr::LoadVoiceLibrary(audiomgr.cpp:195) LoadLibrary[voip.dll=>create_get_authkey_instance]=(69170FD0)
23:24:02 [Debug] AudioMgr::LoadVoiceLibrary(audiomgr.cpp:195) LoadLibrary[voip.dll=>create_stt_instance]=(69173E20)
23:24:02 [Warn] AudioMgr::Init(audiomgr.cpp:306) Load XML Success, OneAudioSize:200000, MaxAudioCount:50000
23:24:02 [Warn] AudioMgr::ReadAudioIndexFile(audiomgr.cpp:687) Read Audio Index File Success, Audio Count: 0
23:24:02 [Warn] AudioMgr::Init(audiomgr.cpp:311) Init Audio Success
23:24:02 [Info] AudioMgr::ReadGrayConfig(audiomgr.cpp:335) ReadGrayConfig=1
23:24:02 [Debug] Process_Setup(process.cpp:13) End Init <AudioMgr>
23:24:02 [Info] AudioMgr::ReadGrayConfig(audiomgr.cpp:335) ReadGrayConfig=1
23:24:02 [Info] AudioMgr::WriteAudioIndexFile(audiomgr.cpp:631) Write Audio Index File, Audio Count:0
23:24:02 [Info] AudioMgr::WriteAudioIndexFile(audiomgr.cpp:638) Write Audio Index File, Audio Count:0, FileSize:0
23:24:02 [Info] AudioMgr::WriteAudioIndexFile(audiomgr.cpp:658) Finish Write Audio Index File, Audio Count:0, FileSize:0
23:25:03 [Info] AudioMgr::ReadGrayConfig(audiomgr.cpp:335) ReadGrayConfig=1
23:26:04 [Info] AudioMgr::ReadGrayConfig(audiomgr.cpp:335) ReadGrayConfig=1
23:27:05 [Info] AudioMgr::ReadGrayConfig(audiomgr.cpp:335) ReadGrayConfig=1
23:28:06 [Info] AudioMgr::ReadGrayConfig(audiomgr.cpp:335) ReadGrayConfig=1
23:29:02 [Info] AudioMgr::WriteAudioIndexFile(audiomgr.cpp:631) Write Audio Index File, Audio Count:0
23:29:02 [Info] AudioMgr::WriteAudioIndexFile(audiomgr.cpp:638) Write Audio Index File, Audio Count:0, FileSize:0
23:29:02 [Info] AudioMgr::WriteAudioIndexFile(audiomgr.cpp:658) Finish Write Audio Index File, Audio Count:0, FileSize:0
23:29:07 [Info] AudioMgr::ReadGrayConfig(audiomgr.cpp:335) ReadGrayConfig=1
23:30:08 [Info] AudioMgr::ReadGrayConfig(audiomgr.cpp:335) ReadGrayConfig=1
23:31:09 [Info] AudioMgr::ReadGrayConfig(audiomgr.cpp:335) ReadGrayConfig=1
23:32:10 [Info] AudioMgr::ReadGrayConfig(audiomgr.cpp:335) ReadGrayConfig=1
23:33:11 [Info] AudioMgr::ReadGrayConfig(audiomgr.cpp:335) ReadGrayConfig=1
23:34:02 [Info] AudioMgr::WriteAudioIndexFile(audiomgr.cpp:631) Write Audio Index File, Audio Count:0
23:34:02 [Info] AudioMgr::WriteAudioIndexFile(audiomgr.cpp:638) Write Audio Index File, Audio Count:0, FileSize:0
23:34:02 [Info] AudioMgr::WriteAudioIndexFile(audiomgr.cpp:658) Finish Write Audio Index File, Audio Count:0, FileSize:0
23:34:12 [Info] AudioMgr::ReadGrayConfig(audiomgr.cpp:335) ReadGrayConfig=1
