01:54:08 [Info] main(main.cpp:33) [loginserver.exe] is start ....
01:54:08 [Debug] Process_Setup(process.cpp:26) Start Init <LoginConfig>
01:54:08 [Debug] Config::LoadServerNode(baseconfig.cpp:150) Read server name [login] server id [100]
01:54:08 [Debug] LoginConfig::ReadSettings(config.cpp:110) max login num[500] concurent
01:54:08 [Info] LoginConfig::LoadUseFreeFlow(config.cpp:172) Use FreeFlow: 1
01:54:08 [Info] LoginConfig::LoadBackFlow(config.cpp:197) LoadBackFlow, use backflowserver check 1, account backflow time: 604800, account backflow expire time: 172800
01:54:08 [Info] ReconnectManager::InitNetwork(reconnetmgr.cpp:172) Listen by link handler [ctrllink] on [0.0.0.0:25000] success
01:54:08 [Info] ReconnectManager::InitNetwork(reconnetmgr.cpp:172) Listen by link handler [clientlink] on [0.0.0.0:25001] success
01:54:08 [Info] ReconnectManager::InitNetwork(reconnetmgr.cpp:172) Listen by link handler [gmtoollink] on [0.0.0.0:25002] success
01:54:08 [Info] ReconnectManager::InitNetwork(reconnetmgr.cpp:172) Listen by link handler [cslink] on [0.0.0.0:25003] success
01:54:08 [Info] ReconnectManager::InitNetwork(reconnetmgr.cpp:172) Listen by link handler [mslink] on [0.0.0.0:28000] success
01:54:08 [Debug] Process_Setup(process.cpp:27) Start Init <CAppConfig>
01:54:08 [Info] CAppConfig::Init(appid.cpp:20) Read AppTag: AppTag_Normal
01:54:08 [Debug] Process_Setup(process.cpp:27) End Init <CAppConfig>
01:54:08 [Debug] Process_Setup(process.cpp:28) Start Init <MysqlMgr>
01:54:08 [Info] MysqlMgr::Init(mysqlmgr.cpp:56) connect to database 127.0.0.1:3306:login success
01:54:08 [Debug] Process_Setup(process.cpp:28) End Init <MysqlMgr>
01:54:08 [Debug] Process_Setup(process.cpp:29) Start Init <GateMgr>
01:54:08 [Debug] Process_Setup(process.cpp:29) End Init <GateMgr>
01:54:08 [Debug] Process_Setup(process.cpp:30) Start Init <GMMgr>
01:54:08 [Debug] Process_Setup(process.cpp:30) End Init <GMMgr>
01:54:08 [Debug] Process_Setup(process.cpp:31) Start Init <WhiteListMgr>
01:54:08 [Info] WhiteListMgr::LoadWhiteList(whitelistmgr.cpp:72) Load openid: 221
01:54:08 [Info] WhiteListMgr::LoadWhiteList(whitelistmgr.cpp:72) Load openid: 222
01:54:08 [Info] WhiteListMgr::LoadWhiteList(whitelistmgr.cpp:72) Load openid: test
01:54:08 [Debug] Process_Setup(process.cpp:31) End Init <WhiteListMgr>
01:54:08 [Debug] Process_Setup(process.cpp:32) Start Init <CReloadMgr>
01:54:08 [Debug] Process_Setup(process.cpp:32) End Init <CReloadMgr>
01:54:08 [Debug] Process_Setup(process.cpp:33) Start Init <CLoginControl>
01:54:08 [Debug] Process_Setup(process.cpp:33) End Init <CLoginControl>
01:54:08 [Debug] Process_Setup(process.cpp:34) Start Init <ConnectionMgr>
01:54:08 [Debug] Process_Setup(process.cpp:34) End Init <ConnectionMgr>
01:54:08 [Debug] Process_Setup(process.cpp:35) Start Init <CPlatNoticeMgr>
01:54:08 [Debug] Process_Setup(process.cpp:35) End Init <CPlatNoticeMgr>
01:54:08 [Debug] Process_Setup(process.cpp:36) Start Init <CMysqlTest>
01:54:09 [Debug] CMysqlTest::Init(mysqltest.cpp:56) Init from table selfserver, count 1
01:54:09 [Debug] Process_Setup(process.cpp:36) End Init <CMysqlTest>
01:54:09 [Debug] Process_Setup(process.cpp:37) Start Init <CLoginProfiler>
01:54:09 [Debug] Process_Setup(process.cpp:37) End Init <CLoginProfiler>
01:54:09 [Debug] Process_Setup(process.cpp:38) Start Init <TokenVerifyMgr>
01:54:09 [Info] SQLThread::Init(sqlthread.cpp:56) connect to database 127.0.0.1:3306:login success
01:54:09 [Info] SQLThread::Init(sqlthread.cpp:56) connect to database 127.0.0.1:3306:login success
01:54:09 [Info] SQLThread::Init(sqlthread.cpp:56) connect to database 127.0.0.1:3306:login success
01:54:09 [Info] SQLThread::Init(sqlthread.cpp:56) connect to database 127.0.0.1:3306:login success
01:54:09 [Info] SQLThread::Init(sqlthread.cpp:56) connect to database 127.0.0.1:3306:login success
01:54:09 [Debug] Process_Setup(process.cpp:38) End Init <TokenVerifyMgr>
01:54:09 [Debug] Process_Setup(process.cpp:39) Start Init <AccountBanMgr>
01:54:09 [Debug] Process_Setup(process.cpp:39) End Init <AccountBanMgr>
01:54:09 [Debug] Process_Setup(process.cpp:40) Start Init <ReadRoleControl>
01:54:09 [Debug] Process_Setup(process.cpp:40) End Init <ReadRoleControl>
01:54:09 [Info] ControlLink::RegisterNs(controllink.cpp:57) Ns server=[1] registered success
01:54:21 [Info] MsLink::RegisterMs(mslink.cpp:53) Ms server=[1] registered success
01:54:21 [Info] GateMgr::ServerInfoNotifyToMs(gatemgr.cpp:351)  dwconnid = 49
01:54:29 [Info] CClientLink::OnPassiveConnect(clientlink.cpp:20) a client is connected
01:54:29 [Info] RpcC2I_QueryGateIP::OnCall(rpcc2i_querygateip.cpp:45) client query gate [test - 12345]
01:54:29 [Info] TokenVerifyMgr::AddToken(tokenverifymgr.cpp:75) add user [test] with token [af1a0204dbf139aceab5b1de62e132286400000001000000]
01:54:29 [Info] SetRecommandGateInfo(rpcc2i_querygateip.cpp:127) query gate return recommand server[127.0.0.1:10110]
01:54:36 [Info] RpcN2I_LoginVerify::OnCall(rpcn2i_loginverify.cpp:56) verify token[af1a0204dbf139aceab5b1de62e132286400000001000000], account[test], userid[281481083617281] account_back[0]
01:54:45 [Info] PtcM2I_UpdateSelfServer::Process(ptcm2i_updateselfserver.cpp:18) update self server, account:test serverid:1 level:1
01:54:45 [Info] PtcN2I_UsedLoginTokenNotify::Process(ptcn2i_usedlogintokennotify.cpp:41) remove token[af1a0204dbf139aceab5b1de62e132286400000001000000],  account[test]
01:54:53 [Info] TokenVerifyMgr::Update(tokenverifymgr.cpp:98) remove time expire or used token [af1a0204dbf139aceab5b1de62e132286400000001000000] with userid [test]
01:55:02 [Info] CClientLink::OnPassiveConnect(clientlink.cpp:20) a client is connected
01:55:02 [Info] RpcC2I_QueryGateIP::OnCall(rpcc2i_querygateip.cpp:45) client query gate [test - 12345]
01:55:02 [Info] TokenVerifyMgr::AddToken(tokenverifymgr.cpp:75) add user [test] with token [8468f5b59e7ef6996b5ebfee509177b36400000001000000]
01:55:02 [Info] SetRecommandGateInfo(rpcc2i_querygateip.cpp:127) query gate return recommand server[127.0.0.1:10110]
01:55:04 [Info] RpcN2I_LoginVerify::OnCall(rpcn2i_loginverify.cpp:56) verify token[8468f5b59e7ef6996b5ebfee509177b36400000001000000], account[test], userid[281481553379330] account_back[0]
01:55:04 [Info] PtcM2I_UpdateSelfServer::Process(ptcm2i_updateselfserver.cpp:18) update self server, account:test serverid:1 level:1
01:55:09 [Info] UpdateServerState(ptcn2i_updateserverstate2login.cpp:13) server[1] register [1] online role [0]
01:55:16 [Info] PtcN2I_UsedLoginTokenNotify::Process(ptcn2i_usedlogintokennotify.cpp:41) remove token[8468f5b59e7ef6996b5ebfee509177b36400000001000000],  account[test]
01:55:16 [Info] PtcM2I_UpdateSelfServer::Process(ptcm2i_updateselfserver.cpp:18) update self server, account:test serverid:1 level:1
01:55:26 [Info] TokenVerifyMgr::Update(tokenverifymgr.cpp:98) remove time expire or used token [8468f5b59e7ef6996b5ebfee509177b36400000001000000] with userid [test]
01:55:55 [Info] CClientLink::OnPassiveConnect(clientlink.cpp:20) a client is connected
01:55:55 [Info] RpcC2I_QueryGateIP::OnCall(rpcc2i_querygateip.cpp:45) client query gate [test - 12345]
01:55:55 [Info] TokenVerifyMgr::AddToken(tokenverifymgr.cpp:75) add user [test] with token [9276ab8e98dc20c7673191a1c2674cd86400000001000000]
01:55:55 [Info] SetRecommandGateInfo(rpcc2i_querygateip.cpp:127) query gate return recommand server[127.0.0.1:10110]
01:56:00 [Info] RpcN2I_LoginVerify::OnCall(rpcn2i_loginverify.cpp:56) verify token[9276ab8e98dc20c7673191a1c2674cd86400000001000000], account[test], userid[281482476126211] account_back[0]
01:56:00 [Info] PtcM2I_UpdateSelfServer::Process(ptcm2i_updateselfserver.cpp:18) update self server, account:test serverid:1 level:1
01:56:05 [Info] PtcN2I_UsedLoginTokenNotify::Process(ptcn2i_usedlogintokennotify.cpp:41) remove token[9276ab8e98dc20c7673191a1c2674cd86400000001000000],  account[test]
01:56:05 [Info] PtcM2I_UpdateSelfServer::Process(ptcm2i_updateselfserver.cpp:18) update self server, account:test serverid:1 level:1
01:56:09 [Info] UpdateServerState(ptcn2i_updateserverstate2login.cpp:13) server[1] register [1] online role [1]
01:56:10 [Info] TokenVerifyMgr::Update(tokenverifymgr.cpp:98) remove time expire or used token [9276ab8e98dc20c7673191a1c2674cd86400000001000000] with userid [test]
01:57:09 [Info] UpdateServerState(ptcn2i_updateserverstate2login.cpp:13) server[1] register [1] online role [1]
01:58:09 [Info] UpdateServerState(ptcn2i_updateserverstate2login.cpp:13) server[1] register [1] online role [1]
