17:58:36 [Info] main(main.cpp:42) [gateserver.exe] is start ....
17:58:36 [Debug] Process_Setup(process.cpp:18) Start Init <GateConfig>
17:58:36 [Debug] Config::LoadServerNode(baseconfig.cpp:150) Read server name [gate] server id [1]
17:58:36 [Info] GateConfig::ReadSettings(config.cpp:94) nps: 1000, tps: 100, maxconn: 20000
17:58:36 [Info] ReconnectManager::InitNetwork(reconnetmgr.cpp:172) Listen by link handler [clientlink] on [0.0.0.0:10110] success
17:58:36 [Info] ReconnectManager::InitNetwork(reconnetmgr.cpp:172) Listen by link handler [gslink] on [127.0.0.1:10131] success
17:58:36 [Info] ReconnectManager::InitNetwork(reconnetmgr.cpp:185) Begin connect to [127.0.0.1:10120] by link mslink
17:58:36 [Info] ReconnectManager::InitNetwork(reconnetmgr.cpp:185) Begin connect to [127.0.0.1:10125] by link ctrllink
17:58:36 [Info] ReconnectManager::InitNetwork(reconnetmgr.cpp:185) Begin connect to [127.0.0.1:10170] by link audiolink
17:58:36 [Debug] Process_Setup(process.cpp:19) Start Init <SessionManager>
17:58:36 [Debug] Process_Setup(process.cpp:19) End Init <SessionManager>
17:58:36 [Debug] Process_Setup(process.cpp:20) Start Init <ServerStateInfo>
17:58:36 [Debug] Process_Setup(process.cpp:20) End Init <ServerStateInfo>
17:58:36 [Debug] Process_Setup(process.cpp:21) Start Init <CProtocolStat>
17:58:36 [Debug] Process_Setup(process.cpp:21) End Init <CProtocolStat>
17:58:36 [Debug] Process_Setup(process.cpp:22) Start Init <CProtocolCoder>
17:58:36 [Debug] Process_Setup(process.cpp:22) End Init <CProtocolCoder>
17:58:36 [Debug] Process_Setup(process.cpp:23) Start Init <CGateProfile>
17:58:36 [Debug] Process_Setup(process.cpp:23) End Init <CGateProfile>
17:58:36 [Debug] Process_Setup(process.cpp:24) Start Init <CrossProtocolBanMgr>
17:58:36 [Debug] Process_Setup(process.cpp:24) End Init <CrossProtocolBanMgr>
17:58:38 [Error] ControlLink::OnConnectFailed(controllink.cpp:46) connect to ns failed!
17:58:38 [Error] MSLink::OnConnectFailed(mslink.cpp:46) connect to ms failed!
17:58:42 [Error] MSLink::OnConnectFailed(mslink.cpp:46) connect to ms failed!
17:58:42 [Error] ControlLink::OnConnectFailed(controllink.cpp:46) connect to ns failed!
17:58:46 [Error] ControlLink::OnConnectFailed(controllink.cpp:46) connect to ns failed!
17:58:46 [Error] MSLink::OnConnectFailed(mslink.cpp:46) connect to ms failed!
17:58:50 [Error] MSLink::OnConnectFailed(mslink.cpp:46) connect to ms failed!
17:58:50 [Error] ControlLink::OnConnectFailed(controllink.cpp:46) connect to ns failed!
17:58:54 [Error] ControlLink::OnConnectFailed(controllink.cpp:46) connect to ns failed!
17:58:54 [Error] MSLink::OnConnectFailed(mslink.cpp:46) connect to ms failed!
17:58:58 [Error] MSLink::OnConnectFailed(mslink.cpp:46) connect to ms failed!
17:58:58 [Error] ControlLink::OnConnectFailed(controllink.cpp:46) connect to ns failed!
17:59:00 [Info] RpcT2N_RegisterGt2Ns::OnReply(rpct2n_registergt2ns.cpp:13) Gate server line [1] register to ns success
17:59:02 [Error] MSLink::OnConnectFailed(mslink.cpp:46) connect to ms failed!
17:59:06 [Error] MSLink::OnConnectFailed(mslink.cpp:46) connect to ms failed!
17:59:10 [Error] MSLink::OnConnectFailed(mslink.cpp:46) connect to ms failed!
17:59:14 [Error] MSLink::OnConnectFailed(mslink.cpp:46) connect to ms failed!
17:59:18 [Error] MSLink::OnConnectFailed(mslink.cpp:46) connect to ms failed!
17:59:22 [Error] MSLink::OnConnectFailed(mslink.cpp:46) connect to ms failed!
17:59:26 [Error] MSLink::OnConnectFailed(mslink.cpp:46) connect to ms failed!
17:59:30 [Error] MSLink::OnConnectFailed(mslink.cpp:46) connect to ms failed!
17:59:34 [Error] MSLink::OnConnectFailed(mslink.cpp:46) connect to ms failed!
17:59:38 [Error] MSLink::OnConnectFailed(mslink.cpp:46) connect to ms failed!
17:59:42 [Error] MSLink::OnConnectFailed(mslink.cpp:46) connect to ms failed!
17:59:46 [Error] MSLink::OnConnectFailed(mslink.cpp:46) connect to ms failed!
17:59:50 [Error] MSLink::OnConnectFailed(mslink.cpp:46) connect to ms failed!
17:59:54 [Error] MSLink::OnConnectFailed(mslink.cpp:46) connect to ms failed!
17:59:58 [Error] MSLink::OnConnectFailed(mslink.cpp:46) connect to ms failed!
18:00:02 [Error] MSLink::OnConnectFailed(mslink.cpp:46) connect to ms failed!
18:00:06 [Error] MSLink::OnConnectFailed(mslink.cpp:46) connect to ms failed!
18:00:10 [Error] MSLink::OnConnectFailed(mslink.cpp:46) connect to ms failed!
18:00:14 [Error] MSLink::OnConnectFailed(mslink.cpp:46) connect to ms failed!
18:00:18 [Error] MSLink::OnConnectFailed(mslink.cpp:46) connect to ms failed!
18:00:22 [Error] MSLink::OnConnectFailed(mslink.cpp:46) connect to ms failed!
18:00:26 [Error] MSLink::OnConnectFailed(mslink.cpp:46) connect to ms failed!
18:00:30 [Error] MSLink::OnConnectFailed(mslink.cpp:46) connect to ms failed!
18:00:34 [Error] MSLink::OnConnectFailed(mslink.cpp:46) connect to ms failed!
18:00:38 [Error] MSLink::OnConnectFailed(mslink.cpp:46) connect to ms failed!
18:00:42 [Error] MSLink::OnConnectFailed(mslink.cpp:46) connect to ms failed!
18:00:46 [Error] MSLink::OnConnectFailed(mslink.cpp:46) connect to ms failed!
18:00:50 [Error] MSLink::OnConnectFailed(mslink.cpp:46) connect to ms failed!
18:00:54 [Error] MSLink::OnConnectFailed(mslink.cpp:46) connect to ms failed!
18:00:58 [Error] MSLink::OnConnectFailed(mslink.cpp:46) connect to ms failed!
18:01:02 [Error] MSLink::OnConnectFailed(mslink.cpp:46) connect to ms failed!
18:01:06 [Error] MSLink::OnConnectFailed(mslink.cpp:46) connect to ms failed!
18:01:10 [Error] MSLink::OnConnectFailed(mslink.cpp:46) connect to ms failed!
18:01:14 [Error] MSLink::OnConnectFailed(mslink.cpp:46) connect to ms failed!
18:01:18 [Error] MSLink::OnConnectFailed(mslink.cpp:46) connect to ms failed!
18:01:22 [Error] MSLink::OnConnectFailed(mslink.cpp:46) connect to ms failed!
18:01:26 [Error] MSLink::OnConnectFailed(mslink.cpp:46) connect to ms failed!
18:01:30 [Error] MSLink::OnConnectFailed(mslink.cpp:46) connect to ms failed!
18:01:34 [Error] MSLink::OnConnectFailed(mslink.cpp:46) connect to ms failed!
18:01:38 [Error] MSLink::OnConnectFailed(mslink.cpp:46) connect to ms failed!
18:01:42 [Error] MSLink::OnConnectFailed(mslink.cpp:46) connect to ms failed!
18:01:46 [Error] MSLink::OnConnectFailed(mslink.cpp:46) connect to ms failed!
18:01:50 [Error] MSLink::OnConnectFailed(mslink.cpp:46) connect to ms failed!
18:01:54 [Error] MSLink::OnConnectFailed(mslink.cpp:46) connect to ms failed!
18:01:58 [Error] MSLink::OnConnectFailed(mslink.cpp:46) connect to ms failed!
18:02:02 [Error] MSLink::OnConnectFailed(mslink.cpp:46) connect to ms failed!
18:02:06 [Error] MSLink::OnConnectFailed(mslink.cpp:46) connect to ms failed!
18:02:10 [Error] MSLink::OnConnectFailed(mslink.cpp:46) connect to ms failed!
18:02:14 [Error] MSLink::OnConnectFailed(mslink.cpp:46) connect to ms failed!
18:02:18 [Error] MSLink::OnConnectFailed(mslink.cpp:46) connect to ms failed!
18:02:22 [Error] MSLink::OnConnectFailed(mslink.cpp:46) connect to ms failed!
18:02:26 [Error] MSLink::OnConnectFailed(mslink.cpp:46) connect to ms failed!
18:02:30 [Error] MSLink::OnConnectFailed(mslink.cpp:46) connect to ms failed!
18:02:34 [Error] MSLink::OnConnectFailed(mslink.cpp:46) connect to ms failed!
18:02:38 [Error] MSLink::OnConnectFailed(mslink.cpp:46) connect to ms failed!
18:02:42 [Error] MSLink::OnConnectFailed(mslink.cpp:46) connect to ms failed!
18:02:46 [Error] MSLink::OnConnectFailed(mslink.cpp:46) connect to ms failed!
18:02:50 [Error] MSLink::OnConnectFailed(mslink.cpp:46) connect to ms failed!
18:02:54 [Error] MSLink::OnConnectFailed(mslink.cpp:46) connect to ms failed!
18:02:58 [Error] MSLink::OnConnectFailed(mslink.cpp:46) connect to ms failed!
18:03:02 [Error] MSLink::OnConnectFailed(mslink.cpp:46) connect to ms failed!
18:03:06 [Error] MSLink::OnConnectFailed(mslink.cpp:46) connect to ms failed!
18:03:10 [Error] MSLink::OnConnectFailed(mslink.cpp:46) connect to ms failed!
18:03:14 [Error] MSLink::OnConnectFailed(mslink.cpp:46) connect to ms failed!
18:03:18 [Error] MSLink::OnConnectFailed(mslink.cpp:46) connect to ms failed!
18:03:22 [Error] MSLink::OnConnectFailed(mslink.cpp:46) connect to ms failed!
18:03:26 [Error] MSLink::OnConnectFailed(mslink.cpp:46) connect to ms failed!
18:03:30 [Error] MSLink::OnConnectFailed(mslink.cpp:46) connect to ms failed!
18:03:34 [Error] MSLink::OnConnectFailed(mslink.cpp:46) connect to ms failed!
18:03:38 [Error] MSLink::OnConnectFailed(mslink.cpp:46) connect to ms failed!
18:03:42 [Error] MSLink::OnConnectFailed(mslink.cpp:46) connect to ms failed!
18:03:46 [Error] MSLink::OnConnectFailed(mslink.cpp:46) connect to ms failed!
18:03:50 [Error] MSLink::OnConnectFailed(mslink.cpp:46) connect to ms failed!
18:03:54 [Error] MSLink::OnConnectFailed(mslink.cpp:46) connect to ms failed!
18:03:58 [Error] MSLink::OnConnectFailed(mslink.cpp:46) connect to ms failed!
18:04:02 [Error] MSLink::OnConnectFailed(mslink.cpp:46) connect to ms failed!
18:04:06 [Error] MSLink::OnConnectFailed(mslink.cpp:46) connect to ms failed!
18:04:10 [Error] MSLink::OnConnectFailed(mslink.cpp:46) connect to ms failed!
18:04:14 [Error] MSLink::OnConnectFailed(mslink.cpp:46) connect to ms failed!
18:04:18 [Error] MSLink::OnConnectFailed(mslink.cpp:46) connect to ms failed!
18:04:22 [Error] MSLink::OnConnectFailed(mslink.cpp:46) connect to ms failed!
18:04:26 [Error] MSLink::OnConnectFailed(mslink.cpp:46) connect to ms failed!
18:04:30 [Error] MSLink::OnConnectFailed(mslink.cpp:46) connect to ms failed!
18:04:34 [Error] MSLink::OnConnectFailed(mslink.cpp:46) connect to ms failed!
18:04:38 [Error] MSLink::OnConnectFailed(mslink.cpp:46) connect to ms failed!
18:04:42 [Error] MSLink::OnConnectFailed(mslink.cpp:46) connect to ms failed!
18:04:46 [Error] MSLink::OnConnectFailed(mslink.cpp:46) connect to ms failed!
18:04:50 [Error] MSLink::OnConnectFailed(mslink.cpp:46) connect to ms failed!
18:04:54 [Error] MSLink::OnConnectFailed(mslink.cpp:46) connect to ms failed!
18:04:58 [Error] MSLink::OnConnectFailed(mslink.cpp:46) connect to ms failed!
18:05:02 [Error] MSLink::OnConnectFailed(mslink.cpp:46) connect to ms failed!
18:05:06 [Error] MSLink::OnConnectFailed(mslink.cpp:46) connect to ms failed!
18:05:10 [Error] MSLink::OnConnectFailed(mslink.cpp:46) connect to ms failed!
18:05:14 [Error] MSLink::OnConnectFailed(mslink.cpp:46) connect to ms failed!
18:05:18 [Error] MSLink::OnConnectFailed(mslink.cpp:46) connect to ms failed!
18:05:22 [Error] MSLink::OnConnectFailed(mslink.cpp:46) connect to ms failed!
18:05:26 [Error] MSLink::OnConnectFailed(mslink.cpp:46) connect to ms failed!
18:05:30 [Error] MSLink::OnConnectFailed(mslink.cpp:46) connect to ms failed!
18:05:34 [Error] MSLink::OnConnectFailed(mslink.cpp:46) connect to ms failed!
18:05:38 [Error] MSLink::OnConnectFailed(mslink.cpp:46) connect to ms failed!
18:05:42 [Error] MSLink::OnConnectFailed(mslink.cpp:46) connect to ms failed!
18:05:46 [Error] MSLink::OnConnectFailed(mslink.cpp:46) connect to ms failed!
18:05:50 [Error] MSLink::OnConnectFailed(mslink.cpp:46) connect to ms failed!
18:05:54 [Error] MSLink::OnConnectFailed(mslink.cpp:46) connect to ms failed!
18:05:58 [Error] MSLink::OnConnectFailed(mslink.cpp:46) connect to ms failed!
18:06:02 [Error] MSLink::OnConnectFailed(mslink.cpp:46) connect to ms failed!
18:06:06 [Error] MSLink::OnConnectFailed(mslink.cpp:46) connect to ms failed!
18:06:10 [Error] MSLink::OnConnectFailed(mslink.cpp:46) connect to ms failed!
18:06:14 [Error] MSLink::OnConnectFailed(mslink.cpp:46) connect to ms failed!
18:06:18 [Error] MSLink::OnConnectFailed(mslink.cpp:46) connect to ms failed!
18:06:22 [Error] MSLink::OnConnectFailed(mslink.cpp:46) connect to ms failed!
18:06:26 [Error] MSLink::OnConnectFailed(mslink.cpp:46) connect to ms failed!
18:06:30 [Error] MSLink::OnConnectFailed(mslink.cpp:46) connect to ms failed!
18:06:34 [Error] MSLink::OnConnectFailed(mslink.cpp:46) connect to ms failed!
18:06:38 [Error] MSLink::OnConnectFailed(mslink.cpp:46) connect to ms failed!
18:06:42 [Error] MSLink::OnConnectFailed(mslink.cpp:46) connect to ms failed!
18:06:46 [Error] MSLink::OnConnectFailed(mslink.cpp:46) connect to ms failed!
18:06:50 [Error] MSLink::OnConnectFailed(mslink.cpp:46) connect to ms failed!
18:06:54 [Error] MSLink::OnConnectFailed(mslink.cpp:46) connect to ms failed!
18:06:58 [Error] MSLink::OnConnectFailed(mslink.cpp:46) connect to ms failed!
18:07:02 [Error] MSLink::OnConnectFailed(mslink.cpp:46) connect to ms failed!
18:07:06 [Error] MSLink::OnConnectFailed(mslink.cpp:46) connect to ms failed!
18:07:10 [Error] MSLink::OnConnectFailed(mslink.cpp:46) connect to ms failed!
18:07:14 [Error] MSLink::OnConnectFailed(mslink.cpp:46) connect to ms failed!
18:07:18 [Error] MSLink::OnConnectFailed(mslink.cpp:46) connect to ms failed!
18:07:22 [Error] MSLink::OnConnectFailed(mslink.cpp:46) connect to ms failed!
18:07:26 [Error] MSLink::OnConnectFailed(mslink.cpp:46) connect to ms failed!
18:07:30 [Error] MSLink::OnConnectFailed(mslink.cpp:46) connect to ms failed!
18:07:34 [Error] MSLink::OnConnectFailed(mslink.cpp:46) connect to ms failed!
18:07:38 [Error] MSLink::OnConnectFailed(mslink.cpp:46) connect to ms failed!
18:07:42 [Error] MSLink::OnConnectFailed(mslink.cpp:46) connect to ms failed!
18:07:46 [Error] MSLink::OnConnectFailed(mslink.cpp:46) connect to ms failed!
18:07:50 [Error] MSLink::OnConnectFailed(mslink.cpp:46) connect to ms failed!
18:07:54 [Error] MSLink::OnConnectFailed(mslink.cpp:46) connect to ms failed!
18:07:58 [Error] MSLink::OnConnectFailed(mslink.cpp:46) connect to ms failed!
18:08:02 [Error] MSLink::OnConnectFailed(mslink.cpp:46) connect to ms failed!
18:08:06 [Error] MSLink::OnConnectFailed(mslink.cpp:46) connect to ms failed!
18:08:10 [Error] MSLink::OnConnectFailed(mslink.cpp:46) connect to ms failed!
18:08:14 [Error] MSLink::OnConnectFailed(mslink.cpp:46) connect to ms failed!
18:08:18 [Error] MSLink::OnConnectFailed(mslink.cpp:46) connect to ms failed!
18:08:22 [Error] MSLink::OnConnectFailed(mslink.cpp:46) connect to ms failed!
18:08:26 [Error] MSLink::OnConnectFailed(mslink.cpp:46) connect to ms failed!
18:08:30 [Error] MSLink::OnConnectFailed(mslink.cpp:46) connect to ms failed!
18:08:34 [Error] MSLink::OnConnectFailed(mslink.cpp:46) connect to ms failed!
18:08:38 [Error] MSLink::OnConnectFailed(mslink.cpp:46) connect to ms failed!
18:08:42 [Error] MSLink::OnConnectFailed(mslink.cpp:46) connect to ms failed!
18:08:46 [Error] MSLink::OnConnectFailed(mslink.cpp:46) connect to ms failed!
18:08:50 [Error] MSLink::OnConnectFailed(mslink.cpp:46) connect to ms failed!
18:08:54 [Error] MSLink::OnConnectFailed(mslink.cpp:46) connect to ms failed!
18:08:58 [Error] MSLink::OnConnectFailed(mslink.cpp:46) connect to ms failed!
18:09:02 [Error] MSLink::OnConnectFailed(mslink.cpp:46) connect to ms failed!
18:09:06 [Error] MSLink::OnConnectFailed(mslink.cpp:46) connect to ms failed!
18:09:10 [Error] MSLink::OnConnectFailed(mslink.cpp:46) connect to ms failed!
18:09:14 [Error] MSLink::OnConnectFailed(mslink.cpp:46) connect to ms failed!
18:09:18 [Error] MSLink::OnConnectFailed(mslink.cpp:46) connect to ms failed!
18:09:22 [Error] MSLink::OnConnectFailed(mslink.cpp:46) connect to ms failed!
18:09:26 [Error] MSLink::OnConnectFailed(mslink.cpp:46) connect to ms failed!
18:09:30 [Error] MSLink::OnConnectFailed(mslink.cpp:46) connect to ms failed!
18:09:34 [Error] MSLink::OnConnectFailed(mslink.cpp:46) connect to ms failed!
18:09:38 [Error] MSLink::OnConnectFailed(mslink.cpp:46) connect to ms failed!
18:09:42 [Error] MSLink::OnConnectFailed(mslink.cpp:46) connect to ms failed!
18:09:46 [Error] MSLink::OnConnectFailed(mslink.cpp:46) connect to ms failed!
18:09:50 [Error] MSLink::OnConnectFailed(mslink.cpp:46) connect to ms failed!
18:09:54 [Error] MSLink::OnConnectFailed(mslink.cpp:46) connect to ms failed!
18:09:58 [Error] MSLink::OnConnectFailed(mslink.cpp:46) connect to ms failed!
18:10:02 [Error] MSLink::OnConnectFailed(mslink.cpp:46) connect to ms failed!
18:10:06 [Error] MSLink::OnConnectFailed(mslink.cpp:46) connect to ms failed!
18:10:10 [Error] MSLink::OnConnectFailed(mslink.cpp:46) connect to ms failed!
18:10:14 [Error] MSLink::OnConnectFailed(mslink.cpp:46) connect to ms failed!
18:10:18 [Error] MSLink::OnConnectFailed(mslink.cpp:46) connect to ms failed!
18:10:22 [Error] MSLink::OnConnectFailed(mslink.cpp:46) connect to ms failed!
18:10:26 [Error] MSLink::OnConnectFailed(mslink.cpp:46) connect to ms failed!
18:10:30 [Error] MSLink::OnConnectFailed(mslink.cpp:46) connect to ms failed!
18:10:34 [Error] MSLink::OnConnectFailed(mslink.cpp:46) connect to ms failed!
18:10:38 [Error] MSLink::OnConnectFailed(mslink.cpp:46) connect to ms failed!
18:10:42 [Error] MSLink::OnConnectFailed(mslink.cpp:46) connect to ms failed!
18:10:46 [Error] MSLink::OnConnectFailed(mslink.cpp:46) connect to ms failed!
18:10:50 [Error] MSLink::OnConnectFailed(mslink.cpp:46) connect to ms failed!
18:10:54 [Error] MSLink::OnConnectFailed(mslink.cpp:46) connect to ms failed!
18:10:58 [Error] MSLink::OnConnectFailed(mslink.cpp:46) connect to ms failed!
18:11:02 [Error] MSLink::OnConnectFailed(mslink.cpp:46) connect to ms failed!
18:11:06 [Error] MSLink::OnConnectFailed(mslink.cpp:46) connect to ms failed!
18:11:10 [Error] MSLink::OnConnectFailed(mslink.cpp:46) connect to ms failed!
18:11:14 [Error] MSLink::OnConnectFailed(mslink.cpp:46) connect to ms failed!
18:11:18 [Error] MSLink::OnConnectFailed(mslink.cpp:46) connect to ms failed!
18:11:22 [Error] MSLink::OnConnectFailed(mslink.cpp:46) connect to ms failed!
18:11:26 [Error] MSLink::OnConnectFailed(mslink.cpp:46) connect to ms failed!
18:11:30 [Error] MSLink::OnConnectFailed(mslink.cpp:46) connect to ms failed!
18:11:34 [Error] MSLink::OnConnectFailed(mslink.cpp:46) connect to ms failed!
18:11:38 [Error] MSLink::OnConnectFailed(mslink.cpp:46) connect to ms failed!
18:11:42 [Error] MSLink::OnConnectFailed(mslink.cpp:46) connect to ms failed!
18:11:46 [Error] MSLink::OnConnectFailed(mslink.cpp:46) connect to ms failed!
18:11:50 [Error] MSLink::OnConnectFailed(mslink.cpp:46) connect to ms failed!
18:11:54 [Error] MSLink::OnConnectFailed(mslink.cpp:46) connect to ms failed!
18:11:58 [Error] MSLink::OnConnectFailed(mslink.cpp:46) connect to ms failed!
18:12:02 [Error] MSLink::OnConnectFailed(mslink.cpp:46) connect to ms failed!
18:12:06 [Error] MSLink::OnConnectFailed(mslink.cpp:46) connect to ms failed!
18:12:10 [Error] MSLink::OnConnectFailed(mslink.cpp:46) connect to ms failed!
18:12:14 [Error] MSLink::OnConnectFailed(mslink.cpp:46) connect to ms failed!
18:12:18 [Error] MSLink::OnConnectFailed(mslink.cpp:46) connect to ms failed!
18:12:22 [Error] MSLink::OnConnectFailed(mslink.cpp:46) connect to ms failed!
18:12:26 [Error] MSLink::OnConnectFailed(mslink.cpp:46) connect to ms failed!
18:12:30 [Error] MSLink::OnConnectFailed(mslink.cpp:46) connect to ms failed!
18:12:34 [Error] MSLink::OnConnectFailed(mslink.cpp:46) connect to ms failed!
18:12:38 [Error] MSLink::OnConnectFailed(mslink.cpp:46) connect to ms failed!
18:12:42 [Error] MSLink::OnConnectFailed(mslink.cpp:46) connect to ms failed!
18:12:46 [Error] MSLink::OnConnectFailed(mslink.cpp:46) connect to ms failed!
18:12:50 [Error] MSLink::OnConnectFailed(mslink.cpp:46) connect to ms failed!
18:12:54 [Error] MSLink::OnConnectFailed(mslink.cpp:46) connect to ms failed!
18:12:58 [Error] MSLink::OnConnectFailed(mslink.cpp:46) connect to ms failed!
18:13:02 [Error] MSLink::OnConnectFailed(mslink.cpp:46) connect to ms failed!
18:13:06 [Error] MSLink::OnConnectFailed(mslink.cpp:46) connect to ms failed!
18:13:10 [Error] MSLink::OnConnectFailed(mslink.cpp:46) connect to ms failed!
18:13:14 [Error] MSLink::OnConnectFailed(mslink.cpp:46) connect to ms failed!
18:13:18 [Error] MSLink::OnConnectFailed(mslink.cpp:46) connect to ms failed!
18:13:22 [Error] MSLink::OnConnectFailed(mslink.cpp:46) connect to ms failed!
18:13:26 [Error] MSLink::OnConnectFailed(mslink.cpp:46) connect to ms failed!
18:13:30 [Error] MSLink::OnConnectFailed(mslink.cpp:46) connect to ms failed!
18:13:34 [Error] MSLink::OnConnectFailed(mslink.cpp:46) connect to ms failed!
18:13:38 [Error] MSLink::OnConnectFailed(mslink.cpp:46) connect to ms failed!
18:13:42 [Error] MSLink::OnConnectFailed(mslink.cpp:46) connect to ms failed!
18:13:46 [Error] MSLink::OnConnectFailed(mslink.cpp:46) connect to ms failed!
18:13:50 [Error] MSLink::OnConnectFailed(mslink.cpp:46) connect to ms failed!
18:13:54 [Error] MSLink::OnConnectFailed(mslink.cpp:46) connect to ms failed!
18:13:58 [Error] MSLink::OnConnectFailed(mslink.cpp:46) connect to ms failed!
18:14:02 [Error] MSLink::OnConnectFailed(mslink.cpp:46) connect to ms failed!
18:14:06 [Error] MSLink::OnConnectFailed(mslink.cpp:46) connect to ms failed!
18:14:10 [Error] MSLink::OnConnectFailed(mslink.cpp:46) connect to ms failed!
18:14:14 [Error] MSLink::OnConnectFailed(mslink.cpp:46) connect to ms failed!
18:14:18 [Error] MSLink::OnConnectFailed(mslink.cpp:46) connect to ms failed!
18:14:22 [Error] MSLink::OnConnectFailed(mslink.cpp:46) connect to ms failed!
18:14:26 [Error] MSLink::OnConnectFailed(mslink.cpp:46) connect to ms failed!
18:14:30 [Error] MSLink::OnConnectFailed(mslink.cpp:46) connect to ms failed!
18:14:34 [Error] MSLink::OnConnectFailed(mslink.cpp:46) connect to ms failed!
18:14:38 [Error] MSLink::OnConnectFailed(mslink.cpp:46) connect to ms failed!
18:14:42 [Error] MSLink::OnConnectFailed(mslink.cpp:46) connect to ms failed!
18:14:46 [Error] MSLink::OnConnectFailed(mslink.cpp:46) connect to ms failed!
18:14:50 [Error] MSLink::OnConnectFailed(mslink.cpp:46) connect to ms failed!
18:14:54 [Error] MSLink::OnConnectFailed(mslink.cpp:46) connect to ms failed!
18:14:58 [Error] MSLink::OnConnectFailed(mslink.cpp:46) connect to ms failed!
18:15:02 [Error] MSLink::OnConnectFailed(mslink.cpp:46) connect to ms failed!
18:15:06 [Error] MSLink::OnConnectFailed(mslink.cpp:46) connect to ms failed!
18:15:10 [Error] MSLink::OnConnectFailed(mslink.cpp:46) connect to ms failed!
18:15:14 [Error] MSLink::OnConnectFailed(mslink.cpp:46) connect to ms failed!
18:15:18 [Error] MSLink::OnConnectFailed(mslink.cpp:46) connect to ms failed!
18:15:22 [Error] MSLink::OnConnectFailed(mslink.cpp:46) connect to ms failed!
18:15:26 [Error] MSLink::OnConnectFailed(mslink.cpp:46) connect to ms failed!
18:15:30 [Error] MSLink::OnConnectFailed(mslink.cpp:46) connect to ms failed!
18:15:34 [Error] MSLink::OnConnectFailed(mslink.cpp:46) connect to ms failed!
18:15:38 [Error] MSLink::OnConnectFailed(mslink.cpp:46) connect to ms failed!
18:15:42 [Error] MSLink::OnConnectFailed(mslink.cpp:46) connect to ms failed!
18:15:46 [Error] MSLink::OnConnectFailed(mslink.cpp:46) connect to ms failed!
18:15:50 [Error] MSLink::OnConnectFailed(mslink.cpp:46) connect to ms failed!
18:15:54 [Error] MSLink::OnConnectFailed(mslink.cpp:46) connect to ms failed!
18:15:58 [Error] MSLink::OnConnectFailed(mslink.cpp:46) connect to ms failed!
18:16:02 [Error] MSLink::OnConnectFailed(mslink.cpp:46) connect to ms failed!
18:16:06 [Error] MSLink::OnConnectFailed(mslink.cpp:46) connect to ms failed!
18:16:10 [Error] MSLink::OnConnectFailed(mslink.cpp:46) connect to ms failed!
18:16:14 [Error] MSLink::OnConnectFailed(mslink.cpp:46) connect to ms failed!
18:16:18 [Error] MSLink::OnConnectFailed(mslink.cpp:46) connect to ms failed!
18:16:22 [Error] MSLink::OnConnectFailed(mslink.cpp:46) connect to ms failed!
18:16:26 [Error] MSLink::OnConnectFailed(mslink.cpp:46) connect to ms failed!
18:16:30 [Error] MSLink::OnConnectFailed(mslink.cpp:46) connect to ms failed!
18:16:34 [Error] MSLink::OnConnectFailed(mslink.cpp:46) connect to ms failed!
18:16:38 [Error] MSLink::OnConnectFailed(mslink.cpp:46) connect to ms failed!
18:16:42 [Error] MSLink::OnConnectFailed(mslink.cpp:46) connect to ms failed!
18:16:46 [Error] MSLink::OnConnectFailed(mslink.cpp:46) connect to ms failed!
18:16:50 [Error] MSLink::OnConnectFailed(mslink.cpp:46) connect to ms failed!
18:16:54 [Error] MSLink::OnConnectFailed(mslink.cpp:46) connect to ms failed!
18:16:58 [Error] MSLink::OnConnectFailed(mslink.cpp:46) connect to ms failed!
18:17:02 [Error] MSLink::OnConnectFailed(mslink.cpp:46) connect to ms failed!
18:17:06 [Error] MSLink::OnConnectFailed(mslink.cpp:46) connect to ms failed!
18:17:10 [Error] MSLink::OnConnectFailed(mslink.cpp:46) connect to ms failed!
18:17:14 [Error] MSLink::OnConnectFailed(mslink.cpp:46) connect to ms failed!
18:17:18 [Error] MSLink::OnConnectFailed(mslink.cpp:46) connect to ms failed!
18:17:22 [Error] MSLink::OnConnectFailed(mslink.cpp:46) connect to ms failed!
18:17:26 [Error] MSLink::OnConnectFailed(mslink.cpp:46) connect to ms failed!
18:17:30 [Error] MSLink::OnConnectFailed(mslink.cpp:46) connect to ms failed!
18:17:34 [Error] MSLink::OnConnectFailed(mslink.cpp:46) connect to ms failed!
18:17:38 [Error] MSLink::OnConnectFailed(mslink.cpp:46) connect to ms failed!
18:17:42 [Error] MSLink::OnConnectFailed(mslink.cpp:46) connect to ms failed!
18:17:46 [Error] MSLink::OnConnectFailed(mslink.cpp:46) connect to ms failed!
18:17:50 [Error] MSLink::OnConnectFailed(mslink.cpp:46) connect to ms failed!
18:17:54 [Error] MSLink::OnConnectFailed(mslink.cpp:46) connect to ms failed!
18:17:58 [Error] MSLink::OnConnectFailed(mslink.cpp:46) connect to ms failed!
18:18:02 [Error] MSLink::OnConnectFailed(mslink.cpp:46) connect to ms failed!
18:18:06 [Error] MSLink::OnConnectFailed(mslink.cpp:46) connect to ms failed!
18:18:10 [Error] MSLink::OnConnectFailed(mslink.cpp:46) connect to ms failed!
18:18:14 [Error] MSLink::OnConnectFailed(mslink.cpp:46) connect to ms failed!
18:18:18 [Error] MSLink::OnConnectFailed(mslink.cpp:46) connect to ms failed!
18:18:22 [Error] MSLink::OnConnectFailed(mslink.cpp:46) connect to ms failed!
18:18:26 [Error] MSLink::OnConnectFailed(mslink.cpp:46) connect to ms failed!
18:18:30 [Error] MSLink::OnConnectFailed(mslink.cpp:46) connect to ms failed!
18:18:34 [Error] MSLink::OnConnectFailed(mslink.cpp:46) connect to ms failed!
18:18:38 [Error] MSLink::OnConnectFailed(mslink.cpp:46) connect to ms failed!
18:18:42 [Error] MSLink::OnConnectFailed(mslink.cpp:46) connect to ms failed!
18:18:46 [Error] MSLink::OnConnectFailed(mslink.cpp:46) connect to ms failed!
18:18:50 [Error] MSLink::OnConnectFailed(mslink.cpp:46) connect to ms failed!
18:18:54 [Error] MSLink::OnConnectFailed(mslink.cpp:46) connect to ms failed!
18:18:58 [Error] MSLink::OnConnectFailed(mslink.cpp:46) connect to ms failed!
18:19:02 [Error] MSLink::OnConnectFailed(mslink.cpp:46) connect to ms failed!
18:19:06 [Error] MSLink::OnConnectFailed(mslink.cpp:46) connect to ms failed!
18:19:10 [Error] MSLink::OnConnectFailed(mslink.cpp:46) connect to ms failed!
18:19:14 [Error] MSLink::OnConnectFailed(mslink.cpp:46) connect to ms failed!
18:19:18 [Error] MSLink::OnConnectFailed(mslink.cpp:46) connect to ms failed!
18:19:22 [Error] MSLink::OnConnectFailed(mslink.cpp:46) connect to ms failed!
18:19:26 [Error] MSLink::OnConnectFailed(mslink.cpp:46) connect to ms failed!
18:19:30 [Error] MSLink::OnConnectFailed(mslink.cpp:46) connect to ms failed!
18:19:34 [Error] MSLink::OnConnectFailed(mslink.cpp:46) connect to ms failed!
18:19:38 [Error] MSLink::OnConnectFailed(mslink.cpp:46) connect to ms failed!
18:19:42 [Error] MSLink::OnConnectFailed(mslink.cpp:46) connect to ms failed!
18:19:46 [Error] MSLink::OnConnectFailed(mslink.cpp:46) connect to ms failed!
18:19:50 [Error] MSLink::OnConnectFailed(mslink.cpp:46) connect to ms failed!
18:19:54 [Error] MSLink::OnConnectFailed(mslink.cpp:46) connect to ms failed!
18:19:58 [Error] MSLink::OnConnectFailed(mslink.cpp:46) connect to ms failed!
18:20:02 [Error] MSLink::OnConnectFailed(mslink.cpp:46) connect to ms failed!
18:20:06 [Error] MSLink::OnConnectFailed(mslink.cpp:46) connect to ms failed!
18:20:10 [Error] MSLink::OnConnectFailed(mslink.cpp:46) connect to ms failed!
18:20:14 [Error] MSLink::OnConnectFailed(mslink.cpp:46) connect to ms failed!
18:20:18 [Error] MSLink::OnConnectFailed(mslink.cpp:46) connect to ms failed!
18:20:22 [Error] MSLink::OnConnectFailed(mslink.cpp:46) connect to ms failed!
18:20:26 [Error] MSLink::OnConnectFailed(mslink.cpp:46) connect to ms failed!
18:20:30 [Error] MSLink::OnConnectFailed(mslink.cpp:46) connect to ms failed!
18:20:34 [Error] MSLink::OnConnectFailed(mslink.cpp:46) connect to ms failed!
18:20:38 [Error] MSLink::OnConnectFailed(mslink.cpp:46) connect to ms failed!
18:20:42 [Error] MSLink::OnConnectFailed(mslink.cpp:46) connect to ms failed!
18:20:46 [Error] MSLink::OnConnectFailed(mslink.cpp:46) connect to ms failed!
18:20:50 [Error] MSLink::OnConnectFailed(mslink.cpp:46) connect to ms failed!
18:20:54 [Error] MSLink::OnConnectFailed(mslink.cpp:46) connect to ms failed!
18:20:58 [Error] MSLink::OnConnectFailed(mslink.cpp:46) connect to ms failed!
18:21:02 [Error] MSLink::OnConnectFailed(mslink.cpp:46) connect to ms failed!
18:21:06 [Error] MSLink::OnConnectFailed(mslink.cpp:46) connect to ms failed!
18:21:10 [Error] MSLink::OnConnectFailed(mslink.cpp:46) connect to ms failed!
18:21:14 [Error] MSLink::OnConnectFailed(mslink.cpp:46) connect to ms failed!
18:21:18 [Error] MSLink::OnConnectFailed(mslink.cpp:46) connect to ms failed!
18:21:22 [Error] MSLink::OnConnectFailed(mslink.cpp:46) connect to ms failed!
18:21:26 [Error] MSLink::OnConnectFailed(mslink.cpp:46) connect to ms failed!
18:21:30 [Error] MSLink::OnConnectFailed(mslink.cpp:46) connect to ms failed!
18:21:34 [Error] MSLink::OnConnectFailed(mslink.cpp:46) connect to ms failed!
18:21:38 [Error] MSLink::OnConnectFailed(mslink.cpp:46) connect to ms failed!
18:21:42 [Error] MSLink::OnConnectFailed(mslink.cpp:46) connect to ms failed!
18:21:46 [Error] MSLink::OnConnectFailed(mslink.cpp:46) connect to ms failed!
18:21:50 [Error] MSLink::OnConnectFailed(mslink.cpp:46) connect to ms failed!
18:21:54 [Error] MSLink::OnConnectFailed(mslink.cpp:46) connect to ms failed!
18:21:58 [Error] MSLink::OnConnectFailed(mslink.cpp:46) connect to ms failed!
18:22:02 [Error] MSLink::OnConnectFailed(mslink.cpp:46) connect to ms failed!
18:22:06 [Error] MSLink::OnConnectFailed(mslink.cpp:46) connect to ms failed!
18:22:10 [Error] MSLink::OnConnectFailed(mslink.cpp:46) connect to ms failed!
18:22:14 [Error] MSLink::OnConnectFailed(mslink.cpp:46) connect to ms failed!
18:22:18 [Error] MSLink::OnConnectFailed(mslink.cpp:46) connect to ms failed!
18:22:22 [Error] MSLink::OnConnectFailed(mslink.cpp:46) connect to ms failed!
18:22:26 [Error] MSLink::OnConnectFailed(mslink.cpp:46) connect to ms failed!
18:22:30 [Error] MSLink::OnConnectFailed(mslink.cpp:46) connect to ms failed!
18:22:34 [Error] MSLink::OnConnectFailed(mslink.cpp:46) connect to ms failed!
18:22:38 [Error] MSLink::OnConnectFailed(mslink.cpp:46) connect to ms failed!
18:22:42 [Error] MSLink::OnConnectFailed(mslink.cpp:46) connect to ms failed!
18:22:46 [Error] MSLink::OnConnectFailed(mslink.cpp:46) connect to ms failed!
18:22:50 [Error] MSLink::OnConnectFailed(mslink.cpp:46) connect to ms failed!
18:22:54 [Error] MSLink::OnConnectFailed(mslink.cpp:46) connect to ms failed!
18:22:58 [Error] MSLink::OnConnectFailed(mslink.cpp:46) connect to ms failed!
18:23:02 [Error] MSLink::OnConnectFailed(mslink.cpp:46) connect to ms failed!
18:23:06 [Error] MSLink::OnConnectFailed(mslink.cpp:46) connect to ms failed!
18:23:10 [Error] MSLink::OnConnectFailed(mslink.cpp:46) connect to ms failed!
18:23:14 [Error] MSLink::OnConnectFailed(mslink.cpp:46) connect to ms failed!
18:23:18 [Error] MSLink::OnConnectFailed(mslink.cpp:46) connect to ms failed!
18:23:22 [Error] MSLink::OnConnectFailed(mslink.cpp:46) connect to ms failed!
18:23:26 [Error] MSLink::OnConnectFailed(mslink.cpp:46) connect to ms failed!
18:23:30 [Error] MSLink::OnConnectFailed(mslink.cpp:46) connect to ms failed!
18:23:34 [Error] MSLink::OnConnectFailed(mslink.cpp:46) connect to ms failed!
18:23:38 [Error] MSLink::OnConnectFailed(mslink.cpp:46) connect to ms failed!
18:23:42 [Error] MSLink::OnConnectFailed(mslink.cpp:46) connect to ms failed!
18:23:46 [Error] MSLink::OnConnectFailed(mslink.cpp:46) connect to ms failed!
18:23:50 [Error] MSLink::OnConnectFailed(mslink.cpp:46) connect to ms failed!
18:23:54 [Error] MSLink::OnConnectFailed(mslink.cpp:46) connect to ms failed!
18:23:58 [Error] MSLink::OnConnectFailed(mslink.cpp:46) connect to ms failed!
18:24:02 [Error] MSLink::OnConnectFailed(mslink.cpp:46) connect to ms failed!
18:24:06 [Error] MSLink::OnConnectFailed(mslink.cpp:46) connect to ms failed!
18:24:10 [Error] MSLink::OnConnectFailed(mslink.cpp:46) connect to ms failed!
18:24:14 [Error] MSLink::OnConnectFailed(mslink.cpp:46) connect to ms failed!
18:24:18 [Error] MSLink::OnConnectFailed(mslink.cpp:46) connect to ms failed!
18:24:22 [Error] MSLink::OnConnectFailed(mslink.cpp:46) connect to ms failed!
18:24:26 [Error] MSLink::OnConnectFailed(mslink.cpp:46) connect to ms failed!
18:24:30 [Error] MSLink::OnConnectFailed(mslink.cpp:46) connect to ms failed!
18:24:34 [Error] MSLink::OnConnectFailed(mslink.cpp:46) connect to ms failed!
18:24:38 [Error] MSLink::OnConnectFailed(mslink.cpp:46) connect to ms failed!
18:24:42 [Error] MSLink::OnConnectFailed(mslink.cpp:46) connect to ms failed!
18:24:46 [Error] MSLink::OnConnectFailed(mslink.cpp:46) connect to ms failed!
18:24:50 [Error] MSLink::OnConnectFailed(mslink.cpp:46) connect to ms failed!
18:24:54 [Error] MSLink::OnConnectFailed(mslink.cpp:46) connect to ms failed!
18:24:58 [Error] MSLink::OnConnectFailed(mslink.cpp:46) connect to ms failed!
18:25:02 [Error] MSLink::OnConnectFailed(mslink.cpp:46) connect to ms failed!
18:25:06 [Error] MSLink::OnConnectFailed(mslink.cpp:46) connect to ms failed!
18:25:10 [Error] MSLink::OnConnectFailed(mslink.cpp:46) connect to ms failed!
18:25:14 [Error] MSLink::OnConnectFailed(mslink.cpp:46) connect to ms failed!
18:25:18 [Error] MSLink::OnConnectFailed(mslink.cpp:46) connect to ms failed!
18:25:22 [Error] MSLink::OnConnectFailed(mslink.cpp:46) connect to ms failed!
18:25:26 [Error] MSLink::OnConnectFailed(mslink.cpp:46) connect to ms failed!
18:25:30 [Error] MSLink::OnConnectFailed(mslink.cpp:46) connect to ms failed!
18:25:34 [Error] MSLink::OnConnectFailed(mslink.cpp:46) connect to ms failed!
18:25:38 [Error] MSLink::OnConnectFailed(mslink.cpp:46) connect to ms failed!
18:25:42 [Error] MSLink::OnConnectFailed(mslink.cpp:46) connect to ms failed!
18:25:46 [Error] MSLink::OnConnectFailed(mslink.cpp:46) connect to ms failed!
18:25:50 [Error] MSLink::OnConnectFailed(mslink.cpp:46) connect to ms failed!
18:25:54 [Error] MSLink::OnConnectFailed(mslink.cpp:46) connect to ms failed!
18:25:58 [Error] MSLink::OnConnectFailed(mslink.cpp:46) connect to ms failed!
18:26:02 [Error] MSLink::OnConnectFailed(mslink.cpp:46) connect to ms failed!
18:26:06 [Error] MSLink::OnConnectFailed(mslink.cpp:46) connect to ms failed!
18:26:10 [Error] MSLink::OnConnectFailed(mslink.cpp:46) connect to ms failed!
18:26:14 [Error] MSLink::OnConnectFailed(mslink.cpp:46) connect to ms failed!
18:26:18 [Error] MSLink::OnConnectFailed(mslink.cpp:46) connect to ms failed!
18:26:22 [Error] MSLink::OnConnectFailed(mslink.cpp:46) connect to ms failed!
18:26:26 [Error] MSLink::OnConnectFailed(mslink.cpp:46) connect to ms failed!
18:26:30 [Error] MSLink::OnConnectFailed(mslink.cpp:46) connect to ms failed!
18:26:34 [Error] MSLink::OnConnectFailed(mslink.cpp:46) connect to ms failed!
18:26:38 [Error] MSLink::OnConnectFailed(mslink.cpp:46) connect to ms failed!
18:26:42 [Error] MSLink::OnConnectFailed(mslink.cpp:46) connect to ms failed!
18:26:46 [Error] MSLink::OnConnectFailed(mslink.cpp:46) connect to ms failed!
18:26:50 [Error] MSLink::OnConnectFailed(mslink.cpp:46) connect to ms failed!
18:26:54 [Error] MSLink::OnConnectFailed(mslink.cpp:46) connect to ms failed!
18:26:58 [Error] MSLink::OnConnectFailed(mslink.cpp:46) connect to ms failed!
18:27:02 [Error] MSLink::OnConnectFailed(mslink.cpp:46) connect to ms failed!
18:27:06 [Error] MSLink::OnConnectFailed(mslink.cpp:46) connect to ms failed!
18:27:10 [Error] MSLink::OnConnectFailed(mslink.cpp:46) connect to ms failed!
18:27:14 [Error] MSLink::OnConnectFailed(mslink.cpp:46) connect to ms failed!
18:27:18 [Error] MSLink::OnConnectFailed(mslink.cpp:46) connect to ms failed!
18:27:22 [Error] MSLink::OnConnectFailed(mslink.cpp:46) connect to ms failed!
18:27:26 [Error] MSLink::OnConnectFailed(mslink.cpp:46) connect to ms failed!
18:27:30 [Error] MSLink::OnConnectFailed(mslink.cpp:46) connect to ms failed!
18:27:34 [Error] MSLink::OnConnectFailed(mslink.cpp:46) connect to ms failed!
18:27:38 [Error] MSLink::OnConnectFailed(mslink.cpp:46) connect to ms failed!
18:27:42 [Error] MSLink::OnConnectFailed(mslink.cpp:46) connect to ms failed!
18:27:46 [Error] MSLink::OnConnectFailed(mslink.cpp:46) connect to ms failed!
18:27:50 [Error] MSLink::OnConnectFailed(mslink.cpp:46) connect to ms failed!
18:27:54 [Error] MSLink::OnConnectFailed(mslink.cpp:46) connect to ms failed!
18:27:58 [Error] MSLink::OnConnectFailed(mslink.cpp:46) connect to ms failed!
18:28:02 [Error] MSLink::OnConnectFailed(mslink.cpp:46) connect to ms failed!
18:28:06 [Error] MSLink::OnConnectFailed(mslink.cpp:46) connect to ms failed!
18:28:10 [Error] MSLink::OnConnectFailed(mslink.cpp:46) connect to ms failed!
18:28:14 [Error] MSLink::OnConnectFailed(mslink.cpp:46) connect to ms failed!
18:28:18 [Error] MSLink::OnConnectFailed(mslink.cpp:46) connect to ms failed!
18:28:22 [Error] MSLink::OnConnectFailed(mslink.cpp:46) connect to ms failed!
18:28:26 [Error] MSLink::OnConnectFailed(mslink.cpp:46) connect to ms failed!
18:28:30 [Error] MSLink::OnConnectFailed(mslink.cpp:46) connect to ms failed!
18:28:34 [Error] MSLink::OnConnectFailed(mslink.cpp:46) connect to ms failed!
18:28:38 [Error] MSLink::OnConnectFailed(mslink.cpp:46) connect to ms failed!
18:28:42 [Error] MSLink::OnConnectFailed(mslink.cpp:46) connect to ms failed!
18:28:46 [Error] MSLink::OnConnectFailed(mslink.cpp:46) connect to ms failed!
18:28:50 [Error] MSLink::OnConnectFailed(mslink.cpp:46) connect to ms failed!
18:28:54 [Error] MSLink::OnConnectFailed(mslink.cpp:46) connect to ms failed!
18:28:58 [Error] MSLink::OnConnectFailed(mslink.cpp:46) connect to ms failed!
18:29:02 [Error] MSLink::OnConnectFailed(mslink.cpp:46) connect to ms failed!
18:29:06 [Error] MSLink::OnConnectFailed(mslink.cpp:46) connect to ms failed!
18:29:10 [Error] MSLink::OnConnectFailed(mslink.cpp:46) connect to ms failed!
18:29:14 [Error] MSLink::OnConnectFailed(mslink.cpp:46) connect to ms failed!
18:29:18 [Error] MSLink::OnConnectFailed(mslink.cpp:46) connect to ms failed!
18:29:22 [Error] MSLink::OnConnectFailed(mslink.cpp:46) connect to ms failed!
18:29:26 [Error] MSLink::OnConnectFailed(mslink.cpp:46) connect to ms failed!
18:29:30 [Error] MSLink::OnConnectFailed(mslink.cpp:46) connect to ms failed!
18:29:34 [Error] MSLink::OnConnectFailed(mslink.cpp:46) connect to ms failed!
18:29:38 [Error] MSLink::OnConnectFailed(mslink.cpp:46) connect to ms failed!
18:29:42 [Error] MSLink::OnConnectFailed(mslink.cpp:46) connect to ms failed!
18:29:58 [Info] CNetProcessor::OnClose(netproc.cpp:87) socket closed reason [NET_NO_ERROR] errno=[64] for link [mslink] ConnID:[21]
18:29:59 [Info] MSLink::OnClose(mslink.cpp:53) ms link was disconnected
18:30:02 [Error] MSLink::OnConnectFailed(mslink.cpp:46) connect to ms failed!
18:30:06 [Error] MSLink::OnConnectFailed(mslink.cpp:46) connect to ms failed!
18:30:10 [Error] MSLink::OnConnectFailed(mslink.cpp:46) connect to ms failed!
18:30:14 [Error] MSLink::OnConnectFailed(mslink.cpp:46) connect to ms failed!
18:30:18 [Error] MSLink::OnConnectFailed(mslink.cpp:46) connect to ms failed!
18:30:22 [Error] MSLink::OnConnectFailed(mslink.cpp:46) connect to ms failed!
18:30:26 [Error] MSLink::OnConnectFailed(mslink.cpp:46) connect to ms failed!
18:30:30 [Error] MSLink::OnConnectFailed(mslink.cpp:46) connect to ms failed!
18:30:34 [Error] MSLink::OnConnectFailed(mslink.cpp:46) connect to ms failed!
18:30:38 [Error] MSLink::OnConnectFailed(mslink.cpp:46) connect to ms failed!
18:30:42 [Error] MSLink::OnConnectFailed(mslink.cpp:46) connect to ms failed!
18:30:46 [Error] MSLink::OnConnectFailed(mslink.cpp:46) connect to ms failed!
18:30:50 [Error] MSLink::OnConnectFailed(mslink.cpp:46) connect to ms failed!
18:30:54 [Error] MSLink::OnConnectFailed(mslink.cpp:46) connect to ms failed!
18:30:58 [Error] MSLink::OnConnectFailed(mslink.cpp:46) connect to ms failed!
18:31:02 [Error] MSLink::OnConnectFailed(mslink.cpp:46) connect to ms failed!
18:31:06 [Error] MSLink::OnConnectFailed(mslink.cpp:46) connect to ms failed!
18:31:10 [Error] MSLink::OnConnectFailed(mslink.cpp:46) connect to ms failed!
18:31:14 [Error] MSLink::OnConnectFailed(mslink.cpp:46) connect to ms failed!
18:31:18 [Error] MSLink::OnConnectFailed(mslink.cpp:46) connect to ms failed!
18:31:22 [Error] MSLink::OnConnectFailed(mslink.cpp:46) connect to ms failed!
18:31:26 [Error] MSLink::OnConnectFailed(mslink.cpp:46) connect to ms failed!
18:31:30 [Error] MSLink::OnConnectFailed(mslink.cpp:46) connect to ms failed!
18:31:34 [Error] MSLink::OnConnectFailed(mslink.cpp:46) connect to ms failed!
18:31:38 [Error] MSLink::OnConnectFailed(mslink.cpp:46) connect to ms failed!
18:31:42 [Error] MSLink::OnConnectFailed(mslink.cpp:46) connect to ms failed!
18:31:46 [Error] MSLink::OnConnectFailed(mslink.cpp:46) connect to ms failed!
18:31:50 [Error] MSLink::OnConnectFailed(mslink.cpp:46) connect to ms failed!
18:31:54 [Error] MSLink::OnConnectFailed(mslink.cpp:46) connect to ms failed!
18:31:58 [Error] MSLink::OnConnectFailed(mslink.cpp:46) connect to ms failed!
18:32:02 [Error] MSLink::OnConnectFailed(mslink.cpp:46) connect to ms failed!
18:32:06 [Error] MSLink::OnConnectFailed(mslink.cpp:46) connect to ms failed!
18:32:10 [Error] MSLink::OnConnectFailed(mslink.cpp:46) connect to ms failed!
18:32:14 [Error] MSLink::OnConnectFailed(mslink.cpp:46) connect to ms failed!
18:32:18 [Error] MSLink::OnConnectFailed(mslink.cpp:46) connect to ms failed!
18:32:22 [Error] MSLink::OnConnectFailed(mslink.cpp:46) connect to ms failed!
18:32:26 [Error] MSLink::OnConnectFailed(mslink.cpp:46) connect to ms failed!
18:32:30 [Error] MSLink::OnConnectFailed(mslink.cpp:46) connect to ms failed!
18:32:34 [Error] MSLink::OnConnectFailed(mslink.cpp:46) connect to ms failed!
18:32:38 [Error] MSLink::OnConnectFailed(mslink.cpp:46) connect to ms failed!
18:32:42 [Error] MSLink::OnConnectFailed(mslink.cpp:46) connect to ms failed!
18:32:46 [Error] MSLink::OnConnectFailed(mslink.cpp:46) connect to ms failed!
18:32:50 [Error] MSLink::OnConnectFailed(mslink.cpp:46) connect to ms failed!
18:32:54 [Error] MSLink::OnConnectFailed(mslink.cpp:46) connect to ms failed!
18:32:58 [Error] MSLink::OnConnectFailed(mslink.cpp:46) connect to ms failed!
18:33:02 [Error] MSLink::OnConnectFailed(mslink.cpp:46) connect to ms failed!
18:33:06 [Error] MSLink::OnConnectFailed(mslink.cpp:46) connect to ms failed!
18:33:10 [Error] MSLink::OnConnectFailed(mslink.cpp:46) connect to ms failed!
18:33:14 [Error] MSLink::OnConnectFailed(mslink.cpp:46) connect to ms failed!
18:33:18 [Error] MSLink::OnConnectFailed(mslink.cpp:46) connect to ms failed!
18:33:22 [Error] MSLink::OnConnectFailed(mslink.cpp:46) connect to ms failed!
18:33:26 [Error] MSLink::OnConnectFailed(mslink.cpp:46) connect to ms failed!
18:33:30 [Error] MSLink::OnConnectFailed(mslink.cpp:46) connect to ms failed!
18:33:34 [Error] MSLink::OnConnectFailed(mslink.cpp:46) connect to ms failed!
18:33:38 [Error] MSLink::OnConnectFailed(mslink.cpp:46) connect to ms failed!
18:33:42 [Error] MSLink::OnConnectFailed(mslink.cpp:46) connect to ms failed!
18:33:46 [Error] MSLink::OnConnectFailed(mslink.cpp:46) connect to ms failed!
18:33:50 [Error] MSLink::OnConnectFailed(mslink.cpp:46) connect to ms failed!
18:33:54 [Error] MSLink::OnConnectFailed(mslink.cpp:46) connect to ms failed!
18:33:58 [Error] MSLink::OnConnectFailed(mslink.cpp:46) connect to ms failed!
18:34:02 [Error] MSLink::OnConnectFailed(mslink.cpp:46) connect to ms failed!
18:34:06 [Error] MSLink::OnConnectFailed(mslink.cpp:46) connect to ms failed!
18:34:10 [Error] MSLink::OnConnectFailed(mslink.cpp:46) connect to ms failed!
18:34:14 [Error] MSLink::OnConnectFailed(mslink.cpp:46) connect to ms failed!
18:34:18 [Error] MSLink::OnConnectFailed(mslink.cpp:46) connect to ms failed!
18:34:22 [Error] MSLink::OnConnectFailed(mslink.cpp:46) connect to ms failed!
18:34:26 [Error] MSLink::OnConnectFailed(mslink.cpp:46) connect to ms failed!
18:34:30 [Error] MSLink::OnConnectFailed(mslink.cpp:46) connect to ms failed!
18:34:34 [Error] MSLink::OnConnectFailed(mslink.cpp:46) connect to ms failed!
18:34:38 [Error] MSLink::OnConnectFailed(mslink.cpp:46) connect to ms failed!
18:34:42 [Error] MSLink::OnConnectFailed(mslink.cpp:46) connect to ms failed!
18:34:46 [Error] MSLink::OnConnectFailed(mslink.cpp:46) connect to ms failed!
18:34:50 [Error] MSLink::OnConnectFailed(mslink.cpp:46) connect to ms failed!
18:34:54 [Error] MSLink::OnConnectFailed(mslink.cpp:46) connect to ms failed!
18:34:58 [Error] MSLink::OnConnectFailed(mslink.cpp:46) connect to ms failed!
18:35:02 [Error] MSLink::OnConnectFailed(mslink.cpp:46) connect to ms failed!
18:35:06 [Error] MSLink::OnConnectFailed(mslink.cpp:46) connect to ms failed!
18:35:10 [Error] MSLink::OnConnectFailed(mslink.cpp:46) connect to ms failed!
18:35:14 [Error] MSLink::OnConnectFailed(mslink.cpp:46) connect to ms failed!
18:35:18 [Error] MSLink::OnConnectFailed(mslink.cpp:46) connect to ms failed!
18:35:22 [Error] MSLink::OnConnectFailed(mslink.cpp:46) connect to ms failed!
18:35:26 [Error] MSLink::OnConnectFailed(mslink.cpp:46) connect to ms failed!
18:35:30 [Error] MSLink::OnConnectFailed(mslink.cpp:46) connect to ms failed!
18:35:34 [Error] MSLink::OnConnectFailed(mslink.cpp:46) connect to ms failed!
18:35:38 [Error] MSLink::OnConnectFailed(mslink.cpp:46) connect to ms failed!
18:35:42 [Error] MSLink::OnConnectFailed(mslink.cpp:46) connect to ms failed!
18:35:46 [Error] MSLink::OnConnectFailed(mslink.cpp:46) connect to ms failed!
18:35:50 [Error] MSLink::OnConnectFailed(mslink.cpp:46) connect to ms failed!
18:35:54 [Error] MSLink::OnConnectFailed(mslink.cpp:46) connect to ms failed!
18:35:58 [Error] MSLink::OnConnectFailed(mslink.cpp:46) connect to ms failed!
18:36:02 [Error] MSLink::OnConnectFailed(mslink.cpp:46) connect to ms failed!
18:36:06 [Error] MSLink::OnConnectFailed(mslink.cpp:46) connect to ms failed!
18:36:10 [Error] MSLink::OnConnectFailed(mslink.cpp:46) connect to ms failed!
18:36:14 [Error] MSLink::OnConnectFailed(mslink.cpp:46) connect to ms failed!
18:36:18 [Error] MSLink::OnConnectFailed(mslink.cpp:46) connect to ms failed!
18:36:22 [Error] MSLink::OnConnectFailed(mslink.cpp:46) connect to ms failed!
18:36:26 [Error] MSLink::OnConnectFailed(mslink.cpp:46) connect to ms failed!
18:36:30 [Error] MSLink::OnConnectFailed(mslink.cpp:46) connect to ms failed!
18:36:34 [Error] MSLink::OnConnectFailed(mslink.cpp:46) connect to ms failed!
18:36:38 [Error] MSLink::OnConnectFailed(mslink.cpp:46) connect to ms failed!
18:36:42 [Error] MSLink::OnConnectFailed(mslink.cpp:46) connect to ms failed!
18:36:46 [Error] MSLink::OnConnectFailed(mslink.cpp:46) connect to ms failed!
18:36:50 [Error] MSLink::OnConnectFailed(mslink.cpp:46) connect to ms failed!
18:36:54 [Error] MSLink::OnConnectFailed(mslink.cpp:46) connect to ms failed!
18:36:58 [Error] MSLink::OnConnectFailed(mslink.cpp:46) connect to ms failed!
18:37:02 [Error] MSLink::OnConnectFailed(mslink.cpp:46) connect to ms failed!
18:37:06 [Error] MSLink::OnConnectFailed(mslink.cpp:46) connect to ms failed!
18:37:10 [Error] MSLink::OnConnectFailed(mslink.cpp:46) connect to ms failed!
18:37:14 [Error] MSLink::OnConnectFailed(mslink.cpp:46) connect to ms failed!
18:37:18 [Error] MSLink::OnConnectFailed(mslink.cpp:46) connect to ms failed!
18:37:22 [Error] MSLink::OnConnectFailed(mslink.cpp:46) connect to ms failed!
18:37:26 [Error] MSLink::OnConnectFailed(mslink.cpp:46) connect to ms failed!
18:37:30 [Error] MSLink::OnConnectFailed(mslink.cpp:46) connect to ms failed!
18:37:34 [Error] MSLink::OnConnectFailed(mslink.cpp:46) connect to ms failed!
18:37:38 [Error] MSLink::OnConnectFailed(mslink.cpp:46) connect to ms failed!
18:37:42 [Error] MSLink::OnConnectFailed(mslink.cpp:46) connect to ms failed!
18:37:46 [Error] MSLink::OnConnectFailed(mslink.cpp:46) connect to ms failed!
18:37:50 [Error] MSLink::OnConnectFailed(mslink.cpp:46) connect to ms failed!
18:37:54 [Error] MSLink::OnConnectFailed(mslink.cpp:46) connect to ms failed!
18:37:58 [Error] MSLink::OnConnectFailed(mslink.cpp:46) connect to ms failed!
18:38:02 [Error] MSLink::OnConnectFailed(mslink.cpp:46) connect to ms failed!
18:38:06 [Error] MSLink::OnConnectFailed(mslink.cpp:46) connect to ms failed!
18:38:10 [Error] MSLink::OnConnectFailed(mslink.cpp:46) connect to ms failed!
18:38:14 [Error] MSLink::OnConnectFailed(mslink.cpp:46) connect to ms failed!
18:38:18 [Error] MSLink::OnConnectFailed(mslink.cpp:46) connect to ms failed!
18:38:22 [Error] MSLink::OnConnectFailed(mslink.cpp:46) connect to ms failed!
18:38:26 [Error] MSLink::OnConnectFailed(mslink.cpp:46) connect to ms failed!
18:38:30 [Error] MSLink::OnConnectFailed(mslink.cpp:46) connect to ms failed!
18:38:34 [Error] MSLink::OnConnectFailed(mslink.cpp:46) connect to ms failed!
18:38:38 [Error] MSLink::OnConnectFailed(mslink.cpp:46) connect to ms failed!
18:38:42 [Error] MSLink::OnConnectFailed(mslink.cpp:46) connect to ms failed!
18:38:46 [Error] MSLink::OnConnectFailed(mslink.cpp:46) connect to ms failed!
18:38:50 [Error] MSLink::OnConnectFailed(mslink.cpp:46) connect to ms failed!
18:38:54 [Error] MSLink::OnConnectFailed(mslink.cpp:46) connect to ms failed!
18:38:58 [Error] MSLink::OnConnectFailed(mslink.cpp:46) connect to ms failed!
18:39:02 [Error] MSLink::OnConnectFailed(mslink.cpp:46) connect to ms failed!
18:39:06 [Error] MSLink::OnConnectFailed(mslink.cpp:46) connect to ms failed!
18:39:10 [Error] MSLink::OnConnectFailed(mslink.cpp:46) connect to ms failed!
18:39:14 [Error] MSLink::OnConnectFailed(mslink.cpp:46) connect to ms failed!
18:39:18 [Error] MSLink::OnConnectFailed(mslink.cpp:46) connect to ms failed!
18:39:22 [Error] MSLink::OnConnectFailed(mslink.cpp:46) connect to ms failed!
18:39:26 [Error] MSLink::OnConnectFailed(mslink.cpp:46) connect to ms failed!
18:39:30 [Error] MSLink::OnConnectFailed(mslink.cpp:46) connect to ms failed!
18:39:34 [Error] MSLink::OnConnectFailed(mslink.cpp:46) connect to ms failed!
18:39:38 [Error] MSLink::OnConnectFailed(mslink.cpp:46) connect to ms failed!
18:39:42 [Error] MSLink::OnConnectFailed(mslink.cpp:46) connect to ms failed!
18:39:46 [Error] MSLink::OnConnectFailed(mslink.cpp:46) connect to ms failed!
18:39:50 [Error] MSLink::OnConnectFailed(mslink.cpp:46) connect to ms failed!
18:39:54 [Error] MSLink::OnConnectFailed(mslink.cpp:46) connect to ms failed!
18:39:58 [Error] MSLink::OnConnectFailed(mslink.cpp:46) connect to ms failed!
18:40:02 [Error] MSLink::OnConnectFailed(mslink.cpp:46) connect to ms failed!
18:40:06 [Error] MSLink::OnConnectFailed(mslink.cpp:46) connect to ms failed!
18:40:10 [Error] MSLink::OnConnectFailed(mslink.cpp:46) connect to ms failed!
18:40:14 [Error] MSLink::OnConnectFailed(mslink.cpp:46) connect to ms failed!
18:40:18 [Error] MSLink::OnConnectFailed(mslink.cpp:46) connect to ms failed!
18:40:22 [Error] MSLink::OnConnectFailed(mslink.cpp:46) connect to ms failed!
18:40:26 [Error] MSLink::OnConnectFailed(mslink.cpp:46) connect to ms failed!
18:40:30 [Error] MSLink::OnConnectFailed(mslink.cpp:46) connect to ms failed!
18:40:34 [Error] MSLink::OnConnectFailed(mslink.cpp:46) connect to ms failed!
18:40:38 [Error] MSLink::OnConnectFailed(mslink.cpp:46) connect to ms failed!
18:40:42 [Error] MSLink::OnConnectFailed(mslink.cpp:46) connect to ms failed!
18:40:46 [Error] MSLink::OnConnectFailed(mslink.cpp:46) connect to ms failed!
18:40:50 [Error] MSLink::OnConnectFailed(mslink.cpp:46) connect to ms failed!
18:40:54 [Error] MSLink::OnConnectFailed(mslink.cpp:46) connect to ms failed!
18:40:58 [Error] MSLink::OnConnectFailed(mslink.cpp:46) connect to ms failed!
18:41:02 [Error] MSLink::OnConnectFailed(mslink.cpp:46) connect to ms failed!
18:41:06 [Error] MSLink::OnConnectFailed(mslink.cpp:46) connect to ms failed!
18:41:10 [Error] MSLink::OnConnectFailed(mslink.cpp:46) connect to ms failed!
18:41:14 [Error] MSLink::OnConnectFailed(mslink.cpp:46) connect to ms failed!
18:41:18 [Error] MSLink::OnConnectFailed(mslink.cpp:46) connect to ms failed!
18:41:22 [Error] MSLink::OnConnectFailed(mslink.cpp:46) connect to ms failed!
18:41:26 [Error] MSLink::OnConnectFailed(mslink.cpp:46) connect to ms failed!
18:41:30 [Error] MSLink::OnConnectFailed(mslink.cpp:46) connect to ms failed!
18:41:34 [Error] MSLink::OnConnectFailed(mslink.cpp:46) connect to ms failed!
18:41:38 [Error] MSLink::OnConnectFailed(mslink.cpp:46) connect to ms failed!
18:41:42 [Error] MSLink::OnConnectFailed(mslink.cpp:46) connect to ms failed!
18:41:46 [Error] MSLink::OnConnectFailed(mslink.cpp:46) connect to ms failed!
18:41:50 [Error] MSLink::OnConnectFailed(mslink.cpp:46) connect to ms failed!
18:41:54 [Error] MSLink::OnConnectFailed(mslink.cpp:46) connect to ms failed!
18:41:58 [Error] MSLink::OnConnectFailed(mslink.cpp:46) connect to ms failed!
18:42:02 [Error] MSLink::OnConnectFailed(mslink.cpp:46) connect to ms failed!
18:42:06 [Error] MSLink::OnConnectFailed(mslink.cpp:46) connect to ms failed!
18:42:10 [Error] MSLink::OnConnectFailed(mslink.cpp:46) connect to ms failed!
18:42:14 [Error] MSLink::OnConnectFailed(mslink.cpp:46) connect to ms failed!
18:42:18 [Error] MSLink::OnConnectFailed(mslink.cpp:46) connect to ms failed!
18:42:22 [Error] MSLink::OnConnectFailed(mslink.cpp:46) connect to ms failed!
18:42:26 [Error] MSLink::OnConnectFailed(mslink.cpp:46) connect to ms failed!
18:42:30 [Error] MSLink::OnConnectFailed(mslink.cpp:46) connect to ms failed!
18:42:34 [Error] MSLink::OnConnectFailed(mslink.cpp:46) connect to ms failed!
18:42:38 [Error] MSLink::OnConnectFailed(mslink.cpp:46) connect to ms failed!
18:42:42 [Error] MSLink::OnConnectFailed(mslink.cpp:46) connect to ms failed!
18:42:46 [Error] MSLink::OnConnectFailed(mslink.cpp:46) connect to ms failed!
18:42:50 [Error] MSLink::OnConnectFailed(mslink.cpp:46) connect to ms failed!
18:42:54 [Error] MSLink::OnConnectFailed(mslink.cpp:46) connect to ms failed!
18:42:58 [Error] MSLink::OnConnectFailed(mslink.cpp:46) connect to ms failed!
18:43:02 [Error] MSLink::OnConnectFailed(mslink.cpp:46) connect to ms failed!
18:43:06 [Error] MSLink::OnConnectFailed(mslink.cpp:46) connect to ms failed!
18:43:10 [Error] MSLink::OnConnectFailed(mslink.cpp:46) connect to ms failed!
18:43:14 [Error] MSLink::OnConnectFailed(mslink.cpp:46) connect to ms failed!
18:43:18 [Error] MSLink::OnConnectFailed(mslink.cpp:46) connect to ms failed!
18:43:22 [Error] MSLink::OnConnectFailed(mslink.cpp:46) connect to ms failed!
18:43:26 [Error] MSLink::OnConnectFailed(mslink.cpp:46) connect to ms failed!
18:43:30 [Error] MSLink::OnConnectFailed(mslink.cpp:46) connect to ms failed!
18:43:34 [Error] MSLink::OnConnectFailed(mslink.cpp:46) connect to ms failed!
18:43:38 [Error] MSLink::OnConnectFailed(mslink.cpp:46) connect to ms failed!
18:43:42 [Error] MSLink::OnConnectFailed(mslink.cpp:46) connect to ms failed!
18:43:46 [Error] MSLink::OnConnectFailed(mslink.cpp:46) connect to ms failed!
18:43:50 [Error] MSLink::OnConnectFailed(mslink.cpp:46) connect to ms failed!
18:43:54 [Error] MSLink::OnConnectFailed(mslink.cpp:46) connect to ms failed!
18:43:58 [Error] MSLink::OnConnectFailed(mslink.cpp:46) connect to ms failed!
18:44:02 [Error] MSLink::OnConnectFailed(mslink.cpp:46) connect to ms failed!
18:44:06 [Error] MSLink::OnConnectFailed(mslink.cpp:46) connect to ms failed!
18:44:10 [Error] MSLink::OnConnectFailed(mslink.cpp:46) connect to ms failed!
18:44:14 [Error] MSLink::OnConnectFailed(mslink.cpp:46) connect to ms failed!
18:44:18 [Error] MSLink::OnConnectFailed(mslink.cpp:46) connect to ms failed!
18:44:22 [Error] MSLink::OnConnectFailed(mslink.cpp:46) connect to ms failed!
18:44:26 [Error] MSLink::OnConnectFailed(mslink.cpp:46) connect to ms failed!
18:44:30 [Error] MSLink::OnConnectFailed(mslink.cpp:46) connect to ms failed!
18:44:34 [Error] MSLink::OnConnectFailed(mslink.cpp:46) connect to ms failed!
18:44:38 [Error] MSLink::OnConnectFailed(mslink.cpp:46) connect to ms failed!
18:44:42 [Error] MSLink::OnConnectFailed(mslink.cpp:46) connect to ms failed!
18:44:46 [Error] MSLink::OnConnectFailed(mslink.cpp:46) connect to ms failed!
18:44:50 [Error] MSLink::OnConnectFailed(mslink.cpp:46) connect to ms failed!
18:44:54 [Error] MSLink::OnConnectFailed(mslink.cpp:46) connect to ms failed!
18:44:58 [Error] MSLink::OnConnectFailed(mslink.cpp:46) connect to ms failed!
18:45:02 [Error] MSLink::OnConnectFailed(mslink.cpp:46) connect to ms failed!
18:45:06 [Error] MSLink::OnConnectFailed(mslink.cpp:46) connect to ms failed!
18:45:10 [Error] MSLink::OnConnectFailed(mslink.cpp:46) connect to ms failed!
18:45:14 [Error] MSLink::OnConnectFailed(mslink.cpp:46) connect to ms failed!
18:45:18 [Error] MSLink::OnConnectFailed(mslink.cpp:46) connect to ms failed!
18:45:22 [Error] MSLink::OnConnectFailed(mslink.cpp:46) connect to ms failed!
18:45:26 [Error] MSLink::OnConnectFailed(mslink.cpp:46) connect to ms failed!
18:45:30 [Error] MSLink::OnConnectFailed(mslink.cpp:46) connect to ms failed!
18:45:34 [Error] MSLink::OnConnectFailed(mslink.cpp:46) connect to ms failed!
18:45:38 [Error] MSLink::OnConnectFailed(mslink.cpp:46) connect to ms failed!
18:45:42 [Error] MSLink::OnConnectFailed(mslink.cpp:46) connect to ms failed!
18:45:46 [Error] MSLink::OnConnectFailed(mslink.cpp:46) connect to ms failed!
18:45:50 [Error] MSLink::OnConnectFailed(mslink.cpp:46) connect to ms failed!
18:45:54 [Error] MSLink::OnConnectFailed(mslink.cpp:46) connect to ms failed!
18:45:58 [Error] MSLink::OnConnectFailed(mslink.cpp:46) connect to ms failed!
18:46:02 [Error] MSLink::OnConnectFailed(mslink.cpp:46) connect to ms failed!
18:46:06 [Error] MSLink::OnConnectFailed(mslink.cpp:46) connect to ms failed!
18:46:10 [Error] MSLink::OnConnectFailed(mslink.cpp:46) connect to ms failed!
18:46:14 [Error] MSLink::OnConnectFailed(mslink.cpp:46) connect to ms failed!
18:46:18 [Error] MSLink::OnConnectFailed(mslink.cpp:46) connect to ms failed!
18:46:22 [Error] MSLink::OnConnectFailed(mslink.cpp:46) connect to ms failed!
18:46:26 [Error] MSLink::OnConnectFailed(mslink.cpp:46) connect to ms failed!
18:46:30 [Error] MSLink::OnConnectFailed(mslink.cpp:46) connect to ms failed!
18:46:34 [Error] MSLink::OnConnectFailed(mslink.cpp:46) connect to ms failed!
18:46:38 [Error] MSLink::OnConnectFailed(mslink.cpp:46) connect to ms failed!
18:46:42 [Error] MSLink::OnConnectFailed(mslink.cpp:46) connect to ms failed!
18:46:46 [Error] MSLink::OnConnectFailed(mslink.cpp:46) connect to ms failed!
18:46:50 [Error] MSLink::OnConnectFailed(mslink.cpp:46) connect to ms failed!
18:46:54 [Error] MSLink::OnConnectFailed(mslink.cpp:46) connect to ms failed!
18:46:58 [Error] MSLink::OnConnectFailed(mslink.cpp:46) connect to ms failed!
18:47:02 [Error] MSLink::OnConnectFailed(mslink.cpp:46) connect to ms failed!
18:47:06 [Error] MSLink::OnConnectFailed(mslink.cpp:46) connect to ms failed!
18:47:10 [Error] MSLink::OnConnectFailed(mslink.cpp:46) connect to ms failed!
18:47:14 [Error] MSLink::OnConnectFailed(mslink.cpp:46) connect to ms failed!
18:47:18 [Error] MSLink::OnConnectFailed(mslink.cpp:46) connect to ms failed!
18:47:22 [Error] MSLink::OnConnectFailed(mslink.cpp:46) connect to ms failed!
18:47:26 [Error] MSLink::OnConnectFailed(mslink.cpp:46) connect to ms failed!
18:47:30 [Error] MSLink::OnConnectFailed(mslink.cpp:46) connect to ms failed!
18:47:34 [Error] MSLink::OnConnectFailed(mslink.cpp:46) connect to ms failed!
18:47:38 [Error] MSLink::OnConnectFailed(mslink.cpp:46) connect to ms failed!
18:47:42 [Error] MSLink::OnConnectFailed(mslink.cpp:46) connect to ms failed!
18:47:46 [Error] MSLink::OnConnectFailed(mslink.cpp:46) connect to ms failed!
18:47:50 [Error] MSLink::OnConnectFailed(mslink.cpp:46) connect to ms failed!
18:47:54 [Error] MSLink::OnConnectFailed(mslink.cpp:46) connect to ms failed!
18:47:58 [Error] MSLink::OnConnectFailed(mslink.cpp:46) connect to ms failed!
18:48:02 [Error] MSLink::OnConnectFailed(mslink.cpp:46) connect to ms failed!
18:48:06 [Error] MSLink::OnConnectFailed(mslink.cpp:46) connect to ms failed!
18:48:10 [Error] MSLink::OnConnectFailed(mslink.cpp:46) connect to ms failed!
18:48:14 [Error] MSLink::OnConnectFailed(mslink.cpp:46) connect to ms failed!
18:48:18 [Error] MSLink::OnConnectFailed(mslink.cpp:46) connect to ms failed!
18:48:22 [Error] MSLink::OnConnectFailed(mslink.cpp:46) connect to ms failed!
18:48:26 [Error] MSLink::OnConnectFailed(mslink.cpp:46) connect to ms failed!
18:48:30 [Error] MSLink::OnConnectFailed(mslink.cpp:46) connect to ms failed!
18:48:34 [Error] MSLink::OnConnectFailed(mslink.cpp:46) connect to ms failed!
18:48:38 [Error] MSLink::OnConnectFailed(mslink.cpp:46) connect to ms failed!
18:48:42 [Error] MSLink::OnConnectFailed(mslink.cpp:46) connect to ms failed!
18:48:46 [Error] MSLink::OnConnectFailed(mslink.cpp:46) connect to ms failed!
18:48:50 [Error] MSLink::OnConnectFailed(mslink.cpp:46) connect to ms failed!
18:48:54 [Error] MSLink::OnConnectFailed(mslink.cpp:46) connect to ms failed!
18:48:58 [Error] MSLink::OnConnectFailed(mslink.cpp:46) connect to ms failed!
18:49:02 [Error] MSLink::OnConnectFailed(mslink.cpp:46) connect to ms failed!
18:49:06 [Error] MSLink::OnConnectFailed(mslink.cpp:46) connect to ms failed!
18:49:10 [Error] MSLink::OnConnectFailed(mslink.cpp:46) connect to ms failed!
18:49:14 [Error] MSLink::OnConnectFailed(mslink.cpp:46) connect to ms failed!
18:49:18 [Error] MSLink::OnConnectFailed(mslink.cpp:46) connect to ms failed!
18:49:22 [Error] MSLink::OnConnectFailed(mslink.cpp:46) connect to ms failed!
18:49:26 [Error] MSLink::OnConnectFailed(mslink.cpp:46) connect to ms failed!
18:49:30 [Error] MSLink::OnConnectFailed(mslink.cpp:46) connect to ms failed!
18:49:34 [Error] MSLink::OnConnectFailed(mslink.cpp:46) connect to ms failed!
18:49:38 [Error] MSLink::OnConnectFailed(mslink.cpp:46) connect to ms failed!
18:49:42 [Error] MSLink::OnConnectFailed(mslink.cpp:46) connect to ms failed!
18:49:46 [Error] MSLink::OnConnectFailed(mslink.cpp:46) connect to ms failed!
18:49:50 [Error] MSLink::OnConnectFailed(mslink.cpp:46) connect to ms failed!
18:49:54 [Error] MSLink::OnConnectFailed(mslink.cpp:46) connect to ms failed!
18:49:58 [Error] MSLink::OnConnectFailed(mslink.cpp:46) connect to ms failed!
18:50:02 [Error] MSLink::OnConnectFailed(mslink.cpp:46) connect to ms failed!
18:50:06 [Error] MSLink::OnConnectFailed(mslink.cpp:46) connect to ms failed!
18:50:10 [Error] MSLink::OnConnectFailed(mslink.cpp:46) connect to ms failed!
18:50:14 [Error] MSLink::OnConnectFailed(mslink.cpp:46) connect to ms failed!
18:50:18 [Error] MSLink::OnConnectFailed(mslink.cpp:46) connect to ms failed!
18:50:22 [Error] MSLink::OnConnectFailed(mslink.cpp:46) connect to ms failed!
18:50:26 [Error] MSLink::OnConnectFailed(mslink.cpp:46) connect to ms failed!
18:50:30 [Error] MSLink::OnConnectFailed(mslink.cpp:46) connect to ms failed!
18:50:34 [Error] MSLink::OnConnectFailed(mslink.cpp:46) connect to ms failed!
18:50:38 [Error] MSLink::OnConnectFailed(mslink.cpp:46) connect to ms failed!
18:50:42 [Error] MSLink::OnConnectFailed(mslink.cpp:46) connect to ms failed!
18:50:46 [Error] MSLink::OnConnectFailed(mslink.cpp:46) connect to ms failed!
18:50:50 [Error] MSLink::OnConnectFailed(mslink.cpp:46) connect to ms failed!
18:50:54 [Error] MSLink::OnConnectFailed(mslink.cpp:46) connect to ms failed!
18:50:58 [Error] MSLink::OnConnectFailed(mslink.cpp:46) connect to ms failed!
18:51:02 [Error] MSLink::OnConnectFailed(mslink.cpp:46) connect to ms failed!
18:51:06 [Error] MSLink::OnConnectFailed(mslink.cpp:46) connect to ms failed!
18:51:10 [Error] MSLink::OnConnectFailed(mslink.cpp:46) connect to ms failed!
18:51:14 [Error] MSLink::OnConnectFailed(mslink.cpp:46) connect to ms failed!
18:51:18 [Error] MSLink::OnConnectFailed(mslink.cpp:46) connect to ms failed!
18:51:22 [Error] MSLink::OnConnectFailed(mslink.cpp:46) connect to ms failed!
18:51:26 [Error] MSLink::OnConnectFailed(mslink.cpp:46) connect to ms failed!
18:51:30 [Error] MSLink::OnConnectFailed(mslink.cpp:46) connect to ms failed!
18:51:34 [Error] MSLink::OnConnectFailed(mslink.cpp:46) connect to ms failed!
18:51:38 [Error] MSLink::OnConnectFailed(mslink.cpp:46) connect to ms failed!
18:51:42 [Error] MSLink::OnConnectFailed(mslink.cpp:46) connect to ms failed!
18:51:46 [Error] MSLink::OnConnectFailed(mslink.cpp:46) connect to ms failed!
18:51:50 [Error] MSLink::OnConnectFailed(mslink.cpp:46) connect to ms failed!
18:51:54 [Error] MSLink::OnConnectFailed(mslink.cpp:46) connect to ms failed!
18:51:58 [Error] MSLink::OnConnectFailed(mslink.cpp:46) connect to ms failed!
18:52:02 [Error] MSLink::OnConnectFailed(mslink.cpp:46) connect to ms failed!
18:52:06 [Error] MSLink::OnConnectFailed(mslink.cpp:46) connect to ms failed!
18:52:10 [Error] MSLink::OnConnectFailed(mslink.cpp:46) connect to ms failed!
18:52:14 [Error] MSLink::OnConnectFailed(mslink.cpp:46) connect to ms failed!
18:52:18 [Error] MSLink::OnConnectFailed(mslink.cpp:46) connect to ms failed!
18:52:22 [Error] MSLink::OnConnectFailed(mslink.cpp:46) connect to ms failed!
18:52:26 [Error] MSLink::OnConnectFailed(mslink.cpp:46) connect to ms failed!
18:52:30 [Error] MSLink::OnConnectFailed(mslink.cpp:46) connect to ms failed!
18:52:34 [Error] MSLink::OnConnectFailed(mslink.cpp:46) connect to ms failed!
18:52:38 [Error] MSLink::OnConnectFailed(mslink.cpp:46) connect to ms failed!
18:52:42 [Error] MSLink::OnConnectFailed(mslink.cpp:46) connect to ms failed!
18:52:46 [Error] MSLink::OnConnectFailed(mslink.cpp:46) connect to ms failed!
18:52:50 [Error] MSLink::OnConnectFailed(mslink.cpp:46) connect to ms failed!
18:52:54 [Error] MSLink::OnConnectFailed(mslink.cpp:46) connect to ms failed!
18:52:58 [Error] MSLink::OnConnectFailed(mslink.cpp:46) connect to ms failed!
18:53:02 [Error] MSLink::OnConnectFailed(mslink.cpp:46) connect to ms failed!
18:53:06 [Error] MSLink::OnConnectFailed(mslink.cpp:46) connect to ms failed!
18:53:10 [Error] MSLink::OnConnectFailed(mslink.cpp:46) connect to ms failed!
18:53:14 [Error] MSLink::OnConnectFailed(mslink.cpp:46) connect to ms failed!
18:53:18 [Error] MSLink::OnConnectFailed(mslink.cpp:46) connect to ms failed!
18:53:22 [Error] MSLink::OnConnectFailed(mslink.cpp:46) connect to ms failed!
18:53:26 [Error] MSLink::OnConnectFailed(mslink.cpp:46) connect to ms failed!
18:53:30 [Error] MSLink::OnConnectFailed(mslink.cpp:46) connect to ms failed!
18:53:34 [Error] MSLink::OnConnectFailed(mslink.cpp:46) connect to ms failed!
18:53:38 [Error] MSLink::OnConnectFailed(mslink.cpp:46) connect to ms failed!
18:53:42 [Error] MSLink::OnConnectFailed(mslink.cpp:46) connect to ms failed!
18:53:46 [Error] MSLink::OnConnectFailed(mslink.cpp:46) connect to ms failed!
18:53:50 [Error] MSLink::OnConnectFailed(mslink.cpp:46) connect to ms failed!
18:53:54 [Error] MSLink::OnConnectFailed(mslink.cpp:46) connect to ms failed!
18:53:58 [Error] MSLink::OnConnectFailed(mslink.cpp:46) connect to ms failed!
18:54:02 [Error] MSLink::OnConnectFailed(mslink.cpp:46) connect to ms failed!
18:54:06 [Error] MSLink::OnConnectFailed(mslink.cpp:46) connect to ms failed!
18:54:10 [Error] MSLink::OnConnectFailed(mslink.cpp:46) connect to ms failed!
18:54:14 [Error] MSLink::OnConnectFailed(mslink.cpp:46) connect to ms failed!
18:54:18 [Error] MSLink::OnConnectFailed(mslink.cpp:46) connect to ms failed!
18:54:22 [Error] MSLink::OnConnectFailed(mslink.cpp:46) connect to ms failed!
18:54:26 [Error] MSLink::OnConnectFailed(mslink.cpp:46) connect to ms failed!
18:54:30 [Error] MSLink::OnConnectFailed(mslink.cpp:46) connect to ms failed!
18:54:34 [Error] MSLink::OnConnectFailed(mslink.cpp:46) connect to ms failed!
18:54:38 [Error] MSLink::OnConnectFailed(mslink.cpp:46) connect to ms failed!
18:54:42 [Error] MSLink::OnConnectFailed(mslink.cpp:46) connect to ms failed!
18:54:46 [Error] MSLink::OnConnectFailed(mslink.cpp:46) connect to ms failed!
18:54:50 [Error] MSLink::OnConnectFailed(mslink.cpp:46) connect to ms failed!
18:54:54 [Error] MSLink::OnConnectFailed(mslink.cpp:46) connect to ms failed!
18:54:58 [Error] MSLink::OnConnectFailed(mslink.cpp:46) connect to ms failed!
18:55:02 [Error] MSLink::OnConnectFailed(mslink.cpp:46) connect to ms failed!
18:55:06 [Error] MSLink::OnConnectFailed(mslink.cpp:46) connect to ms failed!
18:55:10 [Error] MSLink::OnConnectFailed(mslink.cpp:46) connect to ms failed!
18:55:14 [Error] MSLink::OnConnectFailed(mslink.cpp:46) connect to ms failed!
18:55:18 [Error] MSLink::OnConnectFailed(mslink.cpp:46) connect to ms failed!
18:55:22 [Error] MSLink::OnConnectFailed(mslink.cpp:46) connect to ms failed!
18:55:26 [Error] MSLink::OnConnectFailed(mslink.cpp:46) connect to ms failed!
18:55:30 [Error] MSLink::OnConnectFailed(mslink.cpp:46) connect to ms failed!
18:55:34 [Error] MSLink::OnConnectFailed(mslink.cpp:46) connect to ms failed!
18:55:38 [Error] MSLink::OnConnectFailed(mslink.cpp:46) connect to ms failed!
18:55:42 [Error] MSLink::OnConnectFailed(mslink.cpp:46) connect to ms failed!
18:55:46 [Error] MSLink::OnConnectFailed(mslink.cpp:46) connect to ms failed!
18:55:50 [Error] MSLink::OnConnectFailed(mslink.cpp:46) connect to ms failed!
18:55:54 [Error] MSLink::OnConnectFailed(mslink.cpp:46) connect to ms failed!
18:55:58 [Error] MSLink::OnConnectFailed(mslink.cpp:46) connect to ms failed!
18:56:02 [Error] MSLink::OnConnectFailed(mslink.cpp:46) connect to ms failed!
18:56:06 [Error] MSLink::OnConnectFailed(mslink.cpp:46) connect to ms failed!
18:56:10 [Error] MSLink::OnConnectFailed(mslink.cpp:46) connect to ms failed!
18:56:14 [Error] MSLink::OnConnectFailed(mslink.cpp:46) connect to ms failed!
18:56:18 [Error] MSLink::OnConnectFailed(mslink.cpp:46) connect to ms failed!
18:56:22 [Error] MSLink::OnConnectFailed(mslink.cpp:46) connect to ms failed!
18:56:26 [Error] MSLink::OnConnectFailed(mslink.cpp:46) connect to ms failed!
18:56:30 [Error] MSLink::OnConnectFailed(mslink.cpp:46) connect to ms failed!
18:56:34 [Error] MSLink::OnConnectFailed(mslink.cpp:46) connect to ms failed!
18:56:38 [Error] MSLink::OnConnectFailed(mslink.cpp:46) connect to ms failed!
18:56:42 [Error] MSLink::OnConnectFailed(mslink.cpp:46) connect to ms failed!
18:56:46 [Error] MSLink::OnConnectFailed(mslink.cpp:46) connect to ms failed!
18:56:50 [Error] MSLink::OnConnectFailed(mslink.cpp:46) connect to ms failed!
18:56:54 [Error] MSLink::OnConnectFailed(mslink.cpp:46) connect to ms failed!
18:56:58 [Error] MSLink::OnConnectFailed(mslink.cpp:46) connect to ms failed!
18:57:02 [Error] MSLink::OnConnectFailed(mslink.cpp:46) connect to ms failed!
18:57:06 [Error] MSLink::OnConnectFailed(mslink.cpp:46) connect to ms failed!
18:57:10 [Error] MSLink::OnConnectFailed(mslink.cpp:46) connect to ms failed!
18:57:14 [Error] MSLink::OnConnectFailed(mslink.cpp:46) connect to ms failed!
18:57:18 [Error] MSLink::OnConnectFailed(mslink.cpp:46) connect to ms failed!
18:57:22 [Error] MSLink::OnConnectFailed(mslink.cpp:46) connect to ms failed!
18:57:26 [Error] MSLink::OnConnectFailed(mslink.cpp:46) connect to ms failed!
18:57:30 [Error] MSLink::OnConnectFailed(mslink.cpp:46) connect to ms failed!
18:57:34 [Error] MSLink::OnConnectFailed(mslink.cpp:46) connect to ms failed!
18:57:38 [Error] MSLink::OnConnectFailed(mslink.cpp:46) connect to ms failed!
18:57:42 [Error] MSLink::OnConnectFailed(mslink.cpp:46) connect to ms failed!
18:57:46 [Error] MSLink::OnConnectFailed(mslink.cpp:46) connect to ms failed!
18:57:50 [Error] MSLink::OnConnectFailed(mslink.cpp:46) connect to ms failed!
18:57:54 [Error] MSLink::OnConnectFailed(mslink.cpp:46) connect to ms failed!
18:57:58 [Error] MSLink::OnConnectFailed(mslink.cpp:46) connect to ms failed!
18:58:02 [Error] MSLink::OnConnectFailed(mslink.cpp:46) connect to ms failed!
18:58:06 [Error] MSLink::OnConnectFailed(mslink.cpp:46) connect to ms failed!
18:58:10 [Error] MSLink::OnConnectFailed(mslink.cpp:46) connect to ms failed!
18:58:14 [Error] MSLink::OnConnectFailed(mslink.cpp:46) connect to ms failed!
18:58:18 [Error] MSLink::OnConnectFailed(mslink.cpp:46) connect to ms failed!
18:58:22 [Error] MSLink::OnConnectFailed(mslink.cpp:46) connect to ms failed!
18:58:26 [Error] MSLink::OnConnectFailed(mslink.cpp:46) connect to ms failed!
18:58:30 [Error] MSLink::OnConnectFailed(mslink.cpp:46) connect to ms failed!
18:58:34 [Error] MSLink::OnConnectFailed(mslink.cpp:46) connect to ms failed!
18:58:38 [Error] MSLink::OnConnectFailed(mslink.cpp:46) connect to ms failed!
18:58:42 [Error] MSLink::OnConnectFailed(mslink.cpp:46) connect to ms failed!
18:58:46 [Error] MSLink::OnConnectFailed(mslink.cpp:46) connect to ms failed!
18:58:50 [Error] MSLink::OnConnectFailed(mslink.cpp:46) connect to ms failed!
18:58:54 [Error] MSLink::OnConnectFailed(mslink.cpp:46) connect to ms failed!
18:58:58 [Error] MSLink::OnConnectFailed(mslink.cpp:46) connect to ms failed!
18:59:02 [Error] MSLink::OnConnectFailed(mslink.cpp:46) connect to ms failed!
18:59:06 [Error] MSLink::OnConnectFailed(mslink.cpp:46) connect to ms failed!
18:59:10 [Error] MSLink::OnConnectFailed(mslink.cpp:46) connect to ms failed!
18:59:14 [Error] MSLink::OnConnectFailed(mslink.cpp:46) connect to ms failed!
18:59:18 [Error] MSLink::OnConnectFailed(mslink.cpp:46) connect to ms failed!
18:59:22 [Error] MSLink::OnConnectFailed(mslink.cpp:46) connect to ms failed!
18:59:26 [Error] MSLink::OnConnectFailed(mslink.cpp:46) connect to ms failed!
18:59:30 [Error] MSLink::OnConnectFailed(mslink.cpp:46) connect to ms failed!
18:59:34 [Error] MSLink::OnConnectFailed(mslink.cpp:46) connect to ms failed!
18:59:38 [Error] MSLink::OnConnectFailed(mslink.cpp:46) connect to ms failed!
18:59:42 [Error] MSLink::OnConnectFailed(mslink.cpp:46) connect to ms failed!
18:59:46 [Error] MSLink::OnConnectFailed(mslink.cpp:46) connect to ms failed!
18:59:50 [Error] MSLink::OnConnectFailed(mslink.cpp:46) connect to ms failed!
18:59:54 [Error] MSLink::OnConnectFailed(mslink.cpp:46) connect to ms failed!
18:59:58 [Error] MSLink::OnConnectFailed(mslink.cpp:46) connect to ms failed!
19:00:02 [Error] MSLink::OnConnectFailed(mslink.cpp:46) connect to ms failed!
19:00:06 [Error] MSLink::OnConnectFailed(mslink.cpp:46) connect to ms failed!
19:00:10 [Error] MSLink::OnConnectFailed(mslink.cpp:46) connect to ms failed!
19:00:14 [Error] MSLink::OnConnectFailed(mslink.cpp:46) connect to ms failed!
19:00:18 [Error] MSLink::OnConnectFailed(mslink.cpp:46) connect to ms failed!
19:00:22 [Error] MSLink::OnConnectFailed(mslink.cpp:46) connect to ms failed!
19:00:26 [Error] MSLink::OnConnectFailed(mslink.cpp:46) connect to ms failed!
19:00:30 [Error] MSLink::OnConnectFailed(mslink.cpp:46) connect to ms failed!
19:00:34 [Error] MSLink::OnConnectFailed(mslink.cpp:46) connect to ms failed!
19:00:38 [Error] MSLink::OnConnectFailed(mslink.cpp:46) connect to ms failed!
19:00:42 [Error] MSLink::OnConnectFailed(mslink.cpp:46) connect to ms failed!
19:00:46 [Error] MSLink::OnConnectFailed(mslink.cpp:46) connect to ms failed!
19:00:50 [Error] MSLink::OnConnectFailed(mslink.cpp:46) connect to ms failed!
19:00:54 [Error] MSLink::OnConnectFailed(mslink.cpp:46) connect to ms failed!
19:00:58 [Error] MSLink::OnConnectFailed(mslink.cpp:46) connect to ms failed!
19:01:02 [Error] MSLink::OnConnectFailed(mslink.cpp:46) connect to ms failed!
19:01:06 [Error] MSLink::OnConnectFailed(mslink.cpp:46) connect to ms failed!
19:01:10 [Error] MSLink::OnConnectFailed(mslink.cpp:46) connect to ms failed!
19:01:14 [Error] MSLink::OnConnectFailed(mslink.cpp:46) connect to ms failed!
19:01:18 [Error] MSLink::OnConnectFailed(mslink.cpp:46) connect to ms failed!
19:01:22 [Error] MSLink::OnConnectFailed(mslink.cpp:46) connect to ms failed!
19:01:26 [Error] MSLink::OnConnectFailed(mslink.cpp:46) connect to ms failed!
19:01:30 [Error] MSLink::OnConnectFailed(mslink.cpp:46) connect to ms failed!
19:01:34 [Error] MSLink::OnConnectFailed(mslink.cpp:46) connect to ms failed!
19:01:38 [Error] MSLink::OnConnectFailed(mslink.cpp:46) connect to ms failed!
19:01:42 [Error] MSLink::OnConnectFailed(mslink.cpp:46) connect to ms failed!
19:01:46 [Error] MSLink::OnConnectFailed(mslink.cpp:46) connect to ms failed!
19:01:50 [Error] MSLink::OnConnectFailed(mslink.cpp:46) connect to ms failed!
19:01:54 [Error] MSLink::OnConnectFailed(mslink.cpp:46) connect to ms failed!
19:01:58 [Error] MSLink::OnConnectFailed(mslink.cpp:46) connect to ms failed!
19:02:02 [Error] MSLink::OnConnectFailed(mslink.cpp:46) connect to ms failed!
19:02:06 [Error] MSLink::OnConnectFailed(mslink.cpp:46) connect to ms failed!
19:02:10 [Error] MSLink::OnConnectFailed(mslink.cpp:46) connect to ms failed!
19:02:14 [Error] MSLink::OnConnectFailed(mslink.cpp:46) connect to ms failed!
19:02:18 [Error] MSLink::OnConnectFailed(mslink.cpp:46) connect to ms failed!
19:02:22 [Error] MSLink::OnConnectFailed(mslink.cpp:46) connect to ms failed!
19:02:26 [Error] MSLink::OnConnectFailed(mslink.cpp:46) connect to ms failed!
19:02:30 [Error] MSLink::OnConnectFailed(mslink.cpp:46) connect to ms failed!
19:02:34 [Error] MSLink::OnConnectFailed(mslink.cpp:46) connect to ms failed!
19:02:38 [Error] MSLink::OnConnectFailed(mslink.cpp:46) connect to ms failed!
19:02:42 [Error] MSLink::OnConnectFailed(mslink.cpp:46) connect to ms failed!
19:02:46 [Error] MSLink::OnConnectFailed(mslink.cpp:46) connect to ms failed!
19:02:50 [Error] MSLink::OnConnectFailed(mslink.cpp:46) connect to ms failed!
19:02:54 [Error] MSLink::OnConnectFailed(mslink.cpp:46) connect to ms failed!
19:02:58 [Error] MSLink::OnConnectFailed(mslink.cpp:46) connect to ms failed!
19:03:02 [Error] MSLink::OnConnectFailed(mslink.cpp:46) connect to ms failed!
19:03:04 [Error] RpcT2M_RegisterGt2Ms::OnTimeout(rpct2m_registergt2ms.cpp:24) Gate server line [1] register to ms timeout
19:03:04 [Warn] CRpc::OnTimer(crpc.cpp:188) Rpc tag [2] type [8141] is time out!

19:03:06 [Error] MSLink::OnConnectFailed(mslink.cpp:46) connect to ms failed!
19:03:10 [Error] MSLink::OnConnectFailed(mslink.cpp:46) connect to ms failed!
19:03:14 [Error] MSLink::OnConnectFailed(mslink.cpp:46) connect to ms failed!
19:03:18 [Error] MSLink::OnConnectFailed(mslink.cpp:46) connect to ms failed!
19:03:22 [Error] MSLink::OnConnectFailed(mslink.cpp:46) connect to ms failed!
19:03:26 [Error] MSLink::OnConnectFailed(mslink.cpp:46) connect to ms failed!
19:03:30 [Error] MSLink::OnConnectFailed(mslink.cpp:46) connect to ms failed!
19:03:34 [Error] MSLink::OnConnectFailed(mslink.cpp:46) connect to ms failed!
19:03:38 [Error] MSLink::OnConnectFailed(mslink.cpp:46) connect to ms failed!
19:03:42 [Error] MSLink::OnConnectFailed(mslink.cpp:46) connect to ms failed!
19:03:46 [Error] MSLink::OnConnectFailed(mslink.cpp:46) connect to ms failed!
19:03:50 [Error] MSLink::OnConnectFailed(mslink.cpp:46) connect to ms failed!
19:03:54 [Error] MSLink::OnConnectFailed(mslink.cpp:46) connect to ms failed!
19:03:58 [Error] MSLink::OnConnectFailed(mslink.cpp:46) connect to ms failed!
19:04:02 [Error] MSLink::OnConnectFailed(mslink.cpp:46) connect to ms failed!
19:04:06 [Error] MSLink::OnConnectFailed(mslink.cpp:46) connect to ms failed!
19:04:10 [Error] MSLink::OnConnectFailed(mslink.cpp:46) connect to ms failed!
19:04:14 [Error] MSLink::OnConnectFailed(mslink.cpp:46) connect to ms failed!
19:04:18 [Error] MSLink::OnConnectFailed(mslink.cpp:46) connect to ms failed!
19:04:22 [Error] MSLink::OnConnectFailed(mslink.cpp:46) connect to ms failed!
19:04:26 [Error] MSLink::OnConnectFailed(mslink.cpp:46) connect to ms failed!
19:04:30 [Error] MSLink::OnConnectFailed(mslink.cpp:46) connect to ms failed!
19:04:34 [Error] MSLink::OnConnectFailed(mslink.cpp:46) connect to ms failed!
19:04:38 [Error] MSLink::OnConnectFailed(mslink.cpp:46) connect to ms failed!
19:04:42 [Error] MSLink::OnConnectFailed(mslink.cpp:46) connect to ms failed!
19:04:46 [Error] MSLink::OnConnectFailed(mslink.cpp:46) connect to ms failed!
19:04:50 [Error] MSLink::OnConnectFailed(mslink.cpp:46) connect to ms failed!
19:04:54 [Error] MSLink::OnConnectFailed(mslink.cpp:46) connect to ms failed!
19:04:58 [Error] MSLink::OnConnectFailed(mslink.cpp:46) connect to ms failed!
19:05:02 [Error] MSLink::OnConnectFailed(mslink.cpp:46) connect to ms failed!
19:05:06 [Error] MSLink::OnConnectFailed(mslink.cpp:46) connect to ms failed!
19:05:10 [Error] MSLink::OnConnectFailed(mslink.cpp:46) connect to ms failed!
19:05:14 [Error] MSLink::OnConnectFailed(mslink.cpp:46) connect to ms failed!
19:05:18 [Error] MSLink::OnConnectFailed(mslink.cpp:46) connect to ms failed!
19:05:22 [Error] MSLink::OnConnectFailed(mslink.cpp:46) connect to ms failed!
19:05:26 [Error] MSLink::OnConnectFailed(mslink.cpp:46) connect to ms failed!
19:05:30 [Error] MSLink::OnConnectFailed(mslink.cpp:46) connect to ms failed!
19:05:34 [Error] MSLink::OnConnectFailed(mslink.cpp:46) connect to ms failed!
19:05:38 [Error] MSLink::OnConnectFailed(mslink.cpp:46) connect to ms failed!
19:05:42 [Error] MSLink::OnConnectFailed(mslink.cpp:46) connect to ms failed!
19:05:46 [Error] MSLink::OnConnectFailed(mslink.cpp:46) connect to ms failed!
19:05:50 [Error] MSLink::OnConnectFailed(mslink.cpp:46) connect to ms failed!
19:05:54 [Error] MSLink::OnConnectFailed(mslink.cpp:46) connect to ms failed!
19:05:58 [Error] MSLink::OnConnectFailed(mslink.cpp:46) connect to ms failed!
19:06:02 [Error] MSLink::OnConnectFailed(mslink.cpp:46) connect to ms failed!
19:06:06 [Error] MSLink::OnConnectFailed(mslink.cpp:46) connect to ms failed!
19:06:10 [Error] MSLink::OnConnectFailed(mslink.cpp:46) connect to ms failed!
19:06:14 [Error] MSLink::OnConnectFailed(mslink.cpp:46) connect to ms failed!
19:06:18 [Error] MSLink::OnConnectFailed(mslink.cpp:46) connect to ms failed!
19:06:22 [Error] MSLink::OnConnectFailed(mslink.cpp:46) connect to ms failed!
19:06:26 [Error] MSLink::OnConnectFailed(mslink.cpp:46) connect to ms failed!
19:06:30 [Error] MSLink::OnConnectFailed(mslink.cpp:46) connect to ms failed!
19:06:34 [Error] MSLink::OnConnectFailed(mslink.cpp:46) connect to ms failed!
19:06:38 [Error] MSLink::OnConnectFailed(mslink.cpp:46) connect to ms failed!
19:06:42 [Error] MSLink::OnConnectFailed(mslink.cpp:46) connect to ms failed!
19:06:46 [Error] MSLink::OnConnectFailed(mslink.cpp:46) connect to ms failed!
19:06:50 [Error] MSLink::OnConnectFailed(mslink.cpp:46) connect to ms failed!
19:06:54 [Error] MSLink::OnConnectFailed(mslink.cpp:46) connect to ms failed!
19:06:58 [Error] MSLink::OnConnectFailed(mslink.cpp:46) connect to ms failed!
19:07:02 [Error] MSLink::OnConnectFailed(mslink.cpp:46) connect to ms failed!
19:07:06 [Error] MSLink::OnConnectFailed(mslink.cpp:46) connect to ms failed!
19:07:10 [Error] MSLink::OnConnectFailed(mslink.cpp:46) connect to ms failed!
19:07:14 [Error] MSLink::OnConnectFailed(mslink.cpp:46) connect to ms failed!
19:07:18 [Error] MSLink::OnConnectFailed(mslink.cpp:46) connect to ms failed!
19:07:22 [Error] MSLink::OnConnectFailed(mslink.cpp:46) connect to ms failed!
19:07:26 [Error] MSLink::OnConnectFailed(mslink.cpp:46) connect to ms failed!
19:07:30 [Error] MSLink::OnConnectFailed(mslink.cpp:46) connect to ms failed!
19:07:34 [Error] MSLink::OnConnectFailed(mslink.cpp:46) connect to ms failed!
19:07:38 [Error] MSLink::OnConnectFailed(mslink.cpp:46) connect to ms failed!
19:07:42 [Error] MSLink::OnConnectFailed(mslink.cpp:46) connect to ms failed!
19:07:46 [Error] MSLink::OnConnectFailed(mslink.cpp:46) connect to ms failed!
19:07:50 [Error] MSLink::OnConnectFailed(mslink.cpp:46) connect to ms failed!
19:07:54 [Error] MSLink::OnConnectFailed(mslink.cpp:46) connect to ms failed!
19:07:58 [Error] MSLink::OnConnectFailed(mslink.cpp:46) connect to ms failed!
19:08:02 [Error] MSLink::OnConnectFailed(mslink.cpp:46) connect to ms failed!
19:08:06 [Error] MSLink::OnConnectFailed(mslink.cpp:46) connect to ms failed!
19:08:10 [Error] MSLink::OnConnectFailed(mslink.cpp:46) connect to ms failed!
19:08:25 [Info] CNetProcessor::OnClose(netproc.cpp:87) socket closed reason [NET_NO_ERROR] errno=[64] for link [mslink] ConnID:[21]
19:08:25 [Info] MSLink::OnClose(mslink.cpp:53) ms link was disconnected
19:08:28 [Error] MSLink::OnConnectFailed(mslink.cpp:46) connect to ms failed!
19:08:32 [Error] MSLink::OnConnectFailed(mslink.cpp:46) connect to ms failed!
19:08:36 [Error] MSLink::OnConnectFailed(mslink.cpp:46) connect to ms failed!
19:08:40 [Error] MSLink::OnConnectFailed(mslink.cpp:46) connect to ms failed!
19:08:44 [Error] MSLink::OnConnectFailed(mslink.cpp:46) connect to ms failed!
19:08:48 [Error] MSLink::OnConnectFailed(mslink.cpp:46) connect to ms failed!
19:08:52 [Error] MSLink::OnConnectFailed(mslink.cpp:46) connect to ms failed!
19:08:54 [Info] GSLink::OnLineConnected(gslink.cpp:157) Game server line [1] connected
19:08:54 [Info] RpcT2G_RegisterGt2Gs::OnReply(rpct2g_registergt2gs.cpp:12) Gate server line [1] register to gs_1 success
19:08:56 [Error] MSLink::OnConnectFailed(mslink.cpp:46) connect to ms failed!
19:09:00 [Error] MSLink::OnConnectFailed(mslink.cpp:46) connect to ms failed!
19:09:04 [Error] MSLink::OnConnectFailed(mslink.cpp:46) connect to ms failed!
19:09:08 [Error] MSLink::OnConnectFailed(mslink.cpp:46) connect to ms failed!
19:09:12 [Error] MSLink::OnConnectFailed(mslink.cpp:46) connect to ms failed!
19:09:16 [Error] MSLink::OnConnectFailed(mslink.cpp:46) connect to ms failed!
19:09:20 [Error] MSLink::OnConnectFailed(mslink.cpp:46) connect to ms failed!
19:09:24 [Error] MSLink::OnConnectFailed(mslink.cpp:46) connect to ms failed!
19:09:28 [Error] MSLink::OnConnectFailed(mslink.cpp:46) connect to ms failed!
19:09:32 [Error] MSLink::OnConnectFailed(mslink.cpp:46) connect to ms failed!
19:09:36 [Error] MSLink::OnConnectFailed(mslink.cpp:46) connect to ms failed!
19:09:40 [Error] MSLink::OnConnectFailed(mslink.cpp:46) connect to ms failed!
19:09:44 [Error] MSLink::OnConnectFailed(mslink.cpp:46) connect to ms failed!
19:09:48 [Error] MSLink::OnConnectFailed(mslink.cpp:46) connect to ms failed!
19:09:52 [Error] MSLink::OnConnectFailed(mslink.cpp:46) connect to ms failed!
19:09:56 [Error] MSLink::OnConnectFailed(mslink.cpp:46) connect to ms failed!
19:10:00 [Error] MSLink::OnConnectFailed(mslink.cpp:46) connect to ms failed!
19:10:04 [Error] MSLink::OnConnectFailed(mslink.cpp:46) connect to ms failed!
19:10:08 [Error] MSLink::OnConnectFailed(mslink.cpp:46) connect to ms failed!
19:10:12 [Error] MSLink::OnConnectFailed(mslink.cpp:46) connect to ms failed!
19:10:27 [Info] RpcT2M_RegisterGt2Ms::OnReply(rpct2m_registergt2ms.cpp:13) Gate server line [1] register to ms success
19:14:02 [Info] main(main.cpp:42) [gateserver.exe] is start ....
19:14:02 [Debug] Process_Setup(process.cpp:18) Start Init <GateConfig>
19:14:02 [Debug] Config::LoadServerNode(baseconfig.cpp:150) Read server name [gate] server id [1]
19:14:02 [Info] GateConfig::ReadSettings(config.cpp:94) nps: 1000, tps: 100, maxconn: 20000
19:14:02 [Info] ReconnectManager::InitNetwork(reconnetmgr.cpp:172) Listen by link handler [clientlink] on [0.0.0.0:10110] success
19:14:02 [Info] ReconnectManager::InitNetwork(reconnetmgr.cpp:172) Listen by link handler [gslink] on [127.0.0.1:10131] success
19:14:02 [Info] ReconnectManager::InitNetwork(reconnetmgr.cpp:185) Begin connect to [127.0.0.1:10120] by link mslink
19:14:02 [Info] ReconnectManager::InitNetwork(reconnetmgr.cpp:185) Begin connect to [127.0.0.1:10125] by link ctrllink
19:14:02 [Info] ReconnectManager::InitNetwork(reconnetmgr.cpp:185) Begin connect to [127.0.0.1:10170] by link audiolink
19:14:02 [Debug] Process_Setup(process.cpp:19) Start Init <SessionManager>
19:14:02 [Debug] Process_Setup(process.cpp:19) End Init <SessionManager>
19:14:02 [Debug] Process_Setup(process.cpp:20) Start Init <ServerStateInfo>
19:14:02 [Debug] Process_Setup(process.cpp:20) End Init <ServerStateInfo>
19:14:02 [Debug] Process_Setup(process.cpp:21) Start Init <CProtocolStat>
19:14:02 [Debug] Process_Setup(process.cpp:21) End Init <CProtocolStat>
19:14:02 [Debug] Process_Setup(process.cpp:22) Start Init <CProtocolCoder>
19:14:02 [Debug] Process_Setup(process.cpp:22) End Init <CProtocolCoder>
19:14:02 [Debug] Process_Setup(process.cpp:23) Start Init <CGateProfile>
19:14:02 [Debug] Process_Setup(process.cpp:23) End Init <CGateProfile>
19:14:02 [Debug] Process_Setup(process.cpp:24) Start Init <CrossProtocolBanMgr>
19:14:02 [Debug] Process_Setup(process.cpp:24) End Init <CrossProtocolBanMgr>
19:14:03 [Info] RpcT2N_RegisterGt2Ns::OnReply(rpct2n_registergt2ns.cpp:13) Gate server line [1] register to ns success
19:14:04 [Error] AudioLink::OnConnectFailed(audiolink.cpp:40) connect to audio failed!
19:14:08 [Error] AudioLink::OnConnectFailed(audiolink.cpp:40) connect to audio failed!
19:14:12 [Error] AudioLink::OnConnectFailed(audiolink.cpp:40) connect to audio failed!
19:14:16 [Info] RpcT2M_RegisterGt2Ms::OnReply(rpct2m_registergt2ms.cpp:13) Gate server line [1] register to ms success
19:14:16 [Error] AudioLink::OnConnectFailed(audiolink.cpp:40) connect to audio failed!
19:14:20 [Error] AudioLink::OnConnectFailed(audiolink.cpp:40) connect to audio failed!
19:14:22 [Info] GSLink::OnLineConnected(gslink.cpp:157) Game server line [1] connected
19:14:22 [Info] RpcT2G_RegisterGt2Gs::OnReply(rpct2g_registergt2gs.cpp:12) Gate server line [1] register to gs_1 success
19:14:24 [Error] AudioLink::OnConnectFailed(audiolink.cpp:40) connect to audio failed!
19:14:28 [Error] AudioLink::OnConnectFailed(audiolink.cpp:40) connect to audio failed!
19:14:32 [Error] AudioLink::OnConnectFailed(audiolink.cpp:40) connect to audio failed!
19:14:36 [Error] AudioLink::OnConnectFailed(audiolink.cpp:40) connect to audio failed!
19:14:40 [Error] AudioLink::OnConnectFailed(audiolink.cpp:40) connect to audio failed!
19:14:44 [Error] AudioLink::OnConnectFailed(audiolink.cpp:40) connect to audio failed!
19:14:48 [Error] AudioLink::OnConnectFailed(audiolink.cpp:40) connect to audio failed!
19:14:52 [Error] AudioLink::OnConnectFailed(audiolink.cpp:40) connect to audio failed!
19:14:56 [Error] AudioLink::OnConnectFailed(audiolink.cpp:40) connect to audio failed!
19:15:00 [Error] AudioLink::OnConnectFailed(audiolink.cpp:40) connect to audio failed!
19:15:04 [Error] AudioLink::OnConnectFailed(audiolink.cpp:40) connect to audio failed!
19:15:08 [Error] AudioLink::OnConnectFailed(audiolink.cpp:40) connect to audio failed!
19:15:12 [Error] AudioLink::OnConnectFailed(audiolink.cpp:40) connect to audio failed!
19:15:16 [Error] AudioLink::OnConnectFailed(audiolink.cpp:40) connect to audio failed!
19:15:20 [Error] AudioLink::OnConnectFailed(audiolink.cpp:40) connect to audio failed!
19:15:24 [Error] AudioLink::OnConnectFailed(audiolink.cpp:40) connect to audio failed!
19:15:28 [Error] AudioLink::OnConnectFailed(audiolink.cpp:40) connect to audio failed!
19:15:32 [Error] AudioLink::OnConnectFailed(audiolink.cpp:40) connect to audio failed!
19:15:36 [Error] AudioLink::OnConnectFailed(audiolink.cpp:40) connect to audio failed!
19:15:40 [Error] AudioLink::OnConnectFailed(audiolink.cpp:40) connect to audio failed!
19:15:44 [Error] AudioLink::OnConnectFailed(audiolink.cpp:40) connect to audio failed!
19:15:48 [Error] AudioLink::OnConnectFailed(audiolink.cpp:40) connect to audio failed!
19:15:52 [Error] AudioLink::OnConnectFailed(audiolink.cpp:40) connect to audio failed!
19:15:56 [Error] AudioLink::OnConnectFailed(audiolink.cpp:40) connect to audio failed!
19:16:00 [Error] AudioLink::OnConnectFailed(audiolink.cpp:40) connect to audio failed!
19:16:04 [Error] AudioLink::OnConnectFailed(audiolink.cpp:40) connect to audio failed!
19:16:08 [Error] AudioLink::OnConnectFailed(audiolink.cpp:40) connect to audio failed!
19:16:12 [Error] AudioLink::OnConnectFailed(audiolink.cpp:40) connect to audio failed!
19:16:16 [Error] AudioLink::OnConnectFailed(audiolink.cpp:40) connect to audio failed!
19:16:20 [Error] AudioLink::OnConnectFailed(audiolink.cpp:40) connect to audio failed!
19:16:24 [Error] AudioLink::OnConnectFailed(audiolink.cpp:40) connect to audio failed!
19:16:28 [Error] AudioLink::OnConnectFailed(audiolink.cpp:40) connect to audio failed!
19:16:32 [Error] AudioLink::OnConnectFailed(audiolink.cpp:40) connect to audio failed!
19:24:44 [Info] main(main.cpp:42) [gateserver.exe] is start ....
19:24:44 [Debug] Process_Setup(process.cpp:18) Start Init <GateConfig>
19:24:44 [Debug] Config::LoadServerNode(baseconfig.cpp:150) Read server name [gate] server id [1]
19:24:44 [Info] GateConfig::ReadSettings(config.cpp:94) nps: 1000, tps: 100, maxconn: 20000
19:24:44 [Info] ReconnectManager::InitNetwork(reconnetmgr.cpp:172) Listen by link handler [clientlink] on [0.0.0.0:10110] success
19:24:44 [Info] ReconnectManager::InitNetwork(reconnetmgr.cpp:172) Listen by link handler [gslink] on [127.0.0.1:10131] success
19:24:44 [Info] ReconnectManager::InitNetwork(reconnetmgr.cpp:185) Begin connect to [127.0.0.1:10120] by link mslink
19:24:44 [Info] ReconnectManager::InitNetwork(reconnetmgr.cpp:185) Begin connect to [127.0.0.1:10125] by link ctrllink
19:24:44 [Info] ReconnectManager::InitNetwork(reconnetmgr.cpp:185) Begin connect to [127.0.0.1:10170] by link audiolink
19:24:44 [Debug] Process_Setup(process.cpp:19) Start Init <SessionManager>
19:24:44 [Debug] Process_Setup(process.cpp:19) End Init <SessionManager>
19:24:44 [Debug] Process_Setup(process.cpp:20) Start Init <ServerStateInfo>
19:24:44 [Debug] Process_Setup(process.cpp:20) End Init <ServerStateInfo>
19:24:44 [Debug] Process_Setup(process.cpp:21) Start Init <CProtocolStat>
19:24:44 [Debug] Process_Setup(process.cpp:21) End Init <CProtocolStat>
19:24:44 [Debug] Process_Setup(process.cpp:22) Start Init <CProtocolCoder>
19:24:44 [Debug] Process_Setup(process.cpp:22) End Init <CProtocolCoder>
19:24:44 [Debug] Process_Setup(process.cpp:23) Start Init <CGateProfile>
19:24:44 [Debug] Process_Setup(process.cpp:23) End Init <CGateProfile>
19:24:44 [Debug] Process_Setup(process.cpp:24) Start Init <CrossProtocolBanMgr>
19:24:44 [Debug] Process_Setup(process.cpp:24) End Init <CrossProtocolBanMgr>
19:24:44 [Info] RpcT2N_RegisterGt2Ns::OnReply(rpct2n_registergt2ns.cpp:13) Gate server line [1] register to ns success
19:24:56 [Info] RpcT2M_RegisterGt2Ms::OnReply(rpct2m_registergt2ms.cpp:13) Gate server line [1] register to ms success
19:25:02 [Info] GSLink::OnLineConnected(gslink.cpp:157) Game server line [1] connected
19:25:02 [Info] RpcT2G_RegisterGt2Gs::OnReply(rpct2g_registergt2gs.cpp:12) Gate server line [1] register to gs_1 success
