18:06:40 [Info] main(main.cpp:33) [loginserver.exe] is start ....
18:06:40 [Debug] Process_Setup(process.cpp:26) Start Init <LoginConfig>
18:06:40 [Debug] Config::LoadServerNode(baseconfig.cpp:150) Read server name [login] server id [100]
18:06:40 [Debug] LoginConfig::ReadSettings(config.cpp:110) max login num[500] concurent
18:06:40 [Info] LoginConfig::LoadUseFreeFlow(config.cpp:172) Use FreeFlow: 1
18:06:40 [Info] LoginConfig::LoadBackFlow(config.cpp:197) LoadBackFlow, use backflowserver check 1, account backflow time: 604800, account backflow expire time: 172800
18:06:40 [Info] ReconnectManager::InitNetwork(reconnetmgr.cpp:172) Listen by link handler [ctrllink] on [0.0.0.0:25000] success
18:06:40 [Info] ReconnectManager::InitNetwork(reconnetmgr.cpp:172) Listen by link handler [clientlink] on [0.0.0.0:25001] success
18:06:40 [Info] ReconnectManager::InitNetwork(reconnetmgr.cpp:172) Listen by link handler [gmtoollink] on [0.0.0.0:25002] success
18:06:40 [Info] ReconnectManager::InitNetwork(reconnetmgr.cpp:172) Listen by link handler [cslink] on [0.0.0.0:25003] success
18:06:40 [Info] ReconnectManager::InitNetwork(reconnetmgr.cpp:172) Listen by link handler [mslink] on [0.0.0.0:28000] success
18:06:40 [Debug] Process_Setup(process.cpp:27) Start Init <CAppConfig>
18:06:40 [Info] CAppConfig::Init(appid.cpp:20) Read AppTag: AppTag_Normal
18:06:40 [Debug] Process_Setup(process.cpp:27) End Init <CAppConfig>
18:06:40 [Debug] Process_Setup(process.cpp:28) Start Init <MysqlMgr>
18:06:40 [Error] MysqlMgr::Init(mysqlmgr.cpp:41) SQL failed: errno=1049 : Unknown database 'login'

18:06:40 [Warn] MysqlMgr::Init(mysqlmgr.cpp:45) connect to database 127.0.0.1:3306:login failed
18:06:40 [Error] Process_Setup(process.cpp:28) Init <MysqlMgr> failed!
18:10:29 [Info] main(main.cpp:33) [loginserver.exe] is start ....
18:10:29 [Debug] Process_Setup(process.cpp:26) Start Init <LoginConfig>
18:10:29 [Debug] Config::LoadServerNode(baseconfig.cpp:150) Read server name [login] server id [100]
18:10:29 [Debug] LoginConfig::ReadSettings(config.cpp:110) max login num[500] concurent
18:10:29 [Info] LoginConfig::LoadUseFreeFlow(config.cpp:172) Use FreeFlow: 1
18:10:29 [Info] LoginConfig::LoadBackFlow(config.cpp:197) LoadBackFlow, use backflowserver check 1, account backflow time: 604800, account backflow expire time: 172800
18:10:29 [Info] ReconnectManager::InitNetwork(reconnetmgr.cpp:172) Listen by link handler [ctrllink] on [0.0.0.0:25000] success
18:10:29 [Info] ReconnectManager::InitNetwork(reconnetmgr.cpp:172) Listen by link handler [clientlink] on [0.0.0.0:25001] success
18:10:29 [Info] ReconnectManager::InitNetwork(reconnetmgr.cpp:172) Listen by link handler [gmtoollink] on [0.0.0.0:25002] success
18:10:29 [Info] ReconnectManager::InitNetwork(reconnetmgr.cpp:172) Listen by link handler [cslink] on [0.0.0.0:25003] success
18:10:29 [Info] ReconnectManager::InitNetwork(reconnetmgr.cpp:172) Listen by link handler [mslink] on [0.0.0.0:28000] success
18:10:29 [Debug] Process_Setup(process.cpp:27) Start Init <CAppConfig>
18:10:29 [Info] CAppConfig::Init(appid.cpp:20) Read AppTag: AppTag_Normal
18:10:29 [Debug] Process_Setup(process.cpp:27) End Init <CAppConfig>
18:10:29 [Debug] Process_Setup(process.cpp:28) Start Init <MysqlMgr>
18:10:29 [Info] MysqlMgr::Init(mysqlmgr.cpp:56) connect to database 127.0.0.1:3306:login success
18:10:29 [Debug] Process_Setup(process.cpp:28) End Init <MysqlMgr>
18:10:29 [Debug] Process_Setup(process.cpp:29) Start Init <GateMgr>
18:10:29 [Warn] GateMgr::ParseFrom(gatemgr.cpp:55) no gate info
18:10:29 [Debug] Process_Setup(process.cpp:29) End Init <GateMgr>
18:10:29 [Debug] Process_Setup(process.cpp:30) Start Init <GMMgr>
18:10:29 [Debug] Process_Setup(process.cpp:30) End Init <GMMgr>
18:10:29 [Debug] Process_Setup(process.cpp:31) Start Init <WhiteListMgr>
18:10:29 [Info] WhiteListMgr::LoadWhiteList(whitelistmgr.cpp:72) Load openid: 221
18:10:29 [Info] WhiteListMgr::LoadWhiteList(whitelistmgr.cpp:72) Load openid: 222
18:10:29 [Debug] Process_Setup(process.cpp:31) End Init <WhiteListMgr>
18:10:29 [Debug] Process_Setup(process.cpp:32) Start Init <CReloadMgr>
18:10:29 [Debug] Process_Setup(process.cpp:32) End Init <CReloadMgr>
18:10:29 [Debug] Process_Setup(process.cpp:33) Start Init <CLoginControl>
18:10:29 [Debug] Process_Setup(process.cpp:33) End Init <CLoginControl>
18:10:29 [Debug] Process_Setup(process.cpp:34) Start Init <ConnectionMgr>
18:10:29 [Debug] Process_Setup(process.cpp:34) End Init <ConnectionMgr>
18:10:29 [Debug] Process_Setup(process.cpp:35) Start Init <CPlatNoticeMgr>
18:10:29 [Debug] Process_Setup(process.cpp:35) End Init <CPlatNoticeMgr>
18:10:29 [Debug] Process_Setup(process.cpp:36) Start Init <CMysqlTest>
18:10:29 [Debug] CMysqlTest::Init(mysqltest.cpp:56) Init from table selfserver, count 0
18:10:29 [Debug] Process_Setup(process.cpp:36) End Init <CMysqlTest>
18:10:29 [Debug] Process_Setup(process.cpp:37) Start Init <CLoginProfiler>
18:10:29 [Debug] Process_Setup(process.cpp:37) End Init <CLoginProfiler>
18:10:29 [Debug] Process_Setup(process.cpp:38) Start Init <TokenVerifyMgr>
18:10:29 [Info] SQLThread::Init(sqlthread.cpp:56) connect to database 127.0.0.1:3306:login success
18:10:29 [Info] SQLThread::Init(sqlthread.cpp:56) connect to database 127.0.0.1:3306:login success
18:10:29 [Info] SQLThread::Init(sqlthread.cpp:56) connect to database 127.0.0.1:3306:login success
18:10:29 [Info] SQLThread::Init(sqlthread.cpp:56) connect to database 127.0.0.1:3306:login success
18:10:29 [Info] SQLThread::Init(sqlthread.cpp:56) connect to database 127.0.0.1:3306:login success
18:10:29 [Debug] Process_Setup(process.cpp:38) End Init <TokenVerifyMgr>
18:10:29 [Debug] Process_Setup(process.cpp:39) Start Init <AccountBanMgr>
18:10:29 [Debug] Process_Setup(process.cpp:39) End Init <AccountBanMgr>
18:10:29 [Debug] Process_Setup(process.cpp:40) Start Init <ReadRoleControl>
18:10:29 [Debug] Process_Setup(process.cpp:40) End Init <ReadRoleControl>
18:10:29 [Info] ControlLink::RegisterNs(controllink.cpp:57) Ns server=[1] registered success
18:10:59 [Info] UpdateServerState(ptcn2i_updateserverstate2login.cpp:13) server[1] register [0] online role [0]
18:11:59 [Info] UpdateServerState(ptcn2i_updateserverstate2login.cpp:13) server[1] register [0] online role [0]
18:12:59 [Info] UpdateServerState(ptcn2i_updateserverstate2login.cpp:13) server[1] register [0] online role [0]
18:13:59 [Info] UpdateServerState(ptcn2i_updateserverstate2login.cpp:13) server[1] register [0] online role [0]
18:14:59 [Info] UpdateServerState(ptcn2i_updateserverstate2login.cpp:13) server[1] register [0] online role [0]
18:15:59 [Info] UpdateServerState(ptcn2i_updateserverstate2login.cpp:13) server[1] register [0] online role [0]
18:16:59 [Info] UpdateServerState(ptcn2i_updateserverstate2login.cpp:13) server[1] register [0] online role [0]
18:17:59 [Info] UpdateServerState(ptcn2i_updateserverstate2login.cpp:13) server[1] register [0] online role [0]
18:18:59 [Info] UpdateServerState(ptcn2i_updateserverstate2login.cpp:13) server[1] register [0] online role [0]
18:19:59 [Info] UpdateServerState(ptcn2i_updateserverstate2login.cpp:13) server[1] register [0] online role [0]
18:20:59 [Info] UpdateServerState(ptcn2i_updateserverstate2login.cpp:13) server[1] register [0] online role [0]
18:21:59 [Info] UpdateServerState(ptcn2i_updateserverstate2login.cpp:13) server[1] register [0] online role [0]
18:22:59 [Info] UpdateServerState(ptcn2i_updateserverstate2login.cpp:13) server[1] register [0] online role [0]
18:23:59 [Info] UpdateServerState(ptcn2i_updateserverstate2login.cpp:13) server[1] register [0] online role [0]
18:24:59 [Info] UpdateServerState(ptcn2i_updateserverstate2login.cpp:13) server[1] register [0] online role [0]
18:25:59 [Info] UpdateServerState(ptcn2i_updateserverstate2login.cpp:13) server[1] register [0] online role [0]
18:26:59 [Info] UpdateServerState(ptcn2i_updateserverstate2login.cpp:13) server[1] register [0] online role [0]
18:27:59 [Info] UpdateServerState(ptcn2i_updateserverstate2login.cpp:13) server[1] register [0] online role [0]
18:28:59 [Info] UpdateServerState(ptcn2i_updateserverstate2login.cpp:13) server[1] register [0] online role [0]
18:29:58 [Info] CNetProcessor::OnClose(netproc.cpp:87) socket closed reason [NET_NO_ERROR] errno=[64] for link [mslink] ConnID:[49]
18:29:59 [Info] UpdateServerState(ptcn2i_updateserverstate2login.cpp:13) server[1] register [0] online role [0]
18:30:59 [Info] UpdateServerState(ptcn2i_updateserverstate2login.cpp:13) server[1] register [0] online role [0]
18:31:59 [Info] UpdateServerState(ptcn2i_updateserverstate2login.cpp:13) server[1] register [0] online role [0]
18:32:59 [Info] UpdateServerState(ptcn2i_updateserverstate2login.cpp:13) server[1] register [0] online role [0]
18:33:59 [Info] UpdateServerState(ptcn2i_updateserverstate2login.cpp:13) server[1] register [0] online role [0]
18:34:59 [Info] UpdateServerState(ptcn2i_updateserverstate2login.cpp:13) server[1] register [0] online role [0]
18:35:59 [Info] UpdateServerState(ptcn2i_updateserverstate2login.cpp:13) server[1] register [0] online role [0]
18:36:59 [Info] UpdateServerState(ptcn2i_updateserverstate2login.cpp:13) server[1] register [0] online role [0]
18:37:59 [Info] UpdateServerState(ptcn2i_updateserverstate2login.cpp:13) server[1] register [0] online role [0]
18:38:59 [Info] UpdateServerState(ptcn2i_updateserverstate2login.cpp:13) server[1] register [0] online role [0]
18:39:59 [Info] UpdateServerState(ptcn2i_updateserverstate2login.cpp:13) server[1] register [0] online role [0]
18:40:59 [Info] UpdateServerState(ptcn2i_updateserverstate2login.cpp:13) server[1] register [0] online role [0]
18:41:59 [Info] UpdateServerState(ptcn2i_updateserverstate2login.cpp:13) server[1] register [0] online role [0]
18:42:59 [Info] UpdateServerState(ptcn2i_updateserverstate2login.cpp:13) server[1] register [0] online role [0]
18:43:59 [Info] UpdateServerState(ptcn2i_updateserverstate2login.cpp:13) server[1] register [0] online role [0]
18:44:59 [Info] UpdateServerState(ptcn2i_updateserverstate2login.cpp:13) server[1] register [0] online role [0]
18:45:59 [Info] UpdateServerState(ptcn2i_updateserverstate2login.cpp:13) server[1] register [0] online role [0]
18:46:59 [Info] UpdateServerState(ptcn2i_updateserverstate2login.cpp:13) server[1] register [0] online role [0]
18:47:59 [Info] UpdateServerState(ptcn2i_updateserverstate2login.cpp:13) server[1] register [0] online role [0]
18:48:59 [Info] UpdateServerState(ptcn2i_updateserverstate2login.cpp:13) server[1] register [0] online role [0]
18:49:59 [Info] UpdateServerState(ptcn2i_updateserverstate2login.cpp:13) server[1] register [0] online role [0]
18:50:59 [Info] UpdateServerState(ptcn2i_updateserverstate2login.cpp:13) server[1] register [0] online role [0]
18:51:59 [Info] UpdateServerState(ptcn2i_updateserverstate2login.cpp:13) server[1] register [0] online role [0]
18:52:59 [Info] UpdateServerState(ptcn2i_updateserverstate2login.cpp:13) server[1] register [0] online role [0]
18:53:59 [Info] UpdateServerState(ptcn2i_updateserverstate2login.cpp:13) server[1] register [0] online role [0]
18:54:59 [Info] UpdateServerState(ptcn2i_updateserverstate2login.cpp:13) server[1] register [0] online role [0]
18:55:59 [Info] UpdateServerState(ptcn2i_updateserverstate2login.cpp:13) server[1] register [0] online role [0]
18:56:59 [Info] UpdateServerState(ptcn2i_updateserverstate2login.cpp:13) server[1] register [0] online role [0]
18:57:59 [Info] UpdateServerState(ptcn2i_updateserverstate2login.cpp:13) server[1] register [0] online role [0]
18:58:59 [Info] UpdateServerState(ptcn2i_updateserverstate2login.cpp:13) server[1] register [0] online role [0]
18:59:59 [Info] UpdateServerState(ptcn2i_updateserverstate2login.cpp:13) server[1] register [0] online role [0]
19:00:59 [Info] UpdateServerState(ptcn2i_updateserverstate2login.cpp:13) server[1] register [0] online role [0]
19:01:59 [Info] UpdateServerState(ptcn2i_updateserverstate2login.cpp:13) server[1] register [0] online role [0]
19:02:59 [Info] UpdateServerState(ptcn2i_updateserverstate2login.cpp:13) server[1] register [0] online role [0]
19:03:59 [Info] UpdateServerState(ptcn2i_updateserverstate2login.cpp:13) server[1] register [0] online role [0]
19:04:59 [Info] UpdateServerState(ptcn2i_updateserverstate2login.cpp:13) server[1] register [0] online role [0]
19:05:59 [Info] UpdateServerState(ptcn2i_updateserverstate2login.cpp:13) server[1] register [0] online role [0]
19:06:59 [Info] UpdateServerState(ptcn2i_updateserverstate2login.cpp:13) server[1] register [0] online role [0]
19:07:59 [Info] UpdateServerState(ptcn2i_updateserverstate2login.cpp:13) server[1] register [0] online role [0]
19:08:25 [Info] CNetProcessor::OnClose(netproc.cpp:87) socket closed reason [NET_NO_ERROR] errno=[64] for link [mslink] ConnID:[48]
19:08:59 [Info] UpdateServerState(ptcn2i_updateserverstate2login.cpp:13) server[1] register [0] online role [0]
19:09:59 [Info] UpdateServerState(ptcn2i_updateserverstate2login.cpp:13) server[1] register [0] online role [0]
19:10:27 [Info] MsLink::RegisterMs(mslink.cpp:53) Ms server=[1] registered success
19:10:27 [Info] GateMgr::ServerInfoNotifyToMs(gatemgr.cpp:351)  dwconnid = 47
19:10:59 [Info] UpdateServerState(ptcn2i_updateserverstate2login.cpp:13) server[1] register [0] online role [0]
19:11:59 [Info] UpdateServerState(ptcn2i_updateserverstate2login.cpp:13) server[1] register [0] online role [0]
19:12:59 [Info] UpdateServerState(ptcn2i_updateserverstate2login.cpp:13) server[1] register [0] online role [0]
19:14:02 [Info] main(main.cpp:33) [loginserver.exe] is start ....
19:14:02 [Debug] Process_Setup(process.cpp:26) Start Init <LoginConfig>
19:14:02 [Debug] Config::LoadServerNode(baseconfig.cpp:150) Read server name [login] server id [100]
19:14:02 [Debug] LoginConfig::ReadSettings(config.cpp:110) max login num[500] concurent
19:14:02 [Info] LoginConfig::LoadUseFreeFlow(config.cpp:172) Use FreeFlow: 1
19:14:02 [Info] LoginConfig::LoadBackFlow(config.cpp:197) LoadBackFlow, use backflowserver check 1, account backflow time: 604800, account backflow expire time: 172800
19:14:02 [Info] ReconnectManager::InitNetwork(reconnetmgr.cpp:172) Listen by link handler [ctrllink] on [0.0.0.0:25000] success
19:14:02 [Info] ReconnectManager::InitNetwork(reconnetmgr.cpp:172) Listen by link handler [clientlink] on [0.0.0.0:25001] success
19:14:02 [Info] ReconnectManager::InitNetwork(reconnetmgr.cpp:172) Listen by link handler [gmtoollink] on [0.0.0.0:25002] success
19:14:02 [Info] ReconnectManager::InitNetwork(reconnetmgr.cpp:172) Listen by link handler [cslink] on [0.0.0.0:25003] success
19:14:02 [Info] ReconnectManager::InitNetwork(reconnetmgr.cpp:172) Listen by link handler [mslink] on [0.0.0.0:28000] success
19:14:02 [Debug] Process_Setup(process.cpp:27) Start Init <CAppConfig>
19:14:02 [Info] CAppConfig::Init(appid.cpp:20) Read AppTag: AppTag_Normal
19:14:02 [Debug] Process_Setup(process.cpp:27) End Init <CAppConfig>
19:14:02 [Debug] Process_Setup(process.cpp:28) Start Init <MysqlMgr>
19:14:02 [Info] MysqlMgr::Init(mysqlmgr.cpp:56) connect to database 127.0.0.1:3306:login success
19:14:02 [Debug] Process_Setup(process.cpp:28) End Init <MysqlMgr>
19:14:02 [Debug] Process_Setup(process.cpp:29) Start Init <GateMgr>
19:14:02 [Warn] GateMgr::ParseFrom(gatemgr.cpp:55) no gate info
19:14:02 [Debug] Process_Setup(process.cpp:29) End Init <GateMgr>
19:14:02 [Debug] Process_Setup(process.cpp:30) Start Init <GMMgr>
19:14:02 [Debug] Process_Setup(process.cpp:30) End Init <GMMgr>
19:14:02 [Debug] Process_Setup(process.cpp:31) Start Init <WhiteListMgr>
19:14:02 [Info] WhiteListMgr::LoadWhiteList(whitelistmgr.cpp:72) Load openid: 221
19:14:02 [Info] WhiteListMgr::LoadWhiteList(whitelistmgr.cpp:72) Load openid: 222
19:14:02 [Debug] Process_Setup(process.cpp:31) End Init <WhiteListMgr>
19:14:02 [Debug] Process_Setup(process.cpp:32) Start Init <CReloadMgr>
19:14:02 [Debug] Process_Setup(process.cpp:32) End Init <CReloadMgr>
19:14:02 [Debug] Process_Setup(process.cpp:33) Start Init <CLoginControl>
19:14:02 [Debug] Process_Setup(process.cpp:33) End Init <CLoginControl>
19:14:02 [Debug] Process_Setup(process.cpp:34) Start Init <ConnectionMgr>
19:14:02 [Debug] Process_Setup(process.cpp:34) End Init <ConnectionMgr>
19:14:02 [Debug] Process_Setup(process.cpp:35) Start Init <CPlatNoticeMgr>
19:14:02 [Debug] Process_Setup(process.cpp:35) End Init <CPlatNoticeMgr>
19:14:02 [Debug] Process_Setup(process.cpp:36) Start Init <CMysqlTest>
19:14:02 [Debug] CMysqlTest::Init(mysqltest.cpp:56) Init from table selfserver, count 0
19:14:02 [Debug] Process_Setup(process.cpp:36) End Init <CMysqlTest>
19:14:02 [Debug] Process_Setup(process.cpp:37) Start Init <CLoginProfiler>
19:14:02 [Debug] Process_Setup(process.cpp:37) End Init <CLoginProfiler>
19:14:02 [Debug] Process_Setup(process.cpp:38) Start Init <TokenVerifyMgr>
19:14:02 [Info] SQLThread::Init(sqlthread.cpp:56) connect to database 127.0.0.1:3306:login success
19:14:02 [Info] SQLThread::Init(sqlthread.cpp:56) connect to database 127.0.0.1:3306:login success
19:14:02 [Info] SQLThread::Init(sqlthread.cpp:56) connect to database 127.0.0.1:3306:login success
19:14:02 [Info] SQLThread::Init(sqlthread.cpp:56) connect to database 127.0.0.1:3306:login success
19:14:02 [Info] SQLThread::Init(sqlthread.cpp:56) connect to database 127.0.0.1:3306:login success
19:14:02 [Debug] Process_Setup(process.cpp:38) End Init <TokenVerifyMgr>
19:14:02 [Debug] Process_Setup(process.cpp:39) Start Init <AccountBanMgr>
19:14:02 [Debug] Process_Setup(process.cpp:39) End Init <AccountBanMgr>
19:14:02 [Debug] Process_Setup(process.cpp:40) Start Init <ReadRoleControl>
19:14:02 [Debug] Process_Setup(process.cpp:40) End Init <ReadRoleControl>
19:14:03 [Info] ControlLink::RegisterNs(controllink.cpp:57) Ns server=[1] registered success
19:14:16 [Info] MsLink::RegisterMs(mslink.cpp:53) Ms server=[1] registered success
19:14:16 [Info] GateMgr::ServerInfoNotifyToMs(gatemgr.cpp:351)  dwconnid = 49
19:15:03 [Info] UpdateServerState(ptcn2i_updateserverstate2login.cpp:13) server[1] register [0] online role [0]
19:16:03 [Info] UpdateServerState(ptcn2i_updateserverstate2login.cpp:13) server[1] register [0] online role [0]
19:17:03 [Info] UpdateServerState(ptcn2i_updateserverstate2login.cpp:13) server[1] register [0] online role [0]
19:18:03 [Info] UpdateServerState(ptcn2i_updateserverstate2login.cpp:13) server[1] register [0] online role [0]
19:19:03 [Info] UpdateServerState(ptcn2i_updateserverstate2login.cpp:13) server[1] register [0] online role [0]
19:20:03 [Info] UpdateServerState(ptcn2i_updateserverstate2login.cpp:13) server[1] register [0] online role [0]
19:21:03 [Info] UpdateServerState(ptcn2i_updateserverstate2login.cpp:13) server[1] register [0] online role [0]
19:22:03 [Info] UpdateServerState(ptcn2i_updateserverstate2login.cpp:13) server[1] register [0] online role [0]
19:23:03 [Info] UpdateServerState(ptcn2i_updateserverstate2login.cpp:13) server[1] register [0] online role [0]
19:24:44 [Info] main(main.cpp:33) [loginserver.exe] is start ....
19:24:44 [Debug] Process_Setup(process.cpp:26) Start Init <LoginConfig>
19:24:44 [Debug] Config::LoadServerNode(baseconfig.cpp:150) Read server name [login] server id [100]
19:24:44 [Debug] LoginConfig::ReadSettings(config.cpp:110) max login num[500] concurent
19:24:44 [Info] LoginConfig::LoadUseFreeFlow(config.cpp:172) Use FreeFlow: 1
19:24:44 [Info] LoginConfig::LoadBackFlow(config.cpp:197) LoadBackFlow, use backflowserver check 1, account backflow time: 604800, account backflow expire time: 172800
19:24:44 [Info] ReconnectManager::InitNetwork(reconnetmgr.cpp:172) Listen by link handler [ctrllink] on [0.0.0.0:25000] success
19:24:44 [Info] ReconnectManager::InitNetwork(reconnetmgr.cpp:172) Listen by link handler [clientlink] on [0.0.0.0:25001] success
19:24:44 [Info] ReconnectManager::InitNetwork(reconnetmgr.cpp:172) Listen by link handler [gmtoollink] on [0.0.0.0:25002] success
19:24:44 [Info] ReconnectManager::InitNetwork(reconnetmgr.cpp:172) Listen by link handler [cslink] on [0.0.0.0:25003] success
19:24:44 [Info] ReconnectManager::InitNetwork(reconnetmgr.cpp:172) Listen by link handler [mslink] on [0.0.0.0:28000] success
19:24:44 [Debug] Process_Setup(process.cpp:27) Start Init <CAppConfig>
19:24:44 [Info] CAppConfig::Init(appid.cpp:20) Read AppTag: AppTag_Normal
19:24:44 [Debug] Process_Setup(process.cpp:27) End Init <CAppConfig>
19:24:44 [Debug] Process_Setup(process.cpp:28) Start Init <MysqlMgr>
19:24:44 [Info] MysqlMgr::Init(mysqlmgr.cpp:56) connect to database 127.0.0.1:3306:login success
19:24:44 [Debug] Process_Setup(process.cpp:28) End Init <MysqlMgr>
19:24:44 [Debug] Process_Setup(process.cpp:29) Start Init <GateMgr>
19:24:44 [Warn] GateMgr::ParseFrom(gatemgr.cpp:55) no gate info
19:24:44 [Debug] Process_Setup(process.cpp:29) End Init <GateMgr>
19:24:44 [Debug] Process_Setup(process.cpp:30) Start Init <GMMgr>
19:24:44 [Debug] Process_Setup(process.cpp:30) End Init <GMMgr>
19:24:44 [Debug] Process_Setup(process.cpp:31) Start Init <WhiteListMgr>
19:24:44 [Info] WhiteListMgr::LoadWhiteList(whitelistmgr.cpp:72) Load openid: 221
19:24:44 [Info] WhiteListMgr::LoadWhiteList(whitelistmgr.cpp:72) Load openid: 222
19:24:44 [Debug] Process_Setup(process.cpp:31) End Init <WhiteListMgr>
19:24:44 [Debug] Process_Setup(process.cpp:32) Start Init <CReloadMgr>
19:24:44 [Debug] Process_Setup(process.cpp:32) End Init <CReloadMgr>
19:24:44 [Debug] Process_Setup(process.cpp:33) Start Init <CLoginControl>
19:24:44 [Debug] Process_Setup(process.cpp:33) End Init <CLoginControl>
19:24:44 [Debug] Process_Setup(process.cpp:34) Start Init <ConnectionMgr>
19:24:44 [Debug] Process_Setup(process.cpp:34) End Init <ConnectionMgr>
19:24:44 [Debug] Process_Setup(process.cpp:35) Start Init <CPlatNoticeMgr>
19:24:44 [Debug] Process_Setup(process.cpp:35) End Init <CPlatNoticeMgr>
19:24:44 [Debug] Process_Setup(process.cpp:36) Start Init <CMysqlTest>
19:24:44 [Debug] CMysqlTest::Init(mysqltest.cpp:56) Init from table selfserver, count 0
19:24:44 [Debug] Process_Setup(process.cpp:36) End Init <CMysqlTest>
19:24:44 [Debug] Process_Setup(process.cpp:37) Start Init <CLoginProfiler>
19:24:44 [Debug] Process_Setup(process.cpp:37) End Init <CLoginProfiler>
19:24:44 [Debug] Process_Setup(process.cpp:38) Start Init <TokenVerifyMgr>
19:24:44 [Info] SQLThread::Init(sqlthread.cpp:56) connect to database 127.0.0.1:3306:login success
19:24:44 [Info] SQLThread::Init(sqlthread.cpp:56) connect to database 127.0.0.1:3306:login success
19:24:44 [Info] SQLThread::Init(sqlthread.cpp:56) connect to database 127.0.0.1:3306:login success
19:24:44 [Info] SQLThread::Init(sqlthread.cpp:56) connect to database 127.0.0.1:3306:login success
19:24:44 [Info] SQLThread::Init(sqlthread.cpp:56) connect to database 127.0.0.1:3306:login success
19:24:44 [Debug] Process_Setup(process.cpp:38) End Init <TokenVerifyMgr>
19:24:44 [Debug] Process_Setup(process.cpp:39) Start Init <AccountBanMgr>
19:24:44 [Debug] Process_Setup(process.cpp:39) End Init <AccountBanMgr>
19:24:44 [Debug] Process_Setup(process.cpp:40) Start Init <ReadRoleControl>
19:24:44 [Debug] Process_Setup(process.cpp:40) End Init <ReadRoleControl>
19:24:44 [Info] ControlLink::RegisterNs(controllink.cpp:57) Ns server=[1] registered success
19:24:56 [Info] MsLink::RegisterMs(mslink.cpp:53) Ms server=[1] registered success
19:24:56 [Info] GateMgr::ServerInfoNotifyToMs(gatemgr.cpp:351)  dwconnid = 49
19:25:44 [Info] UpdateServerState(ptcn2i_updateserverstate2login.cpp:13) server[1] register [0] online role [0]
19:26:44 [Info] UpdateServerState(ptcn2i_updateserverstate2login.cpp:13) server[1] register [0] online role [0]
19:27:44 [Info] UpdateServerState(ptcn2i_updateserverstate2login.cpp:13) server[1] register [0] online role [0]
19:28:44 [Info] UpdateServerState(ptcn2i_updateserverstate2login.cpp:13) server[1] register [0] online role [0]
19:29:44 [Info] UpdateServerState(ptcn2i_updateserverstate2login.cpp:13) server[1] register [0] online role [0]
19:30:44 [Info] UpdateServerState(ptcn2i_updateserverstate2login.cpp:13) server[1] register [0] online role [0]
19:31:44 [Info] UpdateServerState(ptcn2i_updateserverstate2login.cpp:13) server[1] register [0] online role [0]
19:32:44 [Info] UpdateServerState(ptcn2i_updateserverstate2login.cpp:13) server[1] register [0] online role [0]
19:33:44 [Info] UpdateServerState(ptcn2i_updateserverstate2login.cpp:13) server[1] register [0] online role [0]
19:34:44 [Info] UpdateServerState(ptcn2i_updateserverstate2login.cpp:13) server[1] register [0] online role [0]
19:35:44 [Info] UpdateServerState(ptcn2i_updateserverstate2login.cpp:13) server[1] register [0] online role [0]
19:36:44 [Info] UpdateServerState(ptcn2i_updateserverstate2login.cpp:13) server[1] register [0] online role [0]
19:37:44 [Info] UpdateServerState(ptcn2i_updateserverstate2login.cpp:13) server[1] register [0] online role [0]
19:38:44 [Info] UpdateServerState(ptcn2i_updateserverstate2login.cpp:13) server[1] register [0] online role [0]
19:39:44 [Info] UpdateServerState(ptcn2i_updateserverstate2login.cpp:13) server[1] register [0] online role [0]
19:40:44 [Info] UpdateServerState(ptcn2i_updateserverstate2login.cpp:13) server[1] register [0] online role [0]
19:41:44 [Info] UpdateServerState(ptcn2i_updateserverstate2login.cpp:13) server[1] register [0] online role [0]
19:42:44 [Info] UpdateServerState(ptcn2i_updateserverstate2login.cpp:13) server[1] register [0] online role [0]
19:43:44 [Info] UpdateServerState(ptcn2i_updateserverstate2login.cpp:13) server[1] register [0] online role [0]
19:44:44 [Info] UpdateServerState(ptcn2i_updateserverstate2login.cpp:13) server[1] register [0] online role [0]
19:45:44 [Info] UpdateServerState(ptcn2i_updateserverstate2login.cpp:13) server[1] register [0] online role [0]
19:46:44 [Info] UpdateServerState(ptcn2i_updateserverstate2login.cpp:13) server[1] register [0] online role [0]
19:47:44 [Info] UpdateServerState(ptcn2i_updateserverstate2login.cpp:13) server[1] register [0] online role [0]
19:48:44 [Info] UpdateServerState(ptcn2i_updateserverstate2login.cpp:13) server[1] register [0] online role [0]
19:49:44 [Info] UpdateServerState(ptcn2i_updateserverstate2login.cpp:13) server[1] register [0] online role [0]
19:50:44 [Info] UpdateServerState(ptcn2i_updateserverstate2login.cpp:13) server[1] register [0] online role [0]
19:51:44 [Info] UpdateServerState(ptcn2i_updateserverstate2login.cpp:13) server[1] register [0] online role [0]
19:52:44 [Info] UpdateServerState(ptcn2i_updateserverstate2login.cpp:13) server[1] register [0] online role [0]
19:53:44 [Info] UpdateServerState(ptcn2i_updateserverstate2login.cpp:13) server[1] register [0] online role [0]
