Построение начато 13.01.2025 13:27:51.
     1>Проект "D:\Git\SoloProjects\server\winproject\audioserver\audioserver.vcxproj" в узле 2 (целевые объекты build).
     1>InitializeBuildStatus:
         Создание "Debug\audioserver.unsuccessfulbuild", так как было задано "AlwaysCreate".
       ClCompile:
         Для всех выходных данных обновления не требуется.
         C:\Program Files (x86)\Microsoft Visual Studio 10.0\VC\bin\CL.exe /c /I../../thirdparty/apollo_voice_all/include /I../../protocol /I../../audioserver/network /I../../audioserver/protocol /I../../audioserver/ /I../../thirdparty/tinyxml2 /I"../../thirdparty/protobuf-2.5.0/include" /I../../share /I../../share/table /I../../share/util /I../../common/include /ZI /nologo /W3 /WX- /Od /Oy- /D _SCL_SECURE_NO_WARNINGS /D _CRT_SECURE_NO_WARNINGS /D WIN32 /D _DEBUG /D _CONSOLE /D _MBCS /Gm /EHsc /RTC1 /MDd /GS /fp:precise /Zc:wchar_t /Zc:forScope /Fo"Debug\\" /Fd"D:\Git\SoloProjects\server\winproject\..\exe\vc100.pdb" /Gd /TP /analyze- /errorReport:prompt ..\..\audioserver\audio\audioMgr.cpp ..\..\audioserver\config.cpp ..\..\audioserver\main.cpp ..\..\audioserver\network\centerlink.cpp ..\..\audioserver\network\gatelink.cpp ..\..\audioserver\process.cpp ..\..\audioserver\protocol\sendonly.cpp ..\..\audioserver\ptcregister.cpp ..\..\protocol\pb\enum.pb.cc ..\..\protocol\pb\project.pb.cc ..\..\audioserver\protocol\common\rpcc2a_getaudiolistreq.cpp ..\..\audioserver\protocol\common\rpcc2a_uploadaudioreq.cpp ..\..\audioserver\protocol\audiotext\rpcc2a_audioauthkey.cpp ..\..\audioserver\protocol\audiotxt\rpcc2a_audiotext.cpp ..\..\audioserver\protocol\chat\rpct2a_uploadaudiotoaudio.cpp ..\..\audioserver\protocol\common\rpca2s_registeraudiotocenter.cpp ..\..\share\util\gametime.cpp ..\..\share\util\gettimeofday.cpp ..\..\share\util\XCommon.cpp ..\..\share\util\XRandom.cpp ..\..\audioserver\protocol\audio\rpca2s_getaudiofilecenter.cpp ..\..\audioserver\protocol\audio\rpca2s_upaudiotocenter.cpp /bigobj 
         rpca2s_upaudiotocenter.cpp
         rpca2s_getaudiofilecenter.cpp
         XRandom.cpp
         XCommon.cpp
         gettimeofday.cpp
         gametime.cpp
         rpca2s_registeraudiotocenter.cpp
         rpct2a_uploadaudiotoaudio.cpp
         rpcc2a_audiotext.cpp
         rpcc2a_audioauthkey.cpp
         rpcc2a_uploadaudioreq.cpp
         rpcc2a_getaudiolistreq.cpp
     1>d:\git\soloprojects\server\audioserver\protocol\common\rpcc2a_getaudiolistreq.cpp(18): warning C4018: <: несоответствие типов со знаком и без знака
     1>d:\git\soloprojects\server\audioserver\protocol\common\rpcc2a_getaudiolistreq.cpp(63): warning C4018: <: несоответствие типов со знаком и без знака
         project.pb.cc
         enum.pb.cc
         ptcregister.cpp
         sendonly.cpp
         process.cpp
         gatelink.cpp
         centerlink.cpp
         main.cpp
         Создание кода...
         Компиляция...
         config.cpp
         audioMgr.cpp
         Создание кода...
       Link:
         C:\Program Files (x86)\Microsoft Visual Studio 10.0\VC\bin\link.exe /ERRORREPORT:PROMPT /OUT:"D:\Git\SoloProjects\server\winproject\..\exe\audioserver.exe" /INCREMENTAL /NOLOGO /LIBPATH:../../lib common.lib ws2_32.lib libprotobuf.lib libiconv.lib zlib.lib iocp.lib kernel32.lib user32.lib gdi32.lib winspool.lib comdlg32.lib advapi32.lib shell32.lib ole32.lib oleaut32.lib uuid.lib odbc32.lib odbccp32.lib /MANIFEST /ManifestFile:"Debug\audioserver.exe.intermediate.manifest" /MANIFESTUAC:"level='asInvoker' uiAccess='false'" /DEBUG /PDB:"D:\Git\SoloProjects\server\exe\audioserver.pdb" /SUBSYSTEM:CONSOLE /TLBID:1 /DYNAMICBASE /NXCOMPAT /IMPLIB:"D:\Git\SoloProjects\server\winproject\..\exe\audioserver.lib" /MACHINE:X86 Debug\audioMgr.obj
         Debug\config.obj
         Debug\main.obj
         Debug\centerlink.obj
         Debug\gatelink.obj
         Debug\process.obj
         Debug\sendonly.obj
         Debug\ptcregister.obj
         Debug\enum.pb.obj
         Debug\project.pb.obj
         Debug\rpcc2a_getaudiolistreq.obj
         Debug\rpcc2a_uploadaudioreq.obj
         Debug\rpcc2a_audioauthkey.obj
         Debug\rpcc2a_audiotext.obj
         Debug\rpct2a_uploadaudiotoaudio.obj
         Debug\rpca2s_registeraudiotocenter.obj
         Debug\gametime.obj
         Debug\gettimeofday.obj
         Debug\XCommon.obj
         Debug\XRandom.obj
         Debug\rpca2s_getaudiofilecenter.obj
         Debug\rpca2s_upaudiotocenter.obj
         audioserver.vcxproj -> D:\Git\SoloProjects\server\winproject\..\exe\audioserver.exe
       Manifest:
         C:\Program Files (x86)\Microsoft SDKs\Windows\v7.0A\bin\mt.exe /nologo /verbose /out:"D:\Git\SoloProjects\server\winproject\..\exe\audioserver.exe.manifest" /manifest Debug\audioserver.exe.intermediate.manifest
       FinalizeBuildStatus:
         Файл "Debug\audioserver.unsuccessfulbuild" удаляется.
         Обращение к "Debug\audioserver.lastbuildstate".
     1>Построение проекта "D:\Git\SoloProjects\server\winproject\audioserver\audioserver.vcxproj" завершено (целевые объекты build).

Построение успешно завершено.

Затраченное время: 00:01:33.00
