2025-01-12 18:29:57.371912[INFO]CHECK_POINT_1 tss_sdk_get_comm_interf init_info 1:gsconf/serveronly
2025-01-12 18:29:57.371912[INFO]tss_sdk_get_comm_interf_ex init_info 1:gsconf/serveronly
2025-01-12 18:29:57.371912[INFO]TssSdkFramework::init_config use config path file: gsconf/serveronly/tss_sdk_conf_path.xml
2025-01-12 18:29:57.371912[INFO]TssSdkFramework::init_config use config file: ./gsconf/serveronly/tss_sdk_conf.xml
[INFO]TssSdkFramework::init_log log level: 2
2025-01-12 18:29:57.383916[INFO]tss_sdk_get_comm_interf_ex succ
2025-01-12 19:08:23.823717[INFO]CHECK_POINT_1 tss_sdk_get_comm_interf init_info 1:gsconf/serveronly
2025-01-12 19:08:23.823717[INFO]tss_sdk_get_comm_interf_ex init_info 1:gsconf/serveronly
2025-01-12 19:08:23.824517[INFO]TssSdkFramework::init_config use config path file: gsconf/serveronly/tss_sdk_conf_path.xml
2025-01-12 19:08:23.824517[INFO]TssSdkFramework::init_config use config file: ./gsconf/serveronly/tss_sdk_conf.xml
[INFO]TssSdkFramework::init_log log level: 2
2025-01-12 19:08:23.833098[INFO]tss_sdk_get_comm_interf_ex succ
2025-01-12 19:08:31.762605[INFO]CHECK_POINT_1 tss_sdk_get_comm_interf init_info 101:gsconf/serveronly
2025-01-12 19:08:31.763634[INFO]tss_sdk_get_comm_interf_ex init_info 101:gsconf/serveronly
2025-01-12 19:08:31.763634[INFO]TssSdkFramework::init_config use config path file: gsconf/serveronly/tss_sdk_conf_path.xml
2025-01-12 19:08:31.763634[INFO]TssSdkFramework::init_config use config file: ./gsconf/serveronly/tss_sdk_conf.xml
[INFO]TssSdkFramework::init_log log level: 2
2025-01-12 19:08:31.773947[INFO]tss_sdk_get_comm_interf_ex succ
2025-01-12 19:10:26.426716[INFO]CHECK_POINT_1 tss_sdk_get_comm_interf init_info 1:gsconf/serveronly
2025-01-12 19:10:26.426716[INFO]tss_sdk_get_comm_interf_ex init_info 1:gsconf/serveronly
2025-01-12 19:10:26.426716[INFO]TssSdkFramework::init_config use config path file: gsconf/serveronly/tss_sdk_conf_path.xml
2025-01-12 19:10:26.426716[INFO]TssSdkFramework::init_config use config file: ./gsconf/serveronly/tss_sdk_conf.xml
[INFO]TssSdkFramework::init_log log level: 2
2025-01-12 19:10:26.436716[INFO]tss_sdk_get_comm_interf_ex succ
2025-01-12 19:14:02.698058[INFO]CHECK_POINT_1 tss_sdk_get_comm_interf init_info 101:gsconf/serveronly
2025-01-12 19:14:02.698058[INFO]tss_sdk_get_comm_interf_ex init_info 101:gsconf/serveronly
2025-01-12 19:14:02.698058[INFO]TssSdkFramework::init_config use config path file: gsconf/serveronly/tss_sdk_conf_path.xml
2025-01-12 19:14:02.698058[INFO]TssSdkFramework::init_config use config file: ./gsconf/serveronly/tss_sdk_conf.xml
[INFO]TssSdkFramework::init_log log level: 2
2025-01-12 19:14:02.708060[INFO]tss_sdk_get_comm_interf_ex succ
2025-01-12 19:14:14.574224[INFO]CHECK_POINT_1 tss_sdk_get_comm_interf init_info 1:gsconf/serveronly
2025-01-12 19:14:14.575223[INFO]tss_sdk_get_comm_interf_ex init_info 1:gsconf/serveronly
2025-01-12 19:14:14.575223[INFO]TssSdkFramework::init_config use config path file: gsconf/serveronly/tss_sdk_conf_path.xml
2025-01-12 19:14:14.575223[INFO]TssSdkFramework::init_config use config file: ./gsconf/serveronly/tss_sdk_conf.xml
[INFO]TssSdkFramework::init_log log level: 2
2025-01-12 19:14:14.585223[INFO]tss_sdk_get_comm_interf_ex succ
2025-01-12 19:24:44.123219[INFO]CHECK_POINT_1 tss_sdk_get_comm_interf init_info 101:gsconf/serveronly
2025-01-12 19:24:44.123219[INFO]tss_sdk_get_comm_interf_ex init_info 101:gsconf/serveronly
2025-01-12 19:24:44.123219[INFO]TssSdkFramework::init_config use config path file: gsconf/serveronly/tss_sdk_conf_path.xml
2025-01-12 19:24:44.123219[INFO]TssSdkFramework::init_config use config file: ./gsconf/serveronly/tss_sdk_conf.xml
[INFO]TssSdkFramework::init_log log level: 2
2025-01-12 19:24:44.133215[INFO]tss_sdk_get_comm_interf_ex succ
2025-01-12 19:24:55.178307[INFO]CHECK_POINT_1 tss_sdk_get_comm_interf init_info 1:gsconf/serveronly
2025-01-12 19:24:55.178307[INFO]tss_sdk_get_comm_interf_ex init_info 1:gsconf/serveronly
2025-01-12 19:24:55.178307[INFO]TssSdkFramework::init_config use config path file: gsconf/serveronly/tss_sdk_conf_path.xml
2025-01-12 19:24:55.178307[INFO]TssSdkFramework::init_config use config file: ./gsconf/serveronly/tss_sdk_conf.xml
[INFO]TssSdkFramework::init_log log level: 2
2025-01-12 19:24:55.191307[INFO]tss_sdk_get_comm_interf_ex succ
2025-01-12 19:56:03.769783[INFO]CHECK_POINT_1 tss_sdk_get_comm_interf init_info 101:gsconf/serveronly
2025-01-12 19:56:03.769783[INFO]tss_sdk_get_comm_interf_ex init_info 101:gsconf/serveronly
2025-01-12 19:56:03.769783[INFO]TssSdkFramework::init_config use config path file: gsconf/serveronly/tss_sdk_conf_path.xml
2025-01-12 19:56:03.769783[INFO]TssSdkFramework::init_config use config file: ./gsconf/serveronly/tss_sdk_conf.xml
[INFO]TssSdkFramework::init_log log level: 2
2025-01-12 19:56:03.779603[INFO]tss_sdk_get_comm_interf_ex succ
2025-01-12 19:56:14.860968[INFO]CHECK_POINT_1 tss_sdk_get_comm_interf init_info 1:gsconf/serveronly
2025-01-12 19:56:14.860968[INFO]tss_sdk_get_comm_interf_ex init_info 1:gsconf/serveronly
2025-01-12 19:56:14.860968[INFO]TssSdkFramework::init_config use config path file: gsconf/serveronly/tss_sdk_conf_path.xml
2025-01-12 19:56:14.860968[INFO]TssSdkFramework::init_config use config file: ./gsconf/serveronly/tss_sdk_conf.xml
[INFO]TssSdkFramework::init_log log level: 2
2025-01-12 19:56:14.871763[INFO]tss_sdk_get_comm_interf_ex succ
2025-01-12 20:06:46.041564[INFO]CHECK_POINT_1 tss_sdk_get_comm_interf init_info 101:gsconf/serveronly
2025-01-12 20:06:46.041564[INFO]tss_sdk_get_comm_interf_ex init_info 101:gsconf/serveronly
2025-01-12 20:06:46.041564[INFO]TssSdkFramework::init_config use config path file: gsconf/serveronly/tss_sdk_conf_path.xml
2025-01-12 20:06:46.041564[INFO]TssSdkFramework::init_config use config file: ./gsconf/serveronly/tss_sdk_conf.xml
[INFO]TssSdkFramework::init_log log level: 2
2025-01-12 20:06:46.051564[INFO]tss_sdk_get_comm_interf_ex succ
2025-01-12 20:06:58.044395[INFO]CHECK_POINT_1 tss_sdk_get_comm_interf init_info 1:gsconf/serveronly
2025-01-12 20:06:58.044395[INFO]tss_sdk_get_comm_interf_ex init_info 1:gsconf/serveronly
2025-01-12 20:06:58.044395[INFO]TssSdkFramework::init_config use config path file: gsconf/serveronly/tss_sdk_conf_path.xml
2025-01-12 20:06:58.044395[INFO]TssSdkFramework::init_config use config file: ./gsconf/serveronly/tss_sdk_conf.xml
[INFO]TssSdkFramework::init_log log level: 2
2025-01-12 20:06:58.054395[INFO]tss_sdk_get_comm_interf_ex succ
2025-01-12 20:21:43.797967[INFO]CHECK_POINT_1 tss_sdk_get_comm_interf init_info 101:gsconf/serveronly
2025-01-12 20:21:43.797967[INFO]tss_sdk_get_comm_interf_ex init_info 101:gsconf/serveronly
2025-01-12 20:21:43.797967[INFO]TssSdkFramework::init_config use config path file: gsconf/serveronly/tss_sdk_conf_path.xml
2025-01-12 20:21:43.797967[INFO]TssSdkFramework::init_config use config file: ./gsconf/serveronly/tss_sdk_conf.xml
[INFO]TssSdkFramework::init_log log level: 2
2025-01-12 20:21:43.809967[INFO]tss_sdk_get_comm_interf_ex succ
2025-01-12 20:21:57.568723[INFO]CHECK_POINT_1 tss_sdk_get_comm_interf init_info 1:gsconf/serveronly
2025-01-12 20:21:57.568723[INFO]tss_sdk_get_comm_interf_ex init_info 1:gsconf/serveronly
2025-01-12 20:21:57.568723[INFO]TssSdkFramework::init_config use config path file: gsconf/serveronly/tss_sdk_conf_path.xml
2025-01-12 20:21:57.568723[INFO]TssSdkFramework::init_config use config file: ./gsconf/serveronly/tss_sdk_conf.xml
[INFO]TssSdkFramework::init_log log level: 2
2025-01-12 20:21:57.592904[INFO]tss_sdk_get_comm_interf_ex succ
2025-01-12 21:06:33.455383[INFO]CHECK_POINT_1 tss_sdk_get_comm_interf init_info 101:gsconf/serveronly
2025-01-12 21:06:33.455383[INFO]tss_sdk_get_comm_interf_ex init_info 101:gsconf/serveronly
2025-01-12 21:06:33.455383[INFO]TssSdkFramework::init_config use config path file: gsconf/serveronly/tss_sdk_conf_path.xml
2025-01-12 21:06:33.455383[INFO]TssSdkFramework::init_config use config file: ./gsconf/serveronly/tss_sdk_conf.xml
[INFO]TssSdkFramework::init_log log level: 2
2025-01-12 21:06:33.465797[INFO]tss_sdk_get_comm_interf_ex succ
2025-01-12 21:06:44.983398[INFO]CHECK_POINT_1 tss_sdk_get_comm_interf init_info 1:gsconf/serveronly
2025-01-12 21:06:44.983398[INFO]tss_sdk_get_comm_interf_ex init_info 1:gsconf/serveronly
2025-01-12 21:06:44.984398[INFO]TssSdkFramework::init_config use config path file: gsconf/serveronly/tss_sdk_conf_path.xml
2025-01-12 21:06:44.984398[INFO]TssSdkFramework::init_config use config file: ./gsconf/serveronly/tss_sdk_conf.xml
[INFO]TssSdkFramework::init_log log level: 2
2025-01-12 21:06:44.998455[INFO]tss_sdk_get_comm_interf_ex succ
2025-01-12 21:11:24.177510[INFO]CHECK_POINT_1 tss_sdk_get_comm_interf init_info 101:gsconf/serveronly
2025-01-12 21:11:24.177510[INFO]tss_sdk_get_comm_interf_ex init_info 101:gsconf/serveronly
2025-01-12 21:11:24.177510[INFO]TssSdkFramework::init_config use config path file: gsconf/serveronly/tss_sdk_conf_path.xml
2025-01-12 21:11:24.177510[INFO]TssSdkFramework::init_config use config file: ./gsconf/serveronly/tss_sdk_conf.xml
[INFO]TssSdkFramework::init_log log level: 2
2025-01-12 21:11:24.188149[INFO]tss_sdk_get_comm_interf_ex succ
2025-01-12 21:11:37.870125[INFO]CHECK_POINT_1 tss_sdk_get_comm_interf init_info 1:gsconf/serveronly
2025-01-12 21:11:37.870125[INFO]tss_sdk_get_comm_interf_ex init_info 1:gsconf/serveronly
2025-01-12 21:11:37.870125[INFO]TssSdkFramework::init_config use config path file: gsconf/serveronly/tss_sdk_conf_path.xml
2025-01-12 21:11:37.870125[INFO]TssSdkFramework::init_config use config file: ./gsconf/serveronly/tss_sdk_conf.xml
[INFO]TssSdkFramework::init_log log level: 2
2025-01-12 21:11:37.883436[INFO]tss_sdk_get_comm_interf_ex succ
2025-01-12 21:34:01.512371[INFO]CHECK_POINT_1 tss_sdk_get_comm_interf init_info 101:gsconf/serveronly
2025-01-12 21:34:01.512371[INFO]tss_sdk_get_comm_interf_ex init_info 101:gsconf/serveronly
2025-01-12 21:34:01.512371[INFO]TssSdkFramework::init_config use config path file: gsconf/serveronly/tss_sdk_conf_path.xml
2025-01-12 21:34:01.512371[INFO]TssSdkFramework::init_config use config file: ./gsconf/serveronly/tss_sdk_conf.xml
[INFO]TssSdkFramework::init_log log level: 2
2025-01-12 21:34:01.521891[INFO]tss_sdk_get_comm_interf_ex succ
2025-01-12 21:38:59.555811[INFO]CHECK_POINT_1 tss_sdk_get_comm_interf init_info 101:gsconf/serveronly
2025-01-12 21:38:59.555811[INFO]tss_sdk_get_comm_interf_ex init_info 101:gsconf/serveronly
2025-01-12 21:38:59.555811[INFO]TssSdkFramework::init_config use config path file: gsconf/serveronly/tss_sdk_conf_path.xml
2025-01-12 21:38:59.555811[INFO]TssSdkFramework::init_config use config file: ./gsconf/serveronly/tss_sdk_conf.xml
[INFO]TssSdkFramework::init_log log level: 2
2025-01-12 21:38:59.566807[INFO]tss_sdk_get_comm_interf_ex succ
2025-01-12 21:41:01.735803[INFO]CHECK_POINT_1 tss_sdk_get_comm_interf init_info 1:gsconf/serveronly
2025-01-12 21:41:01.735803[INFO]tss_sdk_get_comm_interf_ex init_info 1:gsconf/serveronly
2025-01-12 21:41:01.735803[INFO]TssSdkFramework::init_config use config path file: gsconf/serveronly/tss_sdk_conf_path.xml
2025-01-12 21:41:01.735803[INFO]TssSdkFramework::init_config use config file: ./gsconf/serveronly/tss_sdk_conf.xml
[INFO]TssSdkFramework::init_log log level: 2
2025-01-12 21:41:01.745808[INFO]tss_sdk_get_comm_interf_ex succ
2025-01-12 21:41:48.704806[INFO]CHECK_POINT_1 tss_sdk_get_comm_interf init_info 101:gsconf/serveronly
2025-01-12 21:41:48.704806[INFO]tss_sdk_get_comm_interf_ex init_info 101:gsconf/serveronly
2025-01-12 21:41:48.704806[INFO]TssSdkFramework::init_config use config path file: gsconf/serveronly/tss_sdk_conf_path.xml
2025-01-12 21:41:48.704806[INFO]TssSdkFramework::init_config use config file: ./gsconf/serveronly/tss_sdk_conf.xml
[INFO]TssSdkFramework::init_log log level: 2
2025-01-12 21:41:48.714289[INFO]tss_sdk_get_comm_interf_ex succ
2025-01-12 21:42:41.660462[INFO]CHECK_POINT_1 tss_sdk_get_comm_interf init_info 101:gsconf/serveronly
2025-01-12 21:42:41.660462[INFO]tss_sdk_get_comm_interf_ex init_info 101:gsconf/serveronly
2025-01-12 21:42:41.660462[INFO]TssSdkFramework::init_config use config path file: gsconf/serveronly/tss_sdk_conf_path.xml
2025-01-12 21:42:41.660462[INFO]TssSdkFramework::init_config use config file: ./gsconf/serveronly/tss_sdk_conf.xml
[INFO]TssSdkFramework::init_log log level: 2
2025-01-12 21:42:41.670399[INFO]tss_sdk_get_comm_interf_ex succ
2025-01-12 21:45:03.928157[INFO]CHECK_POINT_1 tss_sdk_get_comm_interf init_info 101:gsconf/serveronly
2025-01-12 21:45:03.928157[INFO]tss_sdk_get_comm_interf_ex init_info 101:gsconf/serveronly
2025-01-12 21:45:03.928157[INFO]TssSdkFramework::init_config use config path file: gsconf/serveronly/tss_sdk_conf_path.xml
2025-01-12 21:45:03.928157[INFO]TssSdkFramework::init_config use config file: ./gsconf/serveronly/tss_sdk_conf.xml
[INFO]TssSdkFramework::init_log log level: 2
2025-01-12 21:45:03.943780[INFO]tss_sdk_get_comm_interf_ex succ
2025-01-12 21:45:15.502299[INFO]CHECK_POINT_1 tss_sdk_get_comm_interf init_info 1:gsconf/serveronly
2025-01-12 21:45:15.502299[INFO]tss_sdk_get_comm_interf_ex init_info 1:gsconf/serveronly
2025-01-12 21:45:15.517925[INFO]TssSdkFramework::init_config use config path file: gsconf/serveronly/tss_sdk_conf_path.xml
2025-01-12 21:45:15.517925[INFO]TssSdkFramework::init_config use config file: ./gsconf/serveronly/tss_sdk_conf.xml
[INFO]TssSdkFramework::init_log log level: 2
2025-01-12 21:45:15.517925[INFO]tss_sdk_get_comm_interf_ex succ
2025-01-12 23:24:02.608216[INFO]CHECK_POINT_1 tss_sdk_get_comm_interf init_info 101:gsconf/serveronly
2025-01-12 23:24:02.608216[INFO]tss_sdk_get_comm_interf_ex init_info 101:gsconf/serveronly
2025-01-12 23:24:02.609216[INFO]TssSdkFramework::init_config use config path file: gsconf/serveronly/tss_sdk_conf_path.xml
2025-01-12 23:24:02.609216[INFO]TssSdkFramework::init_config use config file: ./gsconf/serveronly/tss_sdk_conf.xml
[INFO]TssSdkFramework::init_log log level: 2
2025-01-12 23:24:02.629694[INFO]tss_sdk_get_comm_interf_ex succ
2025-01-12 23:24:16.684528[INFO]CHECK_POINT_1 tss_sdk_get_comm_interf init_info 1:gsconf/serveronly
2025-01-12 23:24:16.684528[INFO]tss_sdk_get_comm_interf_ex init_info 1:gsconf/serveronly
2025-01-12 23:24:16.684528[INFO]TssSdkFramework::init_config use config path file: gsconf/serveronly/tss_sdk_conf_path.xml
2025-01-12 23:24:16.684528[INFO]TssSdkFramework::init_config use config file: ./gsconf/serveronly/tss_sdk_conf.xml
[INFO]TssSdkFramework::init_log log level: 2
2025-01-12 23:24:16.699044[INFO]tss_sdk_get_comm_interf_ex succ
2025-01-13 12:34:02.778026[INFO]CHECK_POINT_1 tss_sdk_get_comm_interf init_info 101:gsconf/serveronly
2025-01-13 12:34:02.778484[INFO]tss_sdk_get_comm_interf_ex init_info 101:gsconf/serveronly
2025-01-13 12:34:02.778484[INFO]TssSdkFramework::init_config use config path file: gsconf/serveronly/tss_sdk_conf_path.xml
2025-01-13 12:34:02.778484[INFO]TssSdkFramework::init_config use config file: ./gsconf/serveronly/tss_sdk_conf.xml
[INFO]TssSdkFramework::init_log log level: 2
2025-01-13 12:34:02.788313[INFO]tss_sdk_get_comm_interf_ex succ
2025-01-13 12:34:16.320305[INFO]CHECK_POINT_1 tss_sdk_get_comm_interf init_info 1:gsconf/serveronly
2025-01-13 12:34:16.320305[INFO]tss_sdk_get_comm_interf_ex init_info 1:gsconf/serveronly
2025-01-13 12:34:16.320305[INFO]TssSdkFramework::init_config use config path file: gsconf/serveronly/tss_sdk_conf_path.xml
2025-01-13 12:34:16.320305[INFO]TssSdkFramework::init_config use config file: ./gsconf/serveronly/tss_sdk_conf.xml
[INFO]TssSdkFramework::init_log log level: 2
2025-01-13 12:34:16.333811[INFO]tss_sdk_get_comm_interf_ex succ
2025-01-13 13:39:12.372724[INFO]CHECK_POINT_1 tss_sdk_get_comm_interf init_info 101:gsconf/serveronly
2025-01-13 13:39:12.372724[INFO]tss_sdk_get_comm_interf_ex init_info 101:gsconf/serveronly
2025-01-13 13:39:12.372724[INFO]TssSdkFramework::init_config use config path file: gsconf/serveronly/tss_sdk_conf_path.xml
2025-01-13 13:39:12.372724[INFO]TssSdkFramework::init_config use config file: ./gsconf/serveronly/tss_sdk_conf.xml
[INFO]TssSdkFramework::init_log log level: 2
2025-01-13 13:39:12.383228[INFO]tss_sdk_get_comm_interf_ex succ
2025-01-13 13:39:25.977040[INFO]CHECK_POINT_1 tss_sdk_get_comm_interf init_info 1:gsconf/serveronly
2025-01-13 13:39:25.977040[INFO]tss_sdk_get_comm_interf_ex init_info 1:gsconf/serveronly
2025-01-13 13:39:25.977040[INFO]TssSdkFramework::init_config use config path file: gsconf/serveronly/tss_sdk_conf_path.xml
2025-01-13 13:39:25.977040[INFO]TssSdkFramework::init_config use config file: ./gsconf/serveronly/tss_sdk_conf.xml
[INFO]TssSdkFramework::init_log log level: 2
2025-01-13 13:39:25.991055[INFO]tss_sdk_get_comm_interf_ex succ
2025-01-13 16:01:55.101502[INFO]CHECK_POINT_1 tss_sdk_get_comm_interf init_info 101:gsconf/serveronly
2025-01-13 16:01:55.101502[INFO]tss_sdk_get_comm_interf_ex init_info 101:gsconf/serveronly
2025-01-13 16:01:55.101502[INFO]TssSdkFramework::init_config use config path file: gsconf/serveronly/tss_sdk_conf_path.xml
2025-01-13 16:01:55.101502[INFO]TssSdkFramework::init_config use config file: ./gsconf/serveronly/tss_sdk_conf.xml
[INFO]TssSdkFramework::init_log log level: 2
2025-01-13 16:01:55.101502[INFO]tss_sdk_get_comm_interf_ex succ
2025-01-13 16:02:09.896261[INFO]CHECK_POINT_1 tss_sdk_get_comm_interf init_info 1:gsconf/serveronly
2025-01-13 16:02:09.896261[INFO]tss_sdk_get_comm_interf_ex init_info 1:gsconf/serveronly
2025-01-13 16:02:09.896261[INFO]TssSdkFramework::init_config use config path file: gsconf/serveronly/tss_sdk_conf_path.xml
2025-01-13 16:02:09.896261[INFO]TssSdkFramework::init_config use config file: ./gsconf/serveronly/tss_sdk_conf.xml
[INFO]TssSdkFramework::init_log log level: 2
2025-01-13 16:02:09.896261[INFO]tss_sdk_get_comm_interf_ex succ
2025-01-13 16:43:30.491178[INFO]CHECK_POINT_1 tss_sdk_get_comm_interf init_info 101:gsconf/serveronly
2025-01-13 16:43:30.491178[INFO]tss_sdk_get_comm_interf_ex init_info 101:gsconf/serveronly
2025-01-13 16:43:30.491178[INFO]TssSdkFramework::init_config use config path file: gsconf/serveronly/tss_sdk_conf_path.xml
2025-01-13 16:43:30.491178[INFO]TssSdkFramework::init_config use config file: ./gsconf/serveronly/tss_sdk_conf.xml
[INFO]TssSdkFramework::init_log log level: 2
2025-01-13 16:43:30.501291[INFO]tss_sdk_get_comm_interf_ex succ
2025-01-13 16:43:44.485124[INFO]CHECK_POINT_1 tss_sdk_get_comm_interf init_info 1:gsconf/serveronly
2025-01-13 16:43:44.485124[INFO]tss_sdk_get_comm_interf_ex init_info 1:gsconf/serveronly
2025-01-13 16:43:44.485124[INFO]TssSdkFramework::init_config use config path file: gsconf/serveronly/tss_sdk_conf_path.xml
2025-01-13 16:43:44.485124[INFO]TssSdkFramework::init_config use config file: ./gsconf/serveronly/tss_sdk_conf.xml
[INFO]TssSdkFramework::init_log log level: 2
2025-01-13 16:43:44.497673[INFO]tss_sdk_get_comm_interf_ex succ
2025-01-13 17:45:53.588213[INFO]CHECK_POINT_1 tss_sdk_get_comm_interf init_info 101:gsconf/serveronly
2025-01-13 17:45:53.588213[INFO]tss_sdk_get_comm_interf_ex init_info 101:gsconf/serveronly
2025-01-13 17:45:53.588213[INFO]TssSdkFramework::init_config use config path file: gsconf/serveronly/tss_sdk_conf_path.xml
2025-01-13 17:45:53.588213[INFO]TssSdkFramework::init_config use config file: ./gsconf/serveronly/tss_sdk_conf.xml
[INFO]TssSdkFramework::init_log log level: 2
2025-01-13 17:45:53.610214[INFO]tss_sdk_get_comm_interf_ex succ
2025-01-13 17:46:07.703769[INFO]CHECK_POINT_1 tss_sdk_get_comm_interf init_info 1:gsconf/serveronly
2025-01-13 17:46:07.703769[INFO]tss_sdk_get_comm_interf_ex init_info 1:gsconf/serveronly
2025-01-13 17:46:07.703769[INFO]TssSdkFramework::init_config use config path file: gsconf/serveronly/tss_sdk_conf_path.xml
2025-01-13 17:46:07.703769[INFO]TssSdkFramework::init_config use config file: ./gsconf/serveronly/tss_sdk_conf.xml
[INFO]TssSdkFramework::init_log log level: 2
2025-01-13 17:46:07.724771[INFO]tss_sdk_get_comm_interf_ex succ
2025-01-13 17:57:50.016097[INFO]CHECK_POINT_1 tss_sdk_get_comm_interf init_info 101:gsconf/serveronly
2025-01-13 17:57:50.016097[INFO]tss_sdk_get_comm_interf_ex init_info 101:gsconf/serveronly
2025-01-13 17:57:50.016097[INFO]TssSdkFramework::init_config use config path file: gsconf/serveronly/tss_sdk_conf_path.xml
2025-01-13 17:57:50.016097[INFO]TssSdkFramework::init_config use config file: ./gsconf/serveronly/tss_sdk_conf.xml
[INFO]TssSdkFramework::init_log log level: 2
2025-01-13 17:57:50.026101[INFO]tss_sdk_get_comm_interf_ex succ
2025-01-13 17:58:05.117008[INFO]CHECK_POINT_1 tss_sdk_get_comm_interf init_info 1:gsconf/serveronly
2025-01-13 17:58:05.117008[INFO]tss_sdk_get_comm_interf_ex init_info 1:gsconf/serveronly
2025-01-13 17:58:05.117008[INFO]TssSdkFramework::init_config use config path file: gsconf/serveronly/tss_sdk_conf_path.xml
2025-01-13 17:58:05.117008[INFO]TssSdkFramework::init_config use config file: ./gsconf/serveronly/tss_sdk_conf.xml
[INFO]TssSdkFramework::init_log log level: 2
2025-01-13 17:58:05.131034[INFO]tss_sdk_get_comm_interf_ex succ
2025-01-13 18:07:36.494238[INFO]CHECK_POINT_1 tss_sdk_get_comm_interf init_info 101:gsconf/serveronly
2025-01-13 18:07:36.495238[INFO]tss_sdk_get_comm_interf_ex init_info 101:gsconf/serveronly
2025-01-13 18:07:36.495238[INFO]TssSdkFramework::init_config use config path file: gsconf/serveronly/tss_sdk_conf_path.xml
2025-01-13 18:07:36.495238[INFO]TssSdkFramework::init_config use config file: ./gsconf/serveronly/tss_sdk_conf.xml
[INFO]TssSdkFramework::init_log log level: 2
2025-01-13 18:07:36.505242[INFO]tss_sdk_get_comm_interf_ex succ
2025-01-13 18:07:51.564463[INFO]CHECK_POINT_1 tss_sdk_get_comm_interf init_info 1:gsconf/serveronly
2025-01-13 18:07:51.564463[INFO]tss_sdk_get_comm_interf_ex init_info 1:gsconf/serveronly
2025-01-13 18:07:51.564463[INFO]TssSdkFramework::init_config use config path file: gsconf/serveronly/tss_sdk_conf_path.xml
2025-01-13 18:07:51.564463[INFO]TssSdkFramework::init_config use config file: ./gsconf/serveronly/tss_sdk_conf.xml
[INFO]TssSdkFramework::init_log log level: 2
2025-01-13 18:07:51.583526[INFO]tss_sdk_get_comm_interf_ex succ
2025-01-13 18:13:53.990292[INFO]CHECK_POINT_1 tss_sdk_get_comm_interf init_info 101:gsconf/serveronly
2025-01-13 18:13:53.990292[INFO]tss_sdk_get_comm_interf_ex init_info 101:gsconf/serveronly
2025-01-13 18:13:53.990292[INFO]TssSdkFramework::init_config use config path file: gsconf/serveronly/tss_sdk_conf_path.xml
2025-01-13 18:13:53.990292[INFO]TssSdkFramework::init_config use config file: ./gsconf/serveronly/tss_sdk_conf.xml
[INFO]TssSdkFramework::init_log log level: 2
2025-01-13 18:13:54.000898[INFO]tss_sdk_get_comm_interf_ex succ
2025-01-13 18:14:07.612006[INFO]CHECK_POINT_1 tss_sdk_get_comm_interf init_info 1:gsconf/serveronly
2025-01-13 18:14:07.612006[INFO]tss_sdk_get_comm_interf_ex init_info 1:gsconf/serveronly
2025-01-13 18:14:07.612006[INFO]TssSdkFramework::init_config use config path file: gsconf/serveronly/tss_sdk_conf_path.xml
2025-01-13 18:14:07.612006[INFO]TssSdkFramework::init_config use config file: ./gsconf/serveronly/tss_sdk_conf.xml
[INFO]TssSdkFramework::init_log log level: 2
2025-01-13 18:14:07.628173[INFO]tss_sdk_get_comm_interf_ex succ
2025-01-13 18:16:21.371180[INFO]CHECK_POINT_1 tss_sdk_get_comm_interf init_info 101:gsconf/serveronly
2025-01-13 18:16:21.371180[INFO]tss_sdk_get_comm_interf_ex init_info 101:gsconf/serveronly
2025-01-13 18:16:21.371180[INFO]TssSdkFramework::init_config use config path file: gsconf/serveronly/tss_sdk_conf_path.xml
2025-01-13 18:16:21.371180[INFO]TssSdkFramework::init_config use config file: ./gsconf/serveronly/tss_sdk_conf.xml
[INFO]TssSdkFramework::init_log log level: 2
2025-01-13 18:16:21.381180[INFO]tss_sdk_get_comm_interf_ex succ
2025-01-13 18:16:35.800476[INFO]CHECK_POINT_1 tss_sdk_get_comm_interf init_info 1:gsconf/serveronly
2025-01-13 18:16:35.800476[INFO]tss_sdk_get_comm_interf_ex init_info 1:gsconf/serveronly
2025-01-13 18:16:35.800476[INFO]TssSdkFramework::init_config use config path file: gsconf/serveronly/tss_sdk_conf_path.xml
2025-01-13 18:16:35.801983[INFO]TssSdkFramework::init_config use config file: ./gsconf/serveronly/tss_sdk_conf.xml
[INFO]TssSdkFramework::init_log log level: 2
2025-01-13 18:16:35.814560[INFO]tss_sdk_get_comm_interf_ex succ
2025-01-13 18:20:06.332831[INFO]CHECK_POINT_1 tss_sdk_get_comm_interf init_info 101:gsconf/serveronly
2025-01-13 18:20:06.332831[INFO]tss_sdk_get_comm_interf_ex init_info 101:gsconf/serveronly
2025-01-13 18:20:06.332831[INFO]TssSdkFramework::init_config use config path file: gsconf/serveronly/tss_sdk_conf_path.xml
2025-01-13 18:20:06.332831[INFO]TssSdkFramework::init_config use config file: ./gsconf/serveronly/tss_sdk_conf.xml
[INFO]TssSdkFramework::init_log log level: 2
2025-01-13 18:20:06.343835[INFO]tss_sdk_get_comm_interf_ex succ
2025-01-13 18:20:20.901432[INFO]CHECK_POINT_1 tss_sdk_get_comm_interf init_info 1:gsconf/serveronly
2025-01-13 18:20:20.901432[INFO]tss_sdk_get_comm_interf_ex init_info 1:gsconf/serveronly
2025-01-13 18:20:20.901432[INFO]TssSdkFramework::init_config use config path file: gsconf/serveronly/tss_sdk_conf_path.xml
2025-01-13 18:20:20.901432[INFO]TssSdkFramework::init_config use config file: ./gsconf/serveronly/tss_sdk_conf.xml
[INFO]TssSdkFramework::init_log log level: 2
2025-01-13 18:20:20.915467[INFO]tss_sdk_get_comm_interf_ex succ
2025-01-13 19:32:24.386653[INFO]CHECK_POINT_1 tss_sdk_get_comm_interf init_info 101:gsconf/serveronly
2025-01-13 19:32:24.386653[INFO]tss_sdk_get_comm_interf_ex init_info 101:gsconf/serveronly
2025-01-13 19:32:24.386653[INFO]TssSdkFramework::init_config use config path file: gsconf/serveronly/tss_sdk_conf_path.xml
2025-01-13 19:32:24.386653[INFO]TssSdkFramework::init_config use config file: ./gsconf/serveronly/tss_sdk_conf.xml
[INFO]TssSdkFramework::init_log log level: 2
2025-01-13 19:32:24.397656[INFO]tss_sdk_get_comm_interf_ex succ
2025-01-13 19:32:38.210987[INFO]CHECK_POINT_1 tss_sdk_get_comm_interf init_info 1:gsconf/serveronly
2025-01-13 19:32:38.210987[INFO]tss_sdk_get_comm_interf_ex init_info 1:gsconf/serveronly
2025-01-13 19:32:38.210987[INFO]TssSdkFramework::init_config use config path file: gsconf/serveronly/tss_sdk_conf_path.xml
2025-01-13 19:32:38.210987[INFO]TssSdkFramework::init_config use config file: ./gsconf/serveronly/tss_sdk_conf.xml
[INFO]TssSdkFramework::init_log log level: 2
2025-01-13 19:32:38.224548[INFO]tss_sdk_get_comm_interf_ex succ
2025-01-13 19:40:20.425853[INFO]CHECK_POINT_1 tss_sdk_get_comm_interf init_info 101:gsconf/serveronly
2025-01-13 19:40:20.425853[INFO]tss_sdk_get_comm_interf_ex init_info 101:gsconf/serveronly
2025-01-13 19:40:20.425853[INFO]TssSdkFramework::init_config use config path file: gsconf/serveronly/tss_sdk_conf_path.xml
2025-01-13 19:40:20.425853[INFO]TssSdkFramework::init_config use config file: ./gsconf/serveronly/tss_sdk_conf.xml
[INFO]TssSdkFramework::init_log log level: 2
2025-01-13 19:40:20.436860[INFO]tss_sdk_get_comm_interf_ex succ
2025-01-13 19:40:33.765177[INFO]CHECK_POINT_1 tss_sdk_get_comm_interf init_info 1:gsconf/serveronly
2025-01-13 19:40:33.765177[INFO]tss_sdk_get_comm_interf_ex init_info 1:gsconf/serveronly
2025-01-13 19:40:33.765177[INFO]TssSdkFramework::init_config use config path file: gsconf/serveronly/tss_sdk_conf_path.xml
2025-01-13 19:40:33.765177[INFO]TssSdkFramework::init_config use config file: ./gsconf/serveronly/tss_sdk_conf.xml
[INFO]TssSdkFramework::init_log log level: 2
2025-01-13 19:40:33.777729[INFO]tss_sdk_get_comm_interf_ex succ
2025-01-13 19:42:15.807320[INFO]CHECK_POINT_1 tss_sdk_get_comm_interf init_info 101:gsconf/serveronly
2025-01-13 19:42:15.807320[INFO]tss_sdk_get_comm_interf_ex init_info 101:gsconf/serveronly
2025-01-13 19:42:15.807320[INFO]TssSdkFramework::init_config use config path file: gsconf/serveronly/tss_sdk_conf_path.xml
2025-01-13 19:42:15.807320[INFO]TssSdkFramework::init_config use config file: ./gsconf/serveronly/tss_sdk_conf.xml
[INFO]TssSdkFramework::init_log log level: 2
2025-01-13 19:42:15.817320[INFO]tss_sdk_get_comm_interf_ex succ
2025-01-13 19:42:29.366498[INFO]CHECK_POINT_1 tss_sdk_get_comm_interf init_info 1:gsconf/serveronly
2025-01-13 19:42:29.366498[INFO]tss_sdk_get_comm_interf_ex init_info 1:gsconf/serveronly
2025-01-13 19:42:29.366498[INFO]TssSdkFramework::init_config use config path file: gsconf/serveronly/tss_sdk_conf_path.xml
2025-01-13 19:42:29.366498[INFO]TssSdkFramework::init_config use config file: ./gsconf/serveronly/tss_sdk_conf.xml
[INFO]TssSdkFramework::init_log log level: 2
2025-01-13 19:42:29.380045[INFO]tss_sdk_get_comm_interf_ex succ
2025-01-13 19:46:49.945019[INFO]CHECK_POINT_1 tss_sdk_get_comm_interf init_info 101:gsconf/serveronly
2025-01-13 19:46:49.945019[INFO]tss_sdk_get_comm_interf_ex init_info 101:gsconf/serveronly
2025-01-13 19:46:49.945019[INFO]TssSdkFramework::init_config use config path file: gsconf/serveronly/tss_sdk_conf_path.xml
2025-01-13 19:46:49.945019[INFO]TssSdkFramework::init_config use config file: ./gsconf/serveronly/tss_sdk_conf.xml
[INFO]TssSdkFramework::init_log log level: 2
2025-01-13 19:46:49.956566[INFO]tss_sdk_get_comm_interf_ex succ
2025-01-13 19:47:03.769111[INFO]CHECK_POINT_1 tss_sdk_get_comm_interf init_info 1:gsconf/serveronly
2025-01-13 19:47:03.769111[INFO]tss_sdk_get_comm_interf_ex init_info 1:gsconf/serveronly
2025-01-13 19:47:03.769111[INFO]TssSdkFramework::init_config use config path file: gsconf/serveronly/tss_sdk_conf_path.xml
2025-01-13 19:47:03.769111[INFO]TssSdkFramework::init_config use config file: ./gsconf/serveronly/tss_sdk_conf.xml
[INFO]TssSdkFramework::init_log log level: 2
2025-01-13 19:47:03.782025[INFO]tss_sdk_get_comm_interf_ex succ
2025-01-13 19:49:04.150854[INFO]CHECK_POINT_1 tss_sdk_get_comm_interf init_info 101:gsconf/serveronly
2025-01-13 19:49:04.150854[INFO]tss_sdk_get_comm_interf_ex init_info 101:gsconf/serveronly
2025-01-13 19:49:04.150854[INFO]TssSdkFramework::init_config use config path file: gsconf/serveronly/tss_sdk_conf_path.xml
2025-01-13 19:49:04.150854[INFO]TssSdkFramework::init_config use config file: ./gsconf/serveronly/tss_sdk_conf.xml
[INFO]TssSdkFramework::init_log log level: 2
2025-01-13 19:49:04.160915[INFO]tss_sdk_get_comm_interf_ex succ
2025-01-13 19:49:17.519705[INFO]CHECK_POINT_1 tss_sdk_get_comm_interf init_info 1:gsconf/serveronly
2025-01-13 19:49:17.519705[INFO]tss_sdk_get_comm_interf_ex init_info 1:gsconf/serveronly
2025-01-13 19:49:17.519705[INFO]TssSdkFramework::init_config use config path file: gsconf/serveronly/tss_sdk_conf_path.xml
2025-01-13 19:49:17.520713[INFO]TssSdkFramework::init_config use config file: ./gsconf/serveronly/tss_sdk_conf.xml
[INFO]TssSdkFramework::init_log log level: 2
2025-01-13 19:49:17.532239[INFO]tss_sdk_get_comm_interf_ex succ
2025-01-13 19:50:56.986381[INFO]CHECK_POINT_1 tss_sdk_get_comm_interf init_info 101:gsconf/serveronly
2025-01-13 19:50:56.986381[INFO]tss_sdk_get_comm_interf_ex init_info 101:gsconf/serveronly
2025-01-13 19:50:56.986381[INFO]TssSdkFramework::init_config use config path file: gsconf/serveronly/tss_sdk_conf_path.xml
2025-01-13 19:50:56.986381[INFO]TssSdkFramework::init_config use config file: ./gsconf/serveronly/tss_sdk_conf.xml
[INFO]TssSdkFramework::init_log log level: 2
2025-01-13 19:50:57.000381[INFO]tss_sdk_get_comm_interf_ex succ
2025-01-13 19:51:11.320489[INFO]CHECK_POINT_1 tss_sdk_get_comm_interf init_info 1:gsconf/serveronly
2025-01-13 19:51:11.320489[INFO]tss_sdk_get_comm_interf_ex init_info 1:gsconf/serveronly
2025-01-13 19:51:11.320489[INFO]TssSdkFramework::init_config use config path file: gsconf/serveronly/tss_sdk_conf_path.xml
2025-01-13 19:51:11.320489[INFO]TssSdkFramework::init_config use config file: ./gsconf/serveronly/tss_sdk_conf.xml
[INFO]TssSdkFramework::init_log log level: 2
2025-01-13 19:51:11.337264[INFO]tss_sdk_get_comm_interf_ex succ
2025-01-13 19:55:48.798033[INFO]CHECK_POINT_1 tss_sdk_get_comm_interf init_info 101:gsconf/serveronly
2025-01-13 19:55:48.798033[INFO]tss_sdk_get_comm_interf_ex init_info 101:gsconf/serveronly
2025-01-13 19:55:48.798033[INFO]TssSdkFramework::init_config use config path file: gsconf/serveronly/tss_sdk_conf_path.xml
2025-01-13 19:55:48.798033[INFO]TssSdkFramework::init_config use config file: ./gsconf/serveronly/tss_sdk_conf.xml
[INFO]TssSdkFramework::init_log log level: 2
2025-01-13 19:55:48.807033[INFO]tss_sdk_get_comm_interf_ex succ
2025-01-13 19:56:02.219280[INFO]CHECK_POINT_1 tss_sdk_get_comm_interf init_info 1:gsconf/serveronly
2025-01-13 19:56:02.219280[INFO]tss_sdk_get_comm_interf_ex init_info 1:gsconf/serveronly
2025-01-13 19:56:02.219280[INFO]TssSdkFramework::init_config use config path file: gsconf/serveronly/tss_sdk_conf_path.xml
2025-01-13 19:56:02.219280[INFO]TssSdkFramework::init_config use config file: ./gsconf/serveronly/tss_sdk_conf.xml
[INFO]TssSdkFramework::init_log log level: 2
2025-01-13 19:56:02.232858[INFO]tss_sdk_get_comm_interf_ex succ
2025-01-13 19:57:40.488315[INFO]CHECK_POINT_1 tss_sdk_get_comm_interf init_info 101:gsconf/serveronly
2025-01-13 19:57:40.488315[INFO]tss_sdk_get_comm_interf_ex init_info 101:gsconf/serveronly
2025-01-13 19:57:40.488315[INFO]TssSdkFramework::init_config use config path file: gsconf/serveronly/tss_sdk_conf_path.xml
2025-01-13 19:57:40.488315[INFO]TssSdkFramework::init_config use config file: ./gsconf/serveronly/tss_sdk_conf.xml
[INFO]TssSdkFramework::init_log log level: 2
2025-01-13 19:57:40.498348[INFO]tss_sdk_get_comm_interf_ex succ
2025-01-13 19:57:53.805311[INFO]CHECK_POINT_1 tss_sdk_get_comm_interf init_info 1:gsconf/serveronly
2025-01-13 19:57:53.805311[INFO]tss_sdk_get_comm_interf_ex init_info 1:gsconf/serveronly
2025-01-13 19:57:53.805311[INFO]TssSdkFramework::init_config use config path file: gsconf/serveronly/tss_sdk_conf_path.xml
2025-01-13 19:57:53.805311[INFO]TssSdkFramework::init_config use config file: ./gsconf/serveronly/tss_sdk_conf.xml
[INFO]TssSdkFramework::init_log log level: 2
2025-01-13 19:57:53.818321[INFO]tss_sdk_get_comm_interf_ex succ
2025-01-13 19:59:58.499183[INFO]CHECK_POINT_1 tss_sdk_get_comm_interf init_info 101:gsconf/serveronly
2025-01-13 19:59:58.499183[INFO]tss_sdk_get_comm_interf_ex init_info 101:gsconf/serveronly
2025-01-13 19:59:58.499183[INFO]TssSdkFramework::init_config use config path file: gsconf/serveronly/tss_sdk_conf_path.xml
2025-01-13 19:59:58.499183[INFO]TssSdkFramework::init_config use config file: ./gsconf/serveronly/tss_sdk_conf.xml
[INFO]TssSdkFramework::init_log log level: 2
2025-01-13 19:59:58.508769[INFO]tss_sdk_get_comm_interf_ex succ
2025-01-13 20:00:12.064224[INFO]CHECK_POINT_1 tss_sdk_get_comm_interf init_info 1:gsconf/serveronly
2025-01-13 20:00:12.064224[INFO]tss_sdk_get_comm_interf_ex init_info 1:gsconf/serveronly
2025-01-13 20:00:12.065224[INFO]TssSdkFramework::init_config use config path file: gsconf/serveronly/tss_sdk_conf_path.xml
2025-01-13 20:00:12.065224[INFO]TssSdkFramework::init_config use config file: ./gsconf/serveronly/tss_sdk_conf.xml
[INFO]TssSdkFramework::init_log log level: 2
2025-01-13 20:00:12.076732[INFO]tss_sdk_get_comm_interf_ex succ
2025-01-13 20:04:55.084002[INFO]CHECK_POINT_1 tss_sdk_get_comm_interf init_info 101:gsconf/serveronly
2025-01-13 20:04:55.084002[INFO]tss_sdk_get_comm_interf_ex init_info 101:gsconf/serveronly
2025-01-13 20:04:55.084002[INFO]TssSdkFramework::init_config use config path file: gsconf/serveronly/tss_sdk_conf_path.xml
2025-01-13 20:04:55.084002[INFO]TssSdkFramework::init_config use config file: ./gsconf/serveronly/tss_sdk_conf.xml
[INFO]TssSdkFramework::init_log log level: 2
2025-01-13 20:04:55.094003[INFO]tss_sdk_get_comm_interf_ex succ
2025-01-13 20:05:08.769312[INFO]CHECK_POINT_1 tss_sdk_get_comm_interf init_info 1:gsconf/serveronly
2025-01-13 20:05:08.770319[INFO]tss_sdk_get_comm_interf_ex init_info 1:gsconf/serveronly
2025-01-13 20:05:08.770319[INFO]TssSdkFramework::init_config use config path file: gsconf/serveronly/tss_sdk_conf_path.xml
2025-01-13 20:05:08.770319[INFO]TssSdkFramework::init_config use config file: ./gsconf/serveronly/tss_sdk_conf.xml
[INFO]TssSdkFramework::init_log log level: 2
2025-01-13 20:05:08.785704[INFO]tss_sdk_get_comm_interf_ex succ
2025-01-13 20:22:53.266729[INFO]CHECK_POINT_1 tss_sdk_get_comm_interf init_info 101:gsconf/serveronly
2025-01-13 20:22:53.266729[INFO]tss_sdk_get_comm_interf_ex init_info 101:gsconf/serveronly
2025-01-13 20:22:53.267737[INFO]TssSdkFramework::init_config use config path file: gsconf/serveronly/tss_sdk_conf_path.xml
2025-01-13 20:22:53.267737[INFO]TssSdkFramework::init_config use config file: ./gsconf/serveronly/tss_sdk_conf.xml
[INFO]TssSdkFramework::init_log log level: 2
2025-01-13 20:22:53.278283[INFO]tss_sdk_get_comm_interf_ex succ
2025-01-13 20:23:06.176926[INFO]CHECK_POINT_1 tss_sdk_get_comm_interf init_info 1:gsconf/serveronly
2025-01-13 20:23:06.176926[INFO]tss_sdk_get_comm_interf_ex init_info 1:gsconf/serveronly
2025-01-13 20:23:06.176926[INFO]TssSdkFramework::init_config use config path file: gsconf/serveronly/tss_sdk_conf_path.xml
2025-01-13 20:23:06.176926[INFO]TssSdkFramework::init_config use config file: ./gsconf/serveronly/tss_sdk_conf.xml
[INFO]TssSdkFramework::init_log log level: 2
2025-01-13 20:23:06.191500[INFO]tss_sdk_get_comm_interf_ex succ
2025-01-13 20:32:29.632663[INFO]CHECK_POINT_1 tss_sdk_get_comm_interf init_info 101:gsconf/serveronly
2025-01-13 20:32:29.632663[INFO]tss_sdk_get_comm_interf_ex init_info 101:gsconf/serveronly
2025-01-13 20:32:29.632663[INFO]TssSdkFramework::init_config use config path file: gsconf/serveronly/tss_sdk_conf_path.xml
2025-01-13 20:32:29.632663[INFO]TssSdkFramework::init_config use config file: ./gsconf/serveronly/tss_sdk_conf.xml
[INFO]TssSdkFramework::init_log log level: 2
2025-01-13 20:32:29.644046[INFO]tss_sdk_get_comm_interf_ex succ
2025-01-13 20:32:42.862908[INFO]CHECK_POINT_1 tss_sdk_get_comm_interf init_info 1:gsconf/serveronly
2025-01-13 20:32:42.862908[INFO]tss_sdk_get_comm_interf_ex init_info 1:gsconf/serveronly
2025-01-13 20:32:42.862908[INFO]TssSdkFramework::init_config use config path file: gsconf/serveronly/tss_sdk_conf_path.xml
2025-01-13 20:32:42.862908[INFO]TssSdkFramework::init_config use config file: ./gsconf/serveronly/tss_sdk_conf.xml
[INFO]TssSdkFramework::init_log log level: 2
2025-01-13 20:32:42.875494[INFO]tss_sdk_get_comm_interf_ex succ
2025-01-13 20:33:50.304491[INFO]CHECK_POINT_1 tss_sdk_get_comm_interf init_info 101:gsconf/serveronly
2025-01-13 20:33:50.304491[INFO]tss_sdk_get_comm_interf_ex init_info 101:gsconf/serveronly
2025-01-13 20:33:50.304491[INFO]TssSdkFramework::init_config use config path file: gsconf/serveronly/tss_sdk_conf_path.xml
2025-01-13 20:33:50.304491[INFO]TssSdkFramework::init_config use config file: ./gsconf/serveronly/tss_sdk_conf.xml
[INFO]TssSdkFramework::init_log log level: 2
2025-01-13 20:33:50.313495[INFO]tss_sdk_get_comm_interf_ex succ
2025-01-13 20:34:04.055003[INFO]CHECK_POINT_1 tss_sdk_get_comm_interf init_info 1:gsconf/serveronly
2025-01-13 20:34:04.055003[INFO]tss_sdk_get_comm_interf_ex init_info 1:gsconf/serveronly
2025-01-13 20:34:04.055003[INFO]TssSdkFramework::init_config use config path file: gsconf/serveronly/tss_sdk_conf_path.xml
2025-01-13 20:34:04.055003[INFO]TssSdkFramework::init_config use config file: ./gsconf/serveronly/tss_sdk_conf.xml
[INFO]TssSdkFramework::init_log log level: 2
2025-01-13 20:34:04.067037[INFO]tss_sdk_get_comm_interf_ex succ
2025-01-13 20:36:52.973569[INFO]CHECK_POINT_1 tss_sdk_get_comm_interf init_info 101:gsconf/serveronly
2025-01-13 20:36:52.973569[INFO]tss_sdk_get_comm_interf_ex init_info 101:gsconf/serveronly
2025-01-13 20:36:52.973569[INFO]TssSdkFramework::init_config use config path file: gsconf/serveronly/tss_sdk_conf_path.xml
2025-01-13 20:36:52.973569[INFO]TssSdkFramework::init_config use config file: ./gsconf/serveronly/tss_sdk_conf.xml
[INFO]TssSdkFramework::init_log log level: 2
2025-01-13 20:36:52.983576[INFO]tss_sdk_get_comm_interf_ex succ
2025-01-13 20:37:07.706571[INFO]CHECK_POINT_1 tss_sdk_get_comm_interf init_info 1:gsconf/serveronly
2025-01-13 20:37:07.707571[INFO]tss_sdk_get_comm_interf_ex init_info 1:gsconf/serveronly
2025-01-13 20:37:07.707571[INFO]TssSdkFramework::init_config use config path file: gsconf/serveronly/tss_sdk_conf_path.xml
2025-01-13 20:37:07.707571[INFO]TssSdkFramework::init_config use config file: ./gsconf/serveronly/tss_sdk_conf.xml
[INFO]TssSdkFramework::init_log log level: 2
2025-01-13 20:37:07.720085[INFO]tss_sdk_get_comm_interf_ex succ
2025-01-13 20:38:15.677733[INFO]CHECK_POINT_1 tss_sdk_get_comm_interf init_info 101:gsconf/serveronly
2025-01-13 20:38:15.677733[INFO]tss_sdk_get_comm_interf_ex init_info 101:gsconf/serveronly
2025-01-13 20:38:15.677733[INFO]TssSdkFramework::init_config use config path file: gsconf/serveronly/tss_sdk_conf_path.xml
2025-01-13 20:38:15.677733[INFO]TssSdkFramework::init_config use config file: ./gsconf/serveronly/tss_sdk_conf.xml
[INFO]TssSdkFramework::init_log log level: 2
2025-01-13 20:38:15.689643[INFO]tss_sdk_get_comm_interf_ex succ
2025-01-13 20:38:28.951280[INFO]CHECK_POINT_1 tss_sdk_get_comm_interf init_info 1:gsconf/serveronly
2025-01-13 20:38:28.951280[INFO]tss_sdk_get_comm_interf_ex init_info 1:gsconf/serveronly
2025-01-13 20:38:28.951280[INFO]TssSdkFramework::init_config use config path file: gsconf/serveronly/tss_sdk_conf_path.xml
2025-01-13 20:38:28.951280[INFO]TssSdkFramework::init_config use config file: ./gsconf/serveronly/tss_sdk_conf.xml
[INFO]TssSdkFramework::init_log log level: 2
2025-01-13 20:38:28.963804[INFO]tss_sdk_get_comm_interf_ex succ
2025-01-13 20:39:21.699303[INFO]CHECK_POINT_1 tss_sdk_get_comm_interf init_info 101:gsconf/serveronly
2025-01-13 20:39:21.699303[INFO]tss_sdk_get_comm_interf_ex init_info 101:gsconf/serveronly
2025-01-13 20:39:21.699303[INFO]TssSdkFramework::init_config use config path file: gsconf/serveronly/tss_sdk_conf_path.xml
2025-01-13 20:39:21.699303[INFO]TssSdkFramework::init_config use config file: ./gsconf/serveronly/tss_sdk_conf.xml
[INFO]TssSdkFramework::init_log log level: 2
2025-01-13 20:39:21.710232[INFO]tss_sdk_get_comm_interf_ex succ
2025-01-13 20:39:35.079293[INFO]CHECK_POINT_1 tss_sdk_get_comm_interf init_info 1:gsconf/serveronly
2025-01-13 20:39:35.079293[INFO]tss_sdk_get_comm_interf_ex init_info 1:gsconf/serveronly
2025-01-13 20:39:35.079293[INFO]TssSdkFramework::init_config use config path file: gsconf/serveronly/tss_sdk_conf_path.xml
2025-01-13 20:39:35.079293[INFO]TssSdkFramework::init_config use config file: ./gsconf/serveronly/tss_sdk_conf.xml
[INFO]TssSdkFramework::init_log log level: 2
2025-01-13 20:39:35.092314[INFO]tss_sdk_get_comm_interf_ex succ
2025-01-13 20:40:43.761243[INFO]CHECK_POINT_1 tss_sdk_get_comm_interf init_info 101:gsconf/serveronly
2025-01-13 20:40:43.761243[INFO]tss_sdk_get_comm_interf_ex init_info 101:gsconf/serveronly
2025-01-13 20:40:43.761243[INFO]TssSdkFramework::init_config use config path file: gsconf/serveronly/tss_sdk_conf_path.xml
2025-01-13 20:40:43.761243[INFO]TssSdkFramework::init_config use config file: ./gsconf/serveronly/tss_sdk_conf.xml
[INFO]TssSdkFramework::init_log log level: 2
2025-01-13 20:40:43.770279[INFO]tss_sdk_get_comm_interf_ex succ
2025-01-13 20:40:57.053147[INFO]CHECK_POINT_1 tss_sdk_get_comm_interf init_info 1:gsconf/serveronly
2025-01-13 20:40:57.053147[INFO]tss_sdk_get_comm_interf_ex init_info 1:gsconf/serveronly
2025-01-13 20:40:57.053147[INFO]TssSdkFramework::init_config use config path file: gsconf/serveronly/tss_sdk_conf_path.xml
2025-01-13 20:40:57.053147[INFO]TssSdkFramework::init_config use config file: ./gsconf/serveronly/tss_sdk_conf.xml
[INFO]TssSdkFramework::init_log log level: 2
2025-01-13 20:40:57.067474[INFO]tss_sdk_get_comm_interf_ex succ
2025-01-13 20:45:07.374417[INFO]CHECK_POINT_1 tss_sdk_get_comm_interf init_info 101:gsconf/serveronly
2025-01-13 20:45:07.374417[INFO]tss_sdk_get_comm_interf_ex init_info 101:gsconf/serveronly
2025-01-13 20:45:07.374417[INFO]TssSdkFramework::init_config use config path file: gsconf/serveronly/tss_sdk_conf_path.xml
2025-01-13 20:45:07.374417[INFO]TssSdkFramework::init_config use config file: ./gsconf/serveronly/tss_sdk_conf.xml
[INFO]TssSdkFramework::init_log log level: 2
2025-01-13 20:45:07.385924[INFO]tss_sdk_get_comm_interf_ex succ
2025-01-13 20:45:20.635351[INFO]CHECK_POINT_1 tss_sdk_get_comm_interf init_info 1:gsconf/serveronly
2025-01-13 20:45:20.635351[INFO]tss_sdk_get_comm_interf_ex init_info 1:gsconf/serveronly
2025-01-13 20:45:20.635351[INFO]TssSdkFramework::init_config use config path file: gsconf/serveronly/tss_sdk_conf_path.xml
2025-01-13 20:45:20.635351[INFO]TssSdkFramework::init_config use config file: ./gsconf/serveronly/tss_sdk_conf.xml
[INFO]TssSdkFramework::init_log log level: 2
2025-01-13 20:45:20.649456[INFO]tss_sdk_get_comm_interf_ex succ
2025-01-13 22:20:39.314259[INFO]CHECK_POINT_1 tss_sdk_get_comm_interf init_info 101:gsconf/serveronly
2025-01-13 22:20:39.314259[INFO]tss_sdk_get_comm_interf_ex init_info 101:gsconf/serveronly
2025-01-13 22:20:39.314259[INFO]TssSdkFramework::init_config use config path file: gsconf/serveronly/tss_sdk_conf_path.xml
2025-01-13 22:20:39.314259[INFO]TssSdkFramework::init_config use config file: ./gsconf/serveronly/tss_sdk_conf.xml
[INFO]TssSdkFramework::init_log log level: 2
2025-01-13 22:20:39.327338[INFO]tss_sdk_get_comm_interf_ex succ
2025-01-13 22:20:52.732933[INFO]CHECK_POINT_1 tss_sdk_get_comm_interf init_info 1:gsconf/serveronly
2025-01-13 22:20:52.733938[INFO]tss_sdk_get_comm_interf_ex init_info 1:gsconf/serveronly
2025-01-13 22:20:52.733938[INFO]TssSdkFramework::init_config use config path file: gsconf/serveronly/tss_sdk_conf_path.xml
2025-01-13 22:20:52.733938[INFO]TssSdkFramework::init_config use config file: ./gsconf/serveronly/tss_sdk_conf.xml
[INFO]TssSdkFramework::init_log log level: 2
2025-01-13 22:20:52.747520[INFO]tss_sdk_get_comm_interf_ex succ
2025-01-13 23:01:41.855405[INFO]CHECK_POINT_1 tss_sdk_get_comm_interf init_info 101:gsconf/serveronly
2025-01-13 23:01:41.855405[INFO]tss_sdk_get_comm_interf_ex init_info 101:gsconf/serveronly
2025-01-13 23:01:41.855405[INFO]TssSdkFramework::init_config use config path file: gsconf/serveronly/tss_sdk_conf_path.xml
2025-01-13 23:01:41.855405[INFO]TssSdkFramework::init_config use config file: ./gsconf/serveronly/tss_sdk_conf.xml
[INFO]TssSdkFramework::init_log log level: 2
2025-01-13 23:01:41.889966[INFO]tss_sdk_get_comm_interf_ex succ
2025-01-13 23:01:55.338976[INFO]CHECK_POINT_1 tss_sdk_get_comm_interf init_info 1:gsconf/serveronly
2025-01-13 23:01:55.338976[INFO]tss_sdk_get_comm_interf_ex init_info 1:gsconf/serveronly
2025-01-13 23:01:55.338976[INFO]TssSdkFramework::init_config use config path file: gsconf/serveronly/tss_sdk_conf_path.xml
2025-01-13 23:01:55.338976[INFO]TssSdkFramework::init_config use config file: ./gsconf/serveronly/tss_sdk_conf.xml
[INFO]TssSdkFramework::init_log log level: 2
2025-01-13 23:01:55.351499[INFO]tss_sdk_get_comm_interf_ex succ
2025-01-14 01:54:09.016793[INFO]CHECK_POINT_1 tss_sdk_get_comm_interf init_info 101:gsconf/serveronly
2025-01-14 01:54:09.017798[INFO]tss_sdk_get_comm_interf_ex init_info 101:gsconf/serveronly
2025-01-14 01:54:09.017798[INFO]TssSdkFramework::init_config use config path file: gsconf/serveronly/tss_sdk_conf_path.xml
2025-01-14 01:54:09.017798[INFO]TssSdkFramework::init_config use config file: ./gsconf/serveronly/tss_sdk_conf.xml
[INFO]TssSdkFramework::init_log log level: 2
2025-01-14 01:54:09.027793[INFO]tss_sdk_get_comm_interf_ex succ
2025-01-14 01:54:20.112480[INFO]CHECK_POINT_1 tss_sdk_get_comm_interf init_info 1:gsconf/serveronly
2025-01-14 01:54:20.112480[INFO]tss_sdk_get_comm_interf_ex init_info 1:gsconf/serveronly
2025-01-14 01:54:20.112480[INFO]TssSdkFramework::init_config use config path file: gsconf/serveronly/tss_sdk_conf_path.xml
2025-01-14 01:54:20.112480[INFO]TssSdkFramework::init_config use config file: ./gsconf/serveronly/tss_sdk_conf.xml
[INFO]TssSdkFramework::init_log log level: 2
2025-01-14 01:54:20.121484[INFO]tss_sdk_get_comm_interf_ex succ
